#
# There is insufficient memory for the Java Runtime Environment to continue.
# Native memory allocation (mmap) failed to map 114819072 bytes for committing reserved memory.
# Possible reasons:
#   The system is out of physical RAM or swap space
#   In 32 bit mode, the process size limit was hit
# Possible solutions:
#   Reduce memory load on the system
#   Increase physical memory or swap space
#   Check if swap backing store is full
#   Use 64 bit Java on a 64 bit OS
#   Decrease Java heap size (-Xmx/-Xms)
#   Decrease number of Java threads
#   Decrease Java thread stack sizes (-Xss)
#   Set larger code cache with -XX:ReservedCodeCacheSize=
# This output file may be truncated or incomplete.
#
#  Out of Memory Error (os_linux.cpp:2640), pid=15587, tid=0x00007f5bd08f8700
#
# JRE version: OpenJDK Runtime Environment (8.0_152-b01) (build 1.8.0_152-release-915-b01)
# Java VM: OpenJDK 64-Bit Server VM (25.152-b01 mixed mode linux-amd64 compressed oops)
# Failed to write core dump. Core dumps have been disabled. To enable core dumping, try "ulimit -c unlimited" before starting Java again
#

---------------  T H R E A D  ---------------

Current thread (0x00007f5bf0078800):  VMThread [stack: 0x00007f5bd07f8000,0x00007f5bd08f9000] [id=15596]

Stack: [0x00007f5bd07f8000,0x00007f5bd08f9000],  sp=0x00007f5bd08f7450,  free space=1021k
Native frames: (J=compiled Java code, j=interpreted, Vv=VM code, C=native code)
V  [libjvm.so+0x9eb15d]  VMError::report_and_die()+0x15d
V  [libjvm.so+0x4b8eaa]  report_vm_out_of_memory(char const*, int, unsigned long, VMErrorType, char const*)+0x8a
V  [libjvm.so+0x851370]  os::pd_commit_memory(char*, unsigned long, unsigned long, bool)+0xf0
V  [libjvm.so+0x84be8f]  os::commit_memory(char*, unsigned long, unsigned long, bool)+0x1f
V  [libjvm.so+0x8c261b]  PSVirtualSpace::expand_by(unsigned long)+0x5b
V  [libjvm.so+0x8c3290]  PSYoungGen::resize_generation(unsigned long, unsigned long)+0xb0
V  [libjvm.so+0x8c35ab]  PSYoungGen::resize(unsigned long, unsigned long)+0x1b
V  [libjvm.so+0x8bfc9c]  PSScavenge::invoke_no_policy()+0xdac
V  [libjvm.so+0x8b97a0]  PSParallelCompact::invoke(bool)+0x40
V  [libjvm.so+0x448a93]  CollectedHeap::collect_as_vm_thread(GCCause::Cause)+0x143
V  [libjvm.so+0x9ec5a1]  VM_CollectForMetadataAllocation::doit()+0x141
V  [libjvm.so+0x9f1197]  VM_Operation::evaluate()+0x47
V  [libjvm.so+0x9efb78]  VMThread::evaluate_operation(VM_Operation*)+0x2c8
V  [libjvm.so+0x9efff9]  VMThread::loop()+0x219
V  [libjvm.so+0x9f0442]  VMThread::run()+0x72
V  [libjvm.so+0x84e792]  java_start(Thread*)+0xf2

VM_Operation (0x00007f5b5b0f6670): CollectForMetadataAllocation, mode: safepoint, requested by thread 0x00007f5b857e8000


---------------  P R O C E S S  ---------------

Java Threads: ( => current thread )
  0x00007f5b6400f800 JavaThread "Cache worker for Java compile cache (/home/timo/AndroidStudioProjects/FLUETrainer/.gradle/4.1/javaCompile)" [_thread_blocked, id=15669, stack(0x00007f5b5acfb000,0x00007f5b5adfc000)]
  0x00007f5b78006000 JavaThread "process reaper" daemon [_thread_blocked, id=15642, stack(0x00007f5b5a9bf000,0x00007f5b5a9f8000)]
  0x00007f5b6c002000 JavaThread "process reaper" daemon [_thread_blocked, id=15641, stack(0x00007f5ba4024000,0x00007f5ba405d000)]
  0x00007f5b7000f000 JavaThread "process reaper" daemon [_thread_blocked, id=15640, stack(0x00007f5ba405d000,0x00007f5ba4096000)]
  0x00007f5b74004000 JavaThread "process reaper" daemon [_thread_blocked, id=15639, stack(0x00007f5ba4096000,0x00007f5ba40cf000)]
  0x00007f5b857e8000 JavaThread "Task worker for ':' Thread 3" [_thread_blocked, id=15630, stack(0x00007f5b5affc000,0x00007f5b5b0fd000)]
  0x00007f5b857e6800 JavaThread "Task worker for ':' Thread 2" [_thread_blocked, id=15629, stack(0x00007f5b5b0fd000,0x00007f5b5b1fe000)]
  0x00007f5b857e5000 JavaThread "Task worker for ':'" [_thread_blocked, id=15628, stack(0x00007f5b5b1fe000,0x00007f5b5b2ff000)]
  0x00007f5b85782000 JavaThread "Cache worker for task history cache (/home/timo/AndroidStudioProjects/FLUETrainer/.gradle/4.1/taskHistory)" [_thread_blocked, id=15627, stack(0x00007f5b5b2ff000,0x00007f5b5b400000)]
  0x00007f5b8574e000 JavaThread "Cache worker for file content cache (/home/timo/AndroidStudioProjects/FLUETrainer/.gradle/4.1/fileContent)" [_thread_blocked, id=15626, stack(0x00007f5ba40cf000,0x00007f5ba41d0000)]
  0x00007f5b84dd7800 JavaThread "Memory manager" [_thread_blocked, id=15625, stack(0x00007f5ba43e5000,0x00007f5ba44e6000)]
  0x00007f5b841db000 JavaThread "build operations Thread 4" [_thread_blocked, id=15623, stack(0x00007f5ba4ba1000,0x00007f5ba4ca2000)]
  0x00007f5b841d9000 JavaThread "build operations Thread 3" [_thread_blocked, id=15622, stack(0x00007f5ba4ca2000,0x00007f5ba4da3000)]
  0x00007f5b841d8000 JavaThread "build operations Thread 2" [_thread_blocked, id=15621, stack(0x00007f5ba4da3000,0x00007f5ba4ea4000)]
  0x00007f5b841d7800 JavaThread "build operations" [_thread_blocked, id=15620, stack(0x00007f5ba4ea4000,0x00007f5ba4fa5000)]
  0x00007f5b84c56800 JavaThread "Cache worker for Artifact transforms cache (/home/timo/.gradle/caches/transforms-1)" [_thread_blocked, id=15619, stack(0x00007f5ba53a5000,0x00007f5ba54a6000)]
  0x00007f5b84223000 JavaThread "Cache worker for file hash cache (/home/timo/AndroidStudioProjects/FLUETrainer/.gradle/4.1/fileHashes)" [_thread_blocked, id=15618, stack(0x00007f5ba6227000,0x00007f5ba6328000)]
  0x00007f5b84120800 JavaThread "File lock request listener" [_thread_in_native, id=15617, stack(0x00007f5ba6528000,0x00007f5ba6629000)]
  0x00007f5b84118000 JavaThread "Cache worker for file hash cache (/home/timo/.gradle/caches/4.1/fileHashes)" [_thread_blocked, id=15616, stack(0x00007f5ba6629000,0x00007f5ba672a000)]
  0x00007f5b84010000 JavaThread "Stdin handler" [_thread_blocked, id=15615, stack(0x00007f5ba672a000,0x00007f5ba682b000)]
  0x00007f5b84013800 JavaThread "Asynchronous log dispatcher for DefaultDaemonConnection: socket connection from /127.0.0.1:42983 to /127.0.0.1:34172" [_thread_blocked, id=15614, stack(0x00007f5ba682b000,0x00007f5ba692c000)]
  0x00007f5b9800c000 JavaThread "Daemon worker" [_thread_blocked, id=15611, stack(0x00007f5ba6b2c000,0x00007f5ba6c2d000)]
  0x00007f5b9800a800 JavaThread "Cancel handler" [_thread_blocked, id=15610, stack(0x00007f5ba6c2d000,0x00007f5ba6d2e000)]
  0x00007f5b98003800 JavaThread "Handler for socket connection from /127.0.0.1:42983 to /127.0.0.1:34172" [_thread_in_native, id=15609, stack(0x00007f5ba6d2e000,0x00007f5ba6e2f000)]
  0x00007f5b9c043000 JavaThread "Daemon" [_thread_blocked, id=15608, stack(0x00007f5ba6e2f000,0x00007f5ba6f30000)]
  0x00007f5bf0cdc000 JavaThread "Daemon periodic checks" [_thread_blocked, id=15607, stack(0x00007f5ba6f30000,0x00007f5ba7031000)]
  0x00007f5bf0cb7800 JavaThread "Incoming local TCP Connector on port 42983" [_thread_in_native, id=15606, stack(0x00007f5ba7038000,0x00007f5ba7139000)]
  0x00007f5bf00c1000 JavaThread "Service Thread" daemon [_thread_blocked, id=15603, stack(0x00007f5bd00f1000,0x00007f5bd01f2000)]
  0x00007f5bf00be000 JavaThread "C1 CompilerThread2" daemon [_thread_blocked, id=15602, stack(0x00007f5bd01f2000,0x00007f5bd02f3000)]
  0x00007f5bf00bc000 JavaThread "C2 CompilerThread1" daemon [_thread_blocked, id=15601, stack(0x00007f5bd02f3000,0x00007f5bd03f4000)]
  0x00007f5bf00b9000 JavaThread "C2 CompilerThread0" daemon [_thread_blocked, id=15600, stack(0x00007f5bd03f4000,0x00007f5bd04f5000)]
  0x00007f5bf00b5000 JavaThread "Signal Dispatcher" daemon [_thread_blocked, id=15599, stack(0x00007f5bd04f5000,0x00007f5bd05f6000)]
  0x00007f5bf0085000 JavaThread "Finalizer" daemon [_thread_blocked, id=15598, stack(0x00007f5bd05f6000,0x00007f5bd06f7000)]
  0x00007f5bf0080800 JavaThread "Reference Handler" daemon [_thread_blocked, id=15597, stack(0x00007f5bd06f7000,0x00007f5bd07f8000)]
  0x00007f5bf000b000 JavaThread "main" [_thread_blocked, id=15591, stack(0x00007f5bf81fc000,0x00007f5bf82fd000)]

Other Threads:
=>0x00007f5bf0078800 VMThread [stack: 0x00007f5bd07f8000,0x00007f5bd08f9000] [id=15596]
  0x00007f5bf00c3800 WatcherThread [stack: 0x00007f5bc3535000,0x00007f5bc3636000] [id=15604]

VM state:at safepoint (normal execution)

VM Mutex/Monitor currently owned by a thread:  ([mutex/lock_event])
[0x00007f5bf0007ba0] Threads_lock - owner thread: 0x00007f5bf0078800
[0x00007f5bf00080a0] Heap_lock - owner thread: 0x00007f5b857e8000

Heap:
 PSYoungGen      total 270848K, used 8908K [0x00000000e0000000, 0x00000000f1780000, 0x0000000100000000)
  eden space 255488K, 0% used [0x00000000e0000000,0x00000000e0000000,0x00000000ef980000)
  from space 15360K, 58% used [0x00000000ef980000,0x00000000f0233368,0x00000000f0880000)
  to   space 12800K, 0% used [0x00000000f0b00000,0x00000000f0b00000,0x00000000f1780000)
 ParOldGen       total 38912K, used 32917K [0x00000000a0000000, 0x00000000a2600000, 0x00000000e0000000)
  object space 38912K, 84% used [0x00000000a0000000,0x00000000a2025538,0x00000000a2600000)
 Metaspace       used 56992K, capacity 58890K, committed 59028K, reserved 1099776K
  class space    used 7680K, capacity 8156K, committed 8192K, reserved 1048576K

Card table byte_map: [0x00007f5bf4d1b000,0x00007f5bf501c000] byte_map_base: 0x00007f5bf481b000

Marking Bits: (ParMarkBitMap*) 0x00007f5bf76ad3e0
 Begin Bits: [0x00007f5bd1000000, 0x00007f5bd2800000)
 End Bits:   [0x00007f5bd2800000, 0x00007f5bd4000000)

Polling page: 0x00007f5bf8319000

CodeCache: size=245760Kb used=22309Kb max_used=22963Kb free=223450Kb
 bounds [0x00007f5be1000000, 0x00007f5be26a0000, 0x00007f5bf0000000]
 total_blobs=7623 nmethods=6863 adapters=674
 compilation: enabled

Compilation events (10 events):
Event: 28,459 Thread 0x00007f5bf00be000 7932       3       com.sun.tools.javac.util.Convert::chars2utf (159 bytes)
Event: 28,459 Thread 0x00007f5bf00be000 nmethod 7932 0x00007f5be1e8fed0 code [0x00007f5be1e90060, 0x00007f5be1e90450]
Event: 28,459 Thread 0x00007f5bf00be000 7935       3       com.sun.tools.javac.util.UnsharedNameTable::fromUtf (232 bytes)
Event: 28,461 Thread 0x00007f5bf00be000 nmethod 7935 0x00007f5be14d1e90 code [0x00007f5be14d2140, 0x00007f5be14d3418]
Event: 28,462 Thread 0x00007f5bf00be000 7936       3       com.sun.tools.javac.util.List::nil (4 bytes)
Event: 28,462 Thread 0x00007f5bf00be000 nmethod 7936 0x00007f5be1bc5850 code [0x00007f5be1bc59a0, 0x00007f5be1bc5ad0]
Event: 28,462 Thread 0x00007f5bf00be000 7937       3       com.sun.tools.javac.code.AnnoConstruct::<init> (5 bytes)
Event: 28,462 Thread 0x00007f5bf00be000 nmethod 7937 0x00007f5be1e52b90 code [0x00007f5be1e52d00, 0x00007f5be1e52eb0]
Event: 28,462 Thread 0x00007f5bf00be000 7934       1       com.sun.tools.javac.code.Symbol$PackageSymbol::getQualifiedName (5 bytes)
Event: 28,462 Thread 0x00007f5bf00be000 nmethod 7934 0x00007f5be1e528d0 code [0x00007f5be1e52a20, 0x00007f5be1e52b30]

GC Heap History (10 events):
Event: 13,782 GC heap after
Heap after GC invocations=10 (full 1):
 PSYoungGen      total 126464K, used 9185K [0x00000000e0000000, 0x00000000ebf00000, 0x0000000100000000)
  eden space 117248K, 0% used [0x00000000e0000000,0x00000000e0000000,0x00000000e7280000)
  from space 9216K, 99% used [0x00000000e7280000,0x00000000e7b78690,0x00000000e7b80000)
  to   space 10752K, 0% used [0x00000000eb480000,0x00000000eb480000,0x00000000ebf00000)
 ParOldGen       total 27136K, used 7462K [0x00000000a0000000, 0x00000000a1a80000, 0x00000000e0000000)
  object space 27136K, 27% used [0x00000000a0000000,0x00000000a0749908,0x00000000a1a80000)
 Metaspace       used 31379K, capacity 32076K, committed 32512K, reserved 1077248K
  class space    used 4275K, capacity 4503K, committed 4608K, reserved 1048576K
}
Event: 14,733 GC heap before
{Heap before GC invocations=11 (full 1):
 PSYoungGen      total 126464K, used 23451K [0x00000000e0000000, 0x00000000ebf00000, 0x0000000100000000)
  eden space 117248K, 12% used [0x00000000e0000000,0x00000000e0dee690,0x00000000e7280000)
  from space 9216K, 99% used [0x00000000e7280000,0x00000000e7b78690,0x00000000e7b80000)
  to   space 10752K, 0% used [0x00000000eb480000,0x00000000eb480000,0x00000000ebf00000)
 ParOldGen       total 27136K, used 7462K [0x00000000a0000000, 0x00000000a1a80000, 0x00000000e0000000)
  object space 27136K, 27% used [0x00000000a0000000,0x00000000a0749908,0x00000000a1a80000)
 Metaspace       used 34450K, capacity 35204K, committed 35416K, reserved 1079296K
  class space    used 4677K, capacity 4934K, committed 4992K, reserved 1048576K
Event: 14,749 GC heap after
Heap after GC invocations=11 (full 1):
 PSYoungGen      total 185344K, used 4995K [0x00000000e0000000, 0x00000000ec100000, 0x0000000100000000)
  eden space 174592K, 0% used [0x00000000e0000000,0x00000000e0000000,0x00000000eaa80000)
  from space 10752K, 46% used [0x00000000eb480000,0x00000000eb960fb8,0x00000000ebf00000)
  to   space 10240K, 0% used [0x00000000eaa80000,0x00000000eaa80000,0x00000000eb480000)
 ParOldGen       total 27136K, used 11090K [0x00000000a0000000, 0x00000000a1a80000, 0x00000000e0000000)
  object space 27136K, 40% used [0x00000000a0000000,0x00000000a0ad4968,0x00000000a1a80000)
 Metaspace       used 34450K, capacity 35204K, committed 35416K, reserved 1079296K
  class space    used 4677K, capacity 4934K, committed 4992K, reserved 1048576K
}
Event: 14,749 GC heap before
{Heap before GC invocations=12 (full 2):
 PSYoungGen      total 185344K, used 4995K [0x00000000e0000000, 0x00000000ec100000, 0x0000000100000000)
  eden space 174592K, 0% used [0x00000000e0000000,0x00000000e0000000,0x00000000eaa80000)
  from space 10752K, 46% used [0x00000000eb480000,0x00000000eb960fb8,0x00000000ebf00000)
  to   space 10240K, 0% used [0x00000000eaa80000,0x00000000eaa80000,0x00000000eb480000)
 ParOldGen       total 27136K, used 11090K [0x00000000a0000000, 0x00000000a1a80000, 0x00000000e0000000)
  object space 27136K, 40% used [0x00000000a0000000,0x00000000a0ad4968,0x00000000a1a80000)
 Metaspace       used 34450K, capacity 35204K, committed 35416K, reserved 1079296K
  class space    used 4677K, capacity 4934K, committed 4992K, reserved 1048576K
Event: 14,868 GC heap after
Heap after GC invocations=12 (full 2):
 PSYoungGen      total 185344K, used 0K [0x00000000e0000000, 0x00000000ec100000, 0x0000000100000000)
  eden space 174592K, 0% used [0x00000000e0000000,0x00000000e0000000,0x00000000eaa80000)
  from space 10752K, 0% used [0x00000000eb480000,0x00000000eb480000,0x00000000ebf00000)
  to   space 10240K, 0% used [0x00000000eaa80000,0x00000000eaa80000,0x00000000eb480000)
 ParOldGen       total 38912K, used 14535K [0x00000000a0000000, 0x00000000a2600000, 0x00000000e0000000)
  object space 38912K, 37% used [0x00000000a0000000,0x00000000a0e31de8,0x00000000a2600000)
 Metaspace       used 34450K, capacity 35204K, committed 35416K, reserved 1079296K
  class space    used 4677K, capacity 4934K, committed 4992K, reserved 1048576K
}
Event: 20,063 GC heap before
{Heap before GC invocations=13 (full 2):
 PSYoungGen      total 185344K, used 174592K [0x00000000e0000000, 0x00000000ec100000, 0x0000000100000000)
  eden space 174592K, 100% used [0x00000000e0000000,0x00000000eaa80000,0x00000000eaa80000)
  from space 10752K, 0% used [0x00000000eb480000,0x00000000eb480000,0x00000000ebf00000)
  to   space 10240K, 0% used [0x00000000eaa80000,0x00000000eaa80000,0x00000000eb480000)
 ParOldGen       total 38912K, used 14535K [0x00000000a0000000, 0x00000000a2600000, 0x00000000e0000000)
  object space 38912K, 37% used [0x00000000a0000000,0x00000000a0e31de8,0x00000000a2600000)
 Metaspace       used 45885K, capacity 46952K, committed 47192K, reserved 1089536K
  class space    used 6139K, capacity 6475K, committed 6528K, reserved 1048576K
Event: 20,198 GC heap after
Heap after GC invocations=13 (full 2):
 PSYoungGen      total 184832K, used 10237K [0x00000000e0000000, 0x00000000f1880000, 0x0000000100000000)
  eden space 174592K, 0% used [0x00000000e0000000,0x00000000e0000000,0x00000000eaa80000)
  from space 10240K, 99% used [0x00000000eaa80000,0x00000000eb47f5d8,0x00000000eb480000)
  to   space 13824K, 0% used [0x00000000f0b00000,0x00000000f0b00000,0x00000000f1880000)
 ParOldGen       total 38912K, used 20546K [0x00000000a0000000, 0x00000000a2600000, 0x00000000e0000000)
  object space 38912K, 52% used [0x00000000a0000000,0x00000000a1410b10,0x00000000a2600000)
 Metaspace       used 45885K, capacity 46952K, committed 47192K, reserved 1089536K
  class space    used 6139K, capacity 6475K, committed 6528K, reserved 1048576K
}
Event: 23,359 GC heap before
{Heap before GC invocations=14 (full 2):
 PSYoungGen      total 184832K, used 184829K [0x00000000e0000000, 0x00000000f1880000, 0x0000000100000000)
  eden space 174592K, 100% used [0x00000000e0000000,0x00000000eaa80000,0x00000000eaa80000)
  from space 10240K, 99% used [0x00000000eaa80000,0x00000000eb47f5d8,0x00000000eb480000)
  to   space 13824K, 0% used [0x00000000f0b00000,0x00000000f0b00000,0x00000000f1880000)
 ParOldGen       total 38912K, used 20546K [0x00000000a0000000, 0x00000000a2600000, 0x00000000e0000000)
  object space 38912K, 52% used [0x00000000a0000000,0x00000000a1410b10,0x00000000a2600000)
 Metaspace       used 51313K, capacity 53108K, committed 53208K, reserved 1095680K
  class space    used 6941K, capacity 7377K, committed 7424K, reserved 1048576K
Event: 23,394 GC heap after
Heap after GC invocations=14 (full 2):
 PSYoungGen      total 268288K, used 11883K [0x00000000e0000000, 0x00000000f1780000, 0x0000000100000000)
  eden space 255488K, 0% used [0x00000000e0000000,0x00000000e0000000,0x00000000ef980000)
  from space 12800K, 92% used [0x00000000f0b00000,0x00000000f169ac38,0x00000000f1780000)
  to   space 15360K, 0% used [0x00000000ef980000,0x00000000ef980000,0x00000000f0880000)
 ParOldGen       total 38912K, used 29159K [0x00000000a0000000, 0x00000000a2600000, 0x00000000e0000000)
  object space 38912K, 74% used [0x00000000a0000000,0x00000000a1c79e58,0x00000000a2600000)
 Metaspace       used 51313K, capacity 53108K, committed 53208K, reserved 1095680K
  class space    used 6941K, capacity 7377K, committed 7424K, reserved 1048576K
}
Event: 28,511 GC heap before
{Heap before GC invocations=15 (full 2):
 PSYoungGen      total 268288K, used 151248K [0x00000000e0000000, 0x00000000f1780000, 0x0000000100000000)
  eden space 255488K, 54% used [0x00000000e0000000,0x00000000e88195c8,0x00000000ef980000)
  from space 12800K, 92% used [0x00000000f0b00000,0x00000000f169ac38,0x00000000f1780000)
  to   space 15360K, 0% used [0x00000000ef980000,0x00000000ef980000,0x00000000f0880000)
 ParOldGen       total 38912K, used 29159K [0x00000000a0000000, 0x00000000a2600000, 0x00000000e0000000)
  object space 38912K, 74% used [0x00000000a0000000,0x00000000a1c79e58,0x00000000a2600000)
 Metaspace       used 56992K, capacity 58890K, committed 59028K, reserved 1099776K
  class space    used 7680K, capacity 8156K, committed 8192K, reserved 1048576K

Deoptimization events (10 events):
Event: 27,729 Thread 0x00007f5b857e6800 Uncommon trap: reason=array_check action=maybe_recompile pc=0x00007f5be1954b18 method=java.util.AbstractCollection.toArray([Ljava/lang/Object;)[Ljava/lang/Object; @ 119
Event: 27,729 Thread 0x00007f5b857e6800 Uncommon trap: reason=array_check action=maybe_recompile pc=0x00007f5be1954b18 method=java.util.AbstractCollection.toArray([Ljava/lang/Object;)[Ljava/lang/Object; @ 119
Event: 27,803 Thread 0x00007f5b857e6800 Uncommon trap: reason=class_check action=maybe_recompile pc=0x00007f5be1171020 method=com.google.common.collect.AbstractMapBasedMultimap$WrappedCollection.refreshIfEmpty()V @ 40
Event: 27,803 Thread 0x00007f5b857e6800 Uncommon trap: reason=class_check action=maybe_recompile pc=0x00007f5be1171020 method=com.google.common.collect.AbstractMapBasedMultimap$WrappedCollection.refreshIfEmpty()V @ 40
Event: 27,922 Thread 0x00007f5b9800c000 Uncommon trap: reason=unstable_if action=reinterpret pc=0x00007f5be24ed39c method=java.security.MessageDigest.isEqual([B[B)Z @ 53
Event: 27,956 Thread 0x00007f5b857e8000 Uncommon trap: reason=unstable_if action=reinterpret pc=0x00007f5be240fc08 method=org.gradle.api.internal.file.pattern.PatternMatcherFactory$PathMatcherBackedSpec.isSatisfiedBy(Lorg/gradle/api/file/RelativePath;)Z @ 11
Event: 27,961 Thread 0x00007f5b857e8000 Uncommon trap: reason=unstable_if action=reinterpret pc=0x00007f5be240ee4c method=org.gradle.api.internal.file.pattern.FixedStepPathMatcher.matches([Ljava/lang/String;I)Z @ 35
Event: 28,057 Thread 0x00007f5b857e8000 Uncommon trap: reason=unstable_if action=reinterpret pc=0x00007f5be2400968 method=org.gradle.api.internal.file.pattern.FixedStepPathMatcher.matches([Ljava/lang/String;I)Z @ 35
Event: 28,223 Thread 0x00007f5b857e8000 Uncommon trap: reason=unstable_if action=reinterpret pc=0x00007f5be24c62c4 method=org.gradle.api.internal.file.pattern.PatternMatcherFactory$PathMatcherBackedSpec.isSatisfiedBy(Lorg/gradle/api/file/RelativePath;)Z @ 11
Event: 28,268 Thread 0x00007f5b857e8000 Uncommon trap: reason=null_check action=make_not_entrant pc=0x00007f5be22bd534 method=java.lang.ClassLoader.checkCerts(Ljava/lang/String;Ljava/security/CodeSource;)V @ 141

Classes redefined (0 events):
No events

Internal exceptions (10 events):
Event: 24,136 Thread 0x00007f5b841d7800 Implicit null exception at 0x00007f5be11d1850 to 0x00007f5be11d1b2d
Event: 25,447 Thread 0x00007f5b84dd7800 Exception <a 'java/io/IOException'> (0x00000000e37a2388) thrown at [/ssd/Android/AOSP-openjdk-git/jdk8u/hotspot/src/share/vm/prims/jni.cpp, line 709]
Event: 26,000 Thread 0x00007f5b857e6800 Implicit null exception at 0x00007f5be18161f3 to 0x00007f5be1816281
Event: 26,211 Thread 0x00007f5b9800c000 Exception <a 'java/lang/NoSuchMethodError': <clinit>> (0x00000000e1799990) thrown at [/ssd/Android/AOSP-openjdk-git/jdk8u/hotspot/src/share/vm/prims/jni.cpp, line 1613]
Event: 26,212 Thread 0x00007f5b9800c000 Exception <a 'java/lang/NoSuchMethodError': <clinit>> (0x00000000e17a4280) thrown at [/ssd/Android/AOSP-openjdk-git/jdk8u/hotspot/src/share/vm/prims/jni.cpp, line 1613]
Event: 26,555 Thread 0x00007f5b6807b000 Exception <a 'java/lang/NoSuchMethodError': java.lang.Object.lambda$negate$1(Ljava/lang/Object;)Z> (0x00000000e616d988) thrown at [/ssd/Android/AOSP-openjdk-git/jdk8u/hotspot/src/share/vm/interpreter/linkResolver.cpp, line 584]
Event: 27,645 Thread 0x00007f5b857e6800 Exception <a 'java/lang/NoSuchMethodError': java.lang.Object.lambda$comparingInt$7b0bb60$1(Ljava/util/function/ToIntFunction;Ljava/lang/Object;Ljava/lang/Object;)I> (0x00000000e6e9be28) thrown at [/ssd/Android/AOSP-openjdk-git/jdk8u/hotspot/src/share/vm/i
Event: 27,723 Thread 0x00007f5b857e6800 Implicit null exception at 0x00007f5be1769b17 to 0x00007f5be1769f49
Event: 27,796 Thread 0x00007f5b857e6800 Exception <a 'java/lang/IncompatibleClassChangeError': Found class java.lang.Object, but interface was expected> (0x00000000e74453e0) thrown at [/ssd/Android/AOSP-openjdk-git/jdk8u/hotspot/src/share/vm/interpreter/linkResolver.cpp, line 643]
Event: 28,268 Thread 0x00007f5b857e8000 Implicit null exception at 0x00007f5be22ba940 to 0x00007f5be22bd501

Events (10 events):
Event: 28,498 loading class com/sun/tools/javac/comp/Check$CheckContext done
Event: 28,499 loading class com/sun/tools/javac/comp/Check$5
Event: 28,499 loading class com/sun/tools/javac/comp/Check$5 done
Event: 28,501 loading class com/sun/tools/javac/comp/Check$1
Event: 28,501 loading class com/sun/tools/javac/comp/Check$1 done
Event: 28,501 loading class com/sun/tools/javac/comp/Check$6
Event: 28,501 loading class com/sun/tools/javac/comp/Check$6 done
Event: 28,503 loading class com/sun/tools/javac/comp/Resolve
Event: 28,503 loading class com/sun/tools/javac/comp/Resolve done
Event: 28,508 Executing VM operation: CollectForMetadataAllocation


Dynamic libraries:
00400000-00401000 r-xp 00000000 08:11 6033518                            /opt/android-studio/jre/bin/java
00600000-00601000 r--p 00000000 08:11 6033518                            /opt/android-studio/jre/bin/java
00601000-00602000 rw-p 00001000 08:11 6033518                            /opt/android-studio/jre/bin/java
00b82000-00ba3000 rw-p 00000000 00:00 0                                  [heap]
a0000000-a2600000 rw-p 00000000 00:00 0 
a2600000-e0000000 ---p 00000000 00:00 0 
e0000000-f1780000 rw-p 00000000 00:00 0 
f8500000-100000000 ---p 00000000 00:00 0 
100000000-100800000 rw-p 00000000 00:00 0 
100800000-140000000 ---p 00000000 00:00 0 
7f5b59eb6000-7f5b5a065000 rw-p 00000000 00:00 0 
7f5b5a065000-7f5b5a0b9000 ---p 00000000 00:00 0 
7f5b5a0b9000-7f5b5a1b7000 rw-p 00000000 00:00 0 
7f5b5a1b7000-7f5b5a1ba000 ---p 00000000 00:00 0 
7f5b5a1ba000-7f5b5a2b8000 rw-p 00000000 00:00 0 
7f5b5a2b8000-7f5b5a2bb000 ---p 00000000 00:00 0 
7f5b5a2bb000-7f5b5a3b9000 rw-p 00000000 00:00 0 
7f5b5a3b9000-7f5b5a3bc000 ---p 00000000 00:00 0 
7f5b5a3bc000-7f5b5a4ba000 rw-p 00000000 00:00 0 
7f5b5a4ba000-7f5b5a4bd000 ---p 00000000 00:00 0 
7f5b5a4bd000-7f5b5a5bb000 rw-p 00000000 00:00 0 
7f5b5a5bb000-7f5b5a5be000 ---p 00000000 00:00 0 
7f5b5a5be000-7f5b5a6bc000 rw-p 00000000 00:00 0 
7f5b5a6bc000-7f5b5a6bf000 ---p 00000000 00:00 0 
7f5b5a6bf000-7f5b5a7bd000 rw-p 00000000 00:00 0 
7f5b5a7bd000-7f5b5a7c0000 ---p 00000000 00:00 0 
7f5b5a7c0000-7f5b5a8be000 rw-p 00000000 00:00 0 
7f5b5a8be000-7f5b5a8c1000 ---p 00000000 00:00 0 
7f5b5a8c1000-7f5b5a9bf000 rw-p 00000000 00:00 0 
7f5b5a9bf000-7f5b5a9c2000 ---p 00000000 00:00 0 
7f5b5a9c2000-7f5b5a9f8000 rw-p 00000000 00:00 0 
7f5b5a9f8000-7f5b5a9fb000 ---p 00000000 00:00 0 
7f5b5a9fb000-7f5b5aaf9000 rw-p 00000000 00:00 0 
7f5b5aaf9000-7f5b5aafc000 ---p 00000000 00:00 0 
7f5b5aafc000-7f5b5abfa000 rw-p 00000000 00:00 0 
7f5b5abfa000-7f5b5abfd000 ---p 00000000 00:00 0 
7f5b5abfd000-7f5b5acfb000 rw-p 00000000 00:00 0 
7f5b5acfb000-7f5b5acfe000 ---p 00000000 00:00 0 
7f5b5acfe000-7f5b5affc000 rw-p 00000000 00:00 0 
7f5b5affc000-7f5b5afff000 ---p 00000000 00:00 0 
7f5b5afff000-7f5b5b0fd000 rw-p 00000000 00:00 0 
7f5b5b0fd000-7f5b5b100000 ---p 00000000 00:00 0 
7f5b5b100000-7f5b5b1fe000 rw-p 00000000 00:00 0 
7f5b5b1fe000-7f5b5b201000 ---p 00000000 00:00 0 
7f5b5b201000-7f5b5b2ff000 rw-p 00000000 00:00 0 
7f5b5b2ff000-7f5b5b302000 ---p 00000000 00:00 0 
7f5b5b302000-7f5b5b600000 rw-p 00000000 00:00 0 
7f5b5b600000-7f5b5b800000 rw-p 00000000 00:00 0 
7f5b5b800000-7f5b5ba00000 rw-p 00000000 00:00 0 
7f5b5ba00000-7f5b5bc00000 rw-p 00000000 00:00 0 
7f5b5bc00000-7f5b5be00000 rw-p 00000000 00:00 0 
7f5b5be00000-7f5b5c000000 rw-p 00000000 00:00 0 
7f5b5c000000-7f5b5c055000 rw-p 00000000 00:00 0 
7f5b5c055000-7f5b60000000 ---p 00000000 00:00 0 
7f5b60000000-7f5b60034000 rw-p 00000000 00:00 0 
7f5b60034000-7f5b64000000 ---p 00000000 00:00 0 
7f5b64000000-7f5b640e5000 rw-p 00000000 00:00 0 
7f5b640e5000-7f5b68000000 ---p 00000000 00:00 0 
7f5b68000000-7f5b680d2000 rw-p 00000000 00:00 0 
7f5b680d2000-7f5b6c000000 ---p 00000000 00:00 0 
7f5b6c000000-7f5b6c021000 rw-p 00000000 00:00 0 
7f5b6c021000-7f5b70000000 ---p 00000000 00:00 0 
7f5b70000000-7f5b70021000 rw-p 00000000 00:00 0 
7f5b70021000-7f5b74000000 ---p 00000000 00:00 0 
7f5b74000000-7f5b74021000 rw-p 00000000 00:00 0 
7f5b74021000-7f5b78000000 ---p 00000000 00:00 0 
7f5b78000000-7f5b78021000 rw-p 00000000 00:00 0 
7f5b78021000-7f5b7c000000 ---p 00000000 00:00 0 
7f5b7c000000-7f5b7c021000 rw-p 00000000 00:00 0 
7f5b7c021000-7f5b80000000 ---p 00000000 00:00 0 
7f5b80000000-7f5b800b3000 rw-p 00000000 00:00 0 
7f5b800b3000-7f5b84000000 ---p 00000000 00:00 0 
7f5b84000000-7f5b858c5000 rw-p 00000000 00:00 0 
7f5b858c5000-7f5b88000000 ---p 00000000 00:00 0 
7f5b88000000-7f5b88280000 rw-p 00000000 00:00 0 
7f5b88280000-7f5b8c000000 ---p 00000000 00:00 0 
7f5b8c000000-7f5b8c02f000 rw-p 00000000 00:00 0 
7f5b8c02f000-7f5b90000000 ---p 00000000 00:00 0 
7f5b90000000-7f5b90021000 rw-p 00000000 00:00 0 
7f5b90021000-7f5b94000000 ---p 00000000 00:00 0 
7f5b94000000-7f5b94021000 rw-p 00000000 00:00 0 
7f5b94021000-7f5b98000000 ---p 00000000 00:00 0 
7f5b98000000-7f5b98021000 rw-p 00000000 00:00 0 
7f5b98021000-7f5b9c000000 ---p 00000000 00:00 0 
7f5b9c000000-7f5b9c07a000 rw-p 00000000 00:00 0 
7f5b9c07a000-7f5ba0000000 ---p 00000000 00:00 0 
7f5ba0000000-7f5ba0021000 rw-p 00000000 00:00 0 
7f5ba0021000-7f5ba4000000 ---p 00000000 00:00 0 
7f5ba4024000-7f5ba4027000 ---p 00000000 00:00 0 
7f5ba4027000-7f5ba405d000 rw-p 00000000 00:00 0 
7f5ba405d000-7f5ba4060000 ---p 00000000 00:00 0 
7f5ba4060000-7f5ba4096000 rw-p 00000000 00:00 0 
7f5ba4096000-7f5ba4099000 ---p 00000000 00:00 0 
7f5ba4099000-7f5ba40cf000 rw-p 00000000 00:00 0 
7f5ba40cf000-7f5ba40d2000 ---p 00000000 00:00 0 
7f5ba40d2000-7f5ba41d0000 rw-p 00000000 00:00 0 
7f5ba41d0000-7f5ba41e2000 r--s 00345000 08:11 6033605                    /opt/android-studio/jre/jre/lib/resources.jar
7f5ba41e2000-7f5ba41e5000 r--s 00015000 08:11 6033604                    /opt/android-studio/jre/jre/lib/jce.jar
7f5ba41e5000-7f5ba43e5000 rw-p 00000000 00:00 0 
7f5ba43e5000-7f5ba43e8000 ---p 00000000 00:00 0 
7f5ba43e8000-7f5ba44e6000 rw-p 00000000 00:00 0 
7f5ba44e6000-7f5ba450c000 r--p 00000000 08:11 3148876                    /usr/share/locale-langpack/de/LC_MESSAGES/libc.mo
7f5ba450c000-7f5ba470c000 rw-p 00000000 00:00 0 
7f5ba470c000-7f5ba4902000 rw-p 00000000 00:00 0 
7f5ba4902000-7f5ba490c000 ---p 00000000 00:00 0 
7f5ba490c000-7f5ba4917000 r--s 00081000 08:11 7209766                    /home/timo/.gradle/caches/jars-3/fc6e889a0f45cc9752787eb60f920103/trove4j-20160824.jar
7f5ba4917000-7f5ba499a000 r--s 00758000 08:11 7209764                    /home/timo/.gradle/caches/jars-3/b46ab84062ddfd52701cfe0a9718e764/intellij-core-26.0.1.jar
7f5ba499a000-7f5ba49a0000 r--s 00033000 08:11 7209762                    /home/timo/.gradle/caches/jars-3/f96c897d327ea500d64fe3af2833bd50/commons-codec-1.6.jar
7f5ba49a0000-7f5ba49a2000 r--s 0000d000 08:11 7209760                    /home/timo/.gradle/caches/jars-3/ccc849edcf9fccd61ed937bf93ffe896/commons-logging-1.1.1.jar
7f5ba49a2000-7f5ba49a8000 r--s 00032000 08:11 7209758                    /home/timo/.gradle/caches/jars-3/72e344059d1923829968d0d38b0c3c72/httpcore-4.2.5.jar
7f5ba49a8000-7f5ba49a9000 r--s 00004000 08:11 7209756                    /home/timo/.gradle/caches/jars-3/3a4299d1ce3e273e7c03a9ccf5a1e333/annotations-12.0.jar
7f5ba49a9000-7f5ba49aa000 r--s 00000000 08:11 7209754                    /home/timo/.gradle/caches/jars-3/0e2fbc3b8c56d2975eca90c524790c13/animal-sniffer-annotations-1.14.jar
7f5ba49aa000-7f5ba49ac000 r--s 00001000 08:11 7209752                    /home/timo/.gradle/caches/jars-3/ad41f8f3ac67c0323ce9eb1c20c8dc3f/j2objc-annotations-1.1.jar
7f5ba49ac000-7f5ba49ad000 r--s 00002000 08:11 7209750                    /home/timo/.gradle/caches/jars-3/9edb0f46b907c34c4718edabde6c791c/error_prone_annotations-2.0.18.jar
7f5ba49ad000-7f5ba49b0000 r--s 00006000 08:11 7209748                    /home/timo/.gradle/caches/jars-3/b58a9bc3bbba42132e4abc0bacae8da1/jsr305-1.3.9.jar
7f5ba49b0000-7f5ba49b1000 r--s 0000a000 08:11 7209746                    /home/timo/.gradle/caches/jars-3/5b8b36ed61fe92731031cca3c9b3a0b3/kxml2-2.3.0.jar
7f5ba49b1000-7f5ba49b3000 r--s 00005000 08:11 7209744                    /home/timo/.gradle/caches/jars-3/f10e1e1978816198f2eb1189c974b440/httpmime-4.1.jar
7f5ba49b3000-7f5ba49bd000 r--s 00061000 08:11 7209742                    /home/timo/.gradle/caches/jars-3/bc4b2527f35dc983f759e8f85f3f8d52/httpclient-4.2.6.jar
7f5ba49bd000-7f5ba49c6000 r--s 00064000 08:11 7209740                    /home/timo/.gradle/caches/jars-3/fc37c717528c2a0d27f3e3621835f781/commons-compress-1.12.jar
7f5ba49c6000-7f5ba49cb000 r--s 0002e000 08:11 7209738                    /home/timo/.gradle/caches/jars-3/c5bcda7f6f4809e9c92270f99e51f154/gson-2.3.jar
7f5ba49cb000-7f5ba49db000 r--s 000d6000 08:11 7209736                    /home/timo/.gradle/caches/jars-3/dbdb8caed2514263a34702cc763c6785/proguard-base-5.3.3.jar
7f5ba49db000-7f5ba49dd000 r--s 00003000 08:11 7209734                    /home/timo/.gradle/caches/jars-3/01ab8600ebbfdcaf9b89b45c2b992e82/annotations-13.0.jar
7f5ba49dd000-7f5ba49de000 r--s 00001000 08:11 7209732                    /home/timo/.gradle/caches/jars-3/dccac9b7f67766e57200b1770178f61c/annotations-26.0.1.jar
7f5ba49de000-7f5ba49e2000 r--s 0002a000 08:11 7209728                    /home/timo/.gradle/caches/jars-3/9849af6d4b0409ba64061601342f385d/commons-io-2.4.jar
7f5ba49e2000-7f5ba49f9000 r--s 00154000 08:11 7209726                    /home/timo/.gradle/caches/jars-3/57adf9abd30c921d4ea1dfdcfe7b9efd/antlr4-4.5.3.jar
7f5ba49f9000-7f5ba4a29000 r--s 00245000 08:11 7209722                    /home/timo/.gradle/caches/jars-3/8e27cdebb49ba2f804f9403d90aaaac5/guava-22.0.jar
7f5ba4a29000-7f5ba4a31000 r--s 000a8000 08:11 7209720                    /home/timo/.gradle/caches/jars-3/6cc57ce9ec0d90186f781694264d61bc/lombok-ast-0.2.3.jar
7f5ba4a31000-7f5ba4b56000 r--s 00f5d000 08:11 7209712                    /home/timo/.gradle/caches/jars-3/dfd566a90e18a0aa75879c33e0731ab8/fastutil-7.2.0.jar
7f5ba4b56000-7f5ba4ba1000 r--s 002ff000 08:11 7209710                    /home/timo/.gradle/caches/jars-3/d3d44e9a7fcb4a86fb40775c385dd3d0/bcprov-jdk15on-1.56.jar
7f5ba4ba1000-7f5ba4ba4000 ---p 00000000 00:00 0 
7f5ba4ba4000-7f5ba4ca2000 rw-p 00000000 00:00 0 
7f5ba4ca2000-7f5ba4ca5000 ---p 00000000 00:00 0 
7f5ba4ca5000-7f5ba4da3000 rw-p 00000000 00:00 0 
7f5ba4da3000-7f5ba4da6000 ---p 00000000 00:00 0 
7f5ba4da6000-7f5ba4ea4000 rw-p 00000000 00:00 0 
7f5ba4ea4000-7f5ba4ea7000 ---p 00000000 00:00 0 
7f5ba4ea7000-7f5ba51a5000 rw-p 00000000 00:00 0 
7f5ba51a5000-7f5ba53a5000 rw-p 00000000 00:00 0 
7f5ba53a5000-7f5ba53a8000 ---p 00000000 00:00 0 
7f5ba53a8000-7f5ba56a6000 rw-p 00000000 00:00 0 
7f5ba56a6000-7f5ba58a6000 rw-p 00000000 00:00 0 
7f5ba58a6000-7f5ba5aa6000 rw-p 00000000 00:00 0 
7f5ba5aa6000-7f5ba5ca6000 rw-p 00000000 00:00 0 
7f5ba5ca6000-7f5ba5ca9000 r--s 00033000 08:11 7209730                    /home/timo/.gradle/caches/jars-3/0ce03714647bf7bd3c78634c20ddbf38/juniversalchardet-1.0.3.jar
7f5ba5ca9000-7f5ba5caa000 r--s 00003000 08:11 7209724                    /home/timo/.gradle/caches/jars-3/54a15dd332fd4c2e246ad396835dc0d2/baseLibrary-3.0.1.jar
7f5ba5caa000-7f5ba5cae000 r--s 0002f000 08:11 7209718                    /home/timo/.gradle/caches/jars-3/505fcc8c47da308b2f1262f0ff3c65f1/jimfs-1.1.jar
7f5ba5cae000-7f5ba5cc1000 r--s 00241000 08:11 7209716                    /home/timo/.gradle/caches/jars-3/d8dc71eb6d91c966c45f7b594129e14a/ecj-4.6.1.jar
7f5ba5cc1000-7f5ba5cc2000 r--s 00003000 08:11 7209714                    /home/timo/.gradle/caches/jars-3/fdb8f5ebd6a086c4818336712b830716/json-simple-1.1.jar
7f5ba5cc2000-7f5ba5cd3000 r--s 00097000 08:11 7209708                    /home/timo/.gradle/caches/jars-3/59ebb77d99c5ca0e24bb23272e0329dd/bcpkix-jdk15on-1.56.jar
7f5ba5cd3000-7f5ba5cd5000 r--s 00002000 08:11 7209706                    /home/timo/.gradle/caches/jars-3/f268e5e8fc83bb846ac355d6a16b1f30/javawriter-2.5.0.jar
7f5ba5cd5000-7f5ba5cda000 r--s 0003b000 08:11 7209704                    /home/timo/.gradle/caches/jars-3/91bf67441f6ac57ccbb374f99f9ed0fc/apksig-3.0.1.jar
7f5ba5cda000-7f5ba5cdd000 r--s 00024000 08:11 7209702                    /home/timo/.gradle/caches/jars-3/04183dcd1bde85515b23d1bbd46ea9bc/common-26.0.1.jar
7f5ba5cdd000-7f5ba5cdf000 r--s 00006000 08:11 7209700                    /home/timo/.gradle/caches/jars-3/a0ea702af2bdb16dfa1a50969b155dea/dvlib-26.0.1.jar
7f5ba5cdf000-7f5ba5ce2000 r--s 00014000 08:11 7209698                    /home/timo/.gradle/caches/jars-3/6abb718b4b844aa0386163f0c2f6eb72/layoutlib-api-26.0.1.jar
7f5ba5ce2000-7f5ba5ce7000 r--s 0004d000 08:11 7209696                    /home/timo/.gradle/caches/jars-3/65a80584522712b8832b7c1c03186c4b/ddmlib-26.0.1.jar
7f5ba5ce7000-7f5ba5ce8000 r--s 00003000 08:11 7209694                    /home/timo/.gradle/caches/jars-3/af01854c900e4906a368ef59064a245d/builder-test-api-3.0.1.jar
7f5ba5ce8000-7f5ba5ceb000 r--s 00007000 08:11 7209692                    /home/timo/.gradle/caches/jars-3/124ec36ab4edce0919b54d1123daa364/builder-model-3.0.1.jar
7f5ba5ceb000-7f5ba5cfa000 r--s 00130000 08:11 7209690                    /home/timo/.gradle/caches/jars-3/72ba1443c6adcea1f6ba21e12f0bb0fc/protobuf-java-3.0.0.jar
7f5ba5cfa000-7f5ba5d0d000 r--s 001a8000 08:11 7209688                    /home/timo/.gradle/caches/jars-3/a1cbdfb97e256e71fcbd29dc4584a785/protos-26.0.1.jar
7f5ba5d0d000-7f5ba5d0e000 r--s 00005000 08:11 7209686                    /home/timo/.gradle/caches/jars-3/ca5180624b528b15325a5d002dbfbb6d/shared-26.0.1.jar
7f5ba5d0e000-7f5ba5d10000 r--s 00004000 08:11 7209684                    /home/timo/.gradle/caches/jars-3/07f12c2b6f66ca8d4d6bd02e9c9b060a/tracker-26.0.1.jar
7f5ba5d10000-7f5ba5d12000 r--s 00002000 08:11 7209682                    /home/timo/.gradle/caches/jars-3/e91624d2ed1c3b55eec9fd768ed13c1d/proguard-gradle-5.3.3.jar
7f5ba5d12000-7f5ba5d16000 r--s 0001e000 08:11 7209678                    /home/timo/.gradle/caches/jars-3/0d3e95aba631209a078aeec58a76633d/org.jacoco.core-0.7.4.201502262128.jar
7f5ba5d16000-7f5ba5f16000 rw-p 00000000 00:00 0 
7f5ba5f16000-7f5ba5f1d000 r--s 0002a000 08:11 6694248                    /home/timo/.gradle/caches/jars-3/fff47aec37b967e571b648d1fc9c6db6/gradle-messaging-3.5.jar
7f5ba5f1d000-7f5ba5f22000 r--s 00041000 08:11 6694246                    /home/timo/.gradle/caches/jars-3/c0502f5c2cf6dfd52d250e1b7d027d24/commons-lang-2.6.jar
7f5ba5f22000-7f5ba5f64000 r--s 00220000 08:11 6694244                    /home/timo/.gradle/caches/jars-3/929747bc6b973b44297e9c57df71598d/gradle-core-3.5.jar
7f5ba5f64000-7f5ba5f6d000 r--s 00047000 08:11 6694242                    /home/timo/.gradle/caches/jars-3/11d06a5dce89fe5632250b7df00a3d57/gradle-base-services-3.5.jar
7f5ba5f6d000-7f5ba5f95000 r--s 001cf000 08:11 6694240                    /home/timo/.gradle/caches/jars-3/566e7e0f530f75a42eba4833ef84d88c/guava-jdk5-17.0.jar
7f5ba5f95000-7f5ba5fa3000 r--s 00043000 08:11 6694238                    /home/timo/.gradle/caches/jars-3/c0d1da18a547ef3a2ba66d3068ae6e09/gradle-tooling-api-3.5.jar
7f5ba5fa3000-7f5ba5fa5000 r--s 0000f000 08:11 7209680                    /home/timo/.gradle/caches/jars-3/96760c32d36a5d7066e3ccf088bfd362/jopt-simple-4.9.jar
7f5ba5fa5000-7f5ba5fa8000 r--s 00020000 08:11 7209676                    /home/timo/.gradle/caches/jars-3/c72fc284d34f39eab57a4e3ba83405e9/org.jacoco.report-0.7.4.201502262128.jar
7f5ba5fa8000-7f5ba5faa000 r--s 0000c000 08:11 7209674                    /home/timo/.gradle/caches/jars-3/9b0a36633c92c6e87e62c81734593183/asm-5.1.jar
7f5ba5faa000-7f5ba5fac000 r--s 00006000 08:11 7209672                    /home/timo/.gradle/caches/jars-3/50c8a7da333c41693b2b7ce95b6d9d89/asm-tree-5.1.jar
7f5ba5fac000-7f5ba5fad000 r--s 0000a000 08:11 7209670                    /home/timo/.gradle/caches/jars-3/c4f1f1d5a624f981d35a78d181e2c418/asm-util-5.1.jar
7f5ba5fad000-7f5ba5faf000 r--s 0000a000 08:11 7209668                    /home/timo/.gradle/caches/jars-3/d37aa405961c464c627b1efe5def81b8/asm-commons-5.1.jar
7f5ba5faf000-7f5ba5fb0000 r--s 00004000 08:11 7209666                    /home/timo/.gradle/caches/jars-3/2b2689d10a4425b1cb2d0654db2ea088/asm-analysis-5.1.jar
7f5ba5fb0000-7f5ba5fb1000 r--s 00000000 08:11 7209664                    /home/timo/.gradle/caches/jars-3/5206138fb8a6b2ffbd31e140916c2100/transform-api-2.0.0-deprecated-use-gradle-api.jar
7f5ba5fb1000-7f5ba5fc0000 r--s 000c8000 08:11 7209662                    /home/timo/.gradle/caches/jars-3/af931fae44e009148423077fa09abbd1/kotlin-stdlib-1.1.3-2.jar
7f5ba5fc0000-7f5ba5ff2000 r--s 0021b000 08:11 7209660                    /home/timo/.gradle/caches/jars-3/24b2127528a18b338af82ff7ea236d45/kotlin-reflect-1.1.3-2.jar
7f5ba5ff2000-7f5ba5ff8000 r--s 00030000 08:11 7209658                    /home/timo/.gradle/caches/jars-3/90ec49f8b88710e2876aefe447609abb/repository-26.0.1.jar
7f5ba5ff8000-7f5ba6003000 r--s 0009b000 08:11 7209656                    /home/timo/.gradle/caches/jars-3/af771564c510a1c104220a8be892ab2d/sdklib-26.0.1.jar
7f5ba6003000-7f5ba6012000 r--s 000da000 08:11 7209654                    /home/timo/.gradle/caches/jars-3/50767da85151ce151711c301f4a0623c/sdk-common-26.0.1.jar
7f5ba6012000-7f5ba6016000 r--s 00023000 08:11 7209652                    /home/timo/.gradle/caches/jars-3/186e268c3a12c0a405d658dabf9d64d2/manifest-merger-26.0.1.jar
7f5ba6016000-7f5ba601a000 r--s 0002e000 08:11 7209650                    /home/timo/.gradle/caches/jars-3/c519ce7b2f3637e909703f541c08c445/compilerCommon-3.0.1.jar
7f5ba601a000-7f5ba601c000 r--s 00003000 08:11 7209648                    /home/timo/.gradle/caches/jars-3/34cfdbf6cad3f54cc2f45521bf0374e7/gradle-api-3.0.1.jar
7f5ba601c000-7f5ba602b000 r--s 000cb000 08:11 7209646                    /home/timo/.gradle/caches/jars-3/e5c09abb4b0acf0785ecd8a8015ab959/uast-26.0.1.jar
7f5ba602b000-7f5ba6032000 r--s 0007f000 08:11 7209644                    /home/timo/.gradle/caches/jars-3/b1f5a73634581e955e7f89376aea2d48/lint-api-26.0.1.jar
7f5ba6032000-7f5ba603b000 r--s 000ff000 08:11 7209642                    /home/timo/.gradle/caches/jars-3/75e696a5531ca85e1fe447df83f74bd2/lint-checks-26.0.1.jar
7f5ba603b000-7f5ba603e000 r--s 00039000 08:11 7209640                    /home/timo/.gradle/caches/jars-3/7fa6c4fcdd1d81db4cc9c7439ce29486/lint-26.0.1.jar
7f5ba603e000-7f5ba606e000 r--s 01983000 08:11 7209638                    /home/timo/.gradle/caches/jars-3/add7f1627b730db059119a8274a10c21/builder-3.0.1.jar
7f5ba606e000-7f5ba6091000 r--s 0020b000 08:11 7209636                    /home/timo/.gradle/caches/jars-3/4adae2b762c8552c6e3aa2ded1493e4b/gradle-core-3.0.1.jar
7f5ba6091000-7f5ba6093000 r--s 0000f000 08:11 7209634                    /home/timo/.gradle/caches/jars-3/afd86a0d8507fd7f2e97461eaf9e4416/gradle-3.0.1.jar
7f5ba6093000-7f5ba61ae000 r--s 02008000 08:11 7215704                    /home/timo/.gradle/caches/jars-3/9955734f77abc673a38c7cd4c0214af5/android.jar
7f5ba61ae000-7f5ba6227000 r--s 010fd000 08:11 6033571                    /opt/android-studio/jre/lib/tools.jar
7f5ba6227000-7f5ba622a000 ---p 00000000 00:00 0 
7f5ba622a000-7f5ba6528000 rw-p 00000000 00:00 0 
7f5ba6528000-7f5ba652b000 ---p 00000000 00:00 0 
7f5ba652b000-7f5ba6629000 rw-p 00000000 00:00 0 
7f5ba6629000-7f5ba662c000 ---p 00000000 00:00 0 
7f5ba662c000-7f5ba672a000 rw-p 00000000 00:00 0 
7f5ba672a000-7f5ba672d000 ---p 00000000 00:00 0 
7f5ba672d000-7f5ba682b000 rw-p 00000000 00:00 0 
7f5ba682b000-7f5ba682e000 ---p 00000000 00:00 0 
7f5ba682e000-7f5ba6b2c000 rw-p 00000000 00:00 0 
7f5ba6b2c000-7f5ba6b2f000 ---p 00000000 00:00 0 
7f5ba6b2f000-7f5ba6c2d000 rw-p 00000000 00:00 0 
7f5ba6c2d000-7f5ba6c30000 ---p 00000000 00:00 0 
7f5ba6c30000-7f5ba6d2e000 rw-p 00000000 00:00 0 
7f5ba6d2e000-7f5ba6d31000 ---p 00000000 00:00 0 
7f5ba6d31000-7f5ba6e2f000 rw-p 00000000 00:00 0 
7f5ba6e2f000-7f5ba6e32000 ---p 00000000 00:00 0 
7f5ba6e32000-7f5ba6f30000 rw-p 00000000 00:00 0 
7f5ba6f30000-7f5ba6f33000 ---p 00000000 00:00 0 
7f5ba6f33000-7f5ba7031000 rw-p 00000000 00:00 0 
7f5ba7031000-7f5ba7038000 r--s 00000000 08:11 2495110                    /usr/lib/x86_64-linux-gnu/gconv/gconv-modules.cache
7f5ba7038000-7f5ba703b000 ---p 00000000 00:00 0 
7f5ba703b000-7f5ba7139000 rw-p 00000000 00:00 0 
7f5ba7139000-7f5ba713e000 r--s 0009a000 08:11 6033701                    /opt/android-studio/jre/jre/lib/jsse.jar
7f5ba713e000-7f5ba733e000 rw-p 00000000 00:00 0 
7f5ba733e000-7f5ba7347000 r-xp 00000000 08:11 6033654                    /opt/android-studio/jre/jre/lib/amd64/libmanagement.so
7f5ba7347000-7f5ba7546000 ---p 00009000 08:11 6033654                    /opt/android-studio/jre/jre/lib/amd64/libmanagement.so
7f5ba7546000-7f5ba7547000 r--p 00008000 08:11 6033654                    /opt/android-studio/jre/jre/lib/amd64/libmanagement.so
7f5ba7547000-7f5ba7548000 rw-p 00009000 08:11 6033654                    /opt/android-studio/jre/jre/lib/amd64/libmanagement.so
7f5ba7548000-7f5ba754a000 r--s 00007000 08:11 6693513                    /home/timo/.gradle/wrapper/dists/gradle-4.1-all/bzyivzo6n839fup2jbap0tjew/gradle-4.1/lib/plugins/gradle-tooling-api-builders-4.1.jar
7f5ba754a000-7f5ba754d000 r--s 00009000 08:11 6693523                    /home/timo/.gradle/wrapper/dists/gradle-4.1-all/bzyivzo6n839fup2jbap0tjew/gradle-4.1/lib/plugins/gradle-testing-native-4.1.jar
7f5ba754d000-7f5ba754f000 r--s 00009000 08:11 6693596                    /home/timo/.gradle/wrapper/dists/gradle-4.1-all/bzyivzo6n839fup2jbap0tjew/gradle-4.1/lib/plugins/hamcrest-core-1.3.jar
7f5ba754f000-7f5ba7554000 r--s 00040000 08:11 6693591                    /home/timo/.gradle/wrapper/dists/gradle-4.1-all/bzyivzo6n839fup2jbap0tjew/gradle-4.1/lib/plugins/bsh-2.0b4.jar
7f5ba7554000-7f5ba7556000 r--s 00006000 08:11 6693592                    /home/timo/.gradle/wrapper/dists/gradle-4.1-all/bzyivzo6n839fup2jbap0tjew/gradle-4.1/lib/plugins/jcommander-1.12.jar
7f5ba7556000-7f5ba755c000 r--s 00033000 08:11 6693593                    /home/timo/.gradle/wrapper/dists/gradle-4.1-all/bzyivzo6n839fup2jbap0tjew/gradle-4.1/lib/plugins/snakeyaml-1.6.jar
7f5ba755c000-7f5ba7565000 r--s 00089000 08:11 6693551                    /home/timo/.gradle/wrapper/dists/gradle-4.1-all/bzyivzo6n839fup2jbap0tjew/gradle-4.1/lib/plugins/testng-6.3.1.jar
7f5ba7565000-7f5ba756d000 r--s 00045000 08:11 6693552                    /home/timo/.gradle/wrapper/dists/gradle-4.1-all/bzyivzo6n839fup2jbap0tjew/gradle-4.1/lib/plugins/junit-4.12.jar
7f5ba756d000-7f5ba7573000 r--s 0002e000 08:11 6693519                    /home/timo/.gradle/wrapper/dists/gradle-4.1-all/bzyivzo6n839fup2jbap0tjew/gradle-4.1/lib/plugins/gradle-testing-jvm-4.1.jar
7f5ba7573000-7f5ba7577000 r--s 00017000 08:11 6693527                    /home/timo/.gradle/wrapper/dists/gradle-4.1-all/bzyivzo6n839fup2jbap0tjew/gradle-4.1/lib/plugins/gradle-testing-base-4.1.jar
7f5ba7577000-7f5ba757e000 r--s 00038000 08:11 6693547                    /home/timo/.gradle/wrapper/dists/gradle-4.1-all/bzyivzo6n839fup2jbap0tjew/gradle-4.1/lib/plugins/bcpg-jdk15on-1.51.jar
7f5ba757e000-7f5ba7580000 r--s 0000c000 08:11 6693498                    /home/timo/.gradle/wrapper/dists/gradle-4.1-all/bzyivzo6n839fup2jbap0tjew/gradle-4.1/lib/plugins/gradle-signing-4.1.jar
7f5ba7580000-7f5ba7582000 r--s 00007000 08:11 6693504                    /home/timo/.gradle/wrapper/dists/gradle-4.1-all/bzyivzo6n839fup2jbap0tjew/gradle-4.1/lib/plugins/gradle-scala-4.1.jar
7f5ba7582000-7f5ba7583000 r--s 00004000 08:11 6693535                    /home/timo/.gradle/wrapper/dists/gradle-4.1-all/bzyivzo6n839fup2jbap0tjew/gradle-4.1/lib/plugins/gradle-resources-sftp-4.1.jar
7f5ba7583000-7f5ba7593000 r--s 00088000 08:11 6693564                    /home/timo/.gradle/wrapper/dists/gradle-4.1-all/bzyivzo6n839fup2jbap0tjew/gradle-4.1/lib/plugins/joda-time-2.8.2.jar
7f5ba7593000-7f5ba75a4000 r--s 0010d000 08:11 6693563                    /home/timo/.gradle/wrapper/dists/gradle-4.1-all/bzyivzo6n839fup2jbap0tjew/gradle-4.1/lib/plugins/jackson-databind-2.6.6.jar
7f5ba75a4000-7f5ba75a7000 r--s 00009000 08:11 6693562                    /home/timo/.gradle/wrapper/dists/gradle-4.1-all/bzyivzo6n839fup2jbap0tjew/gradle-4.1/lib/plugins/jackson-annotations-2.6.6.jar
7f5ba75a7000-7f5ba75ab000 r--s 0003c000 08:11 6693561                    /home/timo/.gradle/wrapper/dists/gradle-4.1-all/bzyivzo6n839fup2jbap0tjew/gradle-4.1/lib/plugins/jackson-core-2.6.6.jar
7f5ba75ab000-7f5ba75b9000 r--s 00087000 08:11 6693560                    /home/timo/.gradle/wrapper/dists/gradle-4.1-all/bzyivzo6n839fup2jbap0tjew/gradle-4.1/lib/plugins/aws-java-sdk-core-1.11.6.jar
7f5ba75b9000-7f5ba75c0000 r--s 00057000 08:11 6693559                    /home/timo/.gradle/wrapper/dists/gradle-4.1-all/bzyivzo6n839fup2jbap0tjew/gradle-4.1/lib/plugins/aws-java-sdk-kms-1.11.6.jar
7f5ba75c0000-7f5ba75cd000 r--s 0008e000 08:11 6693558                    /home/timo/.gradle/wrapper/dists/gradle-4.1-all/bzyivzo6n839fup2jbap0tjew/gradle-4.1/lib/plugins/aws-java-sdk-s3-1.11.6.jar
7f5ba75cd000-7f5ba75cf000 r--s 00004000 08:11 6693532                    /home/timo/.gradle/wrapper/dists/gradle-4.1-all/bzyivzo6n839fup2jbap0tjew/gradle-4.1/lib/plugins/gradle-resources-s3-4.1.jar
7f5ba75cf000-7f5ba75d1000 r--s 00010000 08:11 6693528                    /home/timo/.gradle/wrapper/dists/gradle-4.1-all/bzyivzo6n839fup2jbap0tjew/gradle-4.1/lib/plugins/gradle-reporting-4.1.jar
7f5ba75d1000-7f5ba75d3000 r--s 00002000 08:11 6693529                    /home/timo/.gradle/wrapper/dists/gradle-4.1-all/bzyivzo6n839fup2jbap0tjew/gradle-4.1/lib/plugins/gradle-publish-4.1.jar
7f5ba75d3000-7f5ba75d5000 r--s 00009000 08:11 6693540                    /home/timo/.gradle/wrapper/dists/gradle-4.1-all/bzyivzo6n839fup2jbap0tjew/gradle-4.1/lib/plugins/commons-cli-1.2.jar
7f5ba75d5000-7f5ba75db000 r--s 00036000 08:11 6693512                    /home/timo/.gradle/wrapper/dists/gradle-4.1-all/bzyivzo6n839fup2jbap0tjew/gradle-4.1/lib/plugins/gradle-plugins-4.1.jar
7f5ba75db000-7f5ba75dd000 r--s 00009000 08:11 6693499                    /home/timo/.gradle/wrapper/dists/gradle-4.1-all/bzyivzo6n839fup2jbap0tjew/gradle-4.1/lib/plugins/gradle-plugin-development-4.1.jar
7f5ba75dd000-7f5ba75e3000 r--s 0002b000 08:11 6693507                    /home/timo/.gradle/wrapper/dists/gradle-4.1-all/bzyivzo6n839fup2jbap0tjew/gradle-4.1/lib/plugins/gradle-platform-play-4.1.jar
7f5ba75e3000-7f5ba75f2000 r--s 0005b000 08:11 6693525                    /home/timo/.gradle/wrapper/dists/gradle-4.1-all/bzyivzo6n839fup2jbap0tjew/gradle-4.1/lib/plugins/gradle-platform-native-4.1.jar
7f5ba75f2000-7f5ba75f6000 r--s 0001b000 08:11 6693522                    /home/timo/.gradle/wrapper/dists/gradle-4.1-all/bzyivzo6n839fup2jbap0tjew/gradle-4.1/lib/plugins/gradle-platform-jvm-4.1.jar
7f5ba75f6000-7f5ba75fe000 r--s 00027000 08:11 6693530                    /home/timo/.gradle/wrapper/dists/gradle-4.1-all/bzyivzo6n839fup2jbap0tjew/gradle-4.1/lib/plugins/gradle-platform-base-4.1.jar
7f5ba75fe000-7f5ba7626000 r--s 0021c000 08:11 6693541                    /home/timo/.gradle/wrapper/dists/gradle-4.1-all/bzyivzo6n839fup2jbap0tjew/gradle-4.1/lib/plugins/biz.aQute.bndlib-3.2.0.jar
7f5ba7626000-7f5ba7627000 r--s 00004000 08:11 6693497                    /home/timo/.gradle/wrapper/dists/gradle-4.1-all/bzyivzo6n839fup2jbap0tjew/gradle-4.1/lib/plugins/gradle-osgi-4.1.jar
7f5ba7627000-7f5ba762a000 r--s 0000c000 08:11 6693544                    /home/timo/.gradle/wrapper/dists/gradle-4.1-all/bzyivzo6n839fup2jbap0tjew/gradle-4.1/lib/plugins/pmaven-groovy-0.8-20100325.jar
7f5ba762a000-7f5ba762b000 r--s 00004000 08:11 6693543                    /home/timo/.gradle/wrapper/dists/gradle-4.1-all/bzyivzo6n839fup2jbap0tjew/gradle-4.1/lib/plugins/pmaven-common-0.8-20100325.jar
7f5ba762b000-7f5ba7631000 r--s 00023000 08:11 6693500                    /home/timo/.gradle/wrapper/dists/gradle-4.1-all/bzyivzo6n839fup2jbap0tjew/gradle-4.1/lib/plugins/gradle-maven-4.1.jar
7f5ba7631000-7f5ba7634000 r--s 0000b000 08:11 6693518                    /home/timo/.gradle/wrapper/dists/gradle-4.1-all/bzyivzo6n839fup2jbap0tjew/gradle-4.1/lib/plugins/gradle-language-scala-4.1.jar
7f5ba7634000-7f5ba763b000 r--s 00020000 08:11 6693524                    /home/timo/.gradle/wrapper/dists/gradle-4.1-all/bzyivzo6n839fup2jbap0tjew/gradle-4.1/lib/plugins/gradle-language-native-4.1.jar
7f5ba763b000-7f5ba7642000 r--s 0002f000 08:11 6693520                    /home/timo/.gradle/wrapper/dists/gradle-4.1-all/bzyivzo6n839fup2jbap0tjew/gradle-4.1/lib/plugins/gradle-language-java-4.1.jar
7f5ba7642000-7f5ba7645000 r--s 0000a000 08:11 6693517                    /home/timo/.gradle/wrapper/dists/gradle-4.1-all/bzyivzo6n839fup2jbap0tjew/gradle-4.1/lib/plugins/gradle-language-groovy-4.1.jar
7f5ba7645000-7f5ba764c000 r--s 00035000 08:11 6693550                    /home/timo/.gradle/wrapper/dists/gradle-4.1-all/bzyivzo6n839fup2jbap0tjew/gradle-4.1/lib/plugins/simple-4.1.21.jar
7f5ba764c000-7f5ba7662000 r-xp 00000000 08:11 1970744                    /lib/x86_64-linux-gnu/libgcc_s.so.1
7f5ba7662000-7f5ba7861000 ---p 00016000 08:11 1970744                    /lib/x86_64-linux-gnu/libgcc_s.so.1
7f5ba7861000-7f5ba7862000 r--p 00015000 08:11 1970744                    /lib/x86_64-linux-gnu/libgcc_s.so.1
7f5ba7862000-7f5ba7863000 rw-p 00016000 08:11 1970744                    /lib/x86_64-linux-gnu/libgcc_s.so.1
7f5ba7863000-7f5ba79db000 r-xp 00000000 08:11 2235798                    /usr/lib/x86_64-linux-gnu/libstdc++.so.6.0.24
7f5ba79db000-7f5ba7bda000 ---p 00178000 08:11 2235798                    /usr/lib/x86_64-linux-gnu/libstdc++.so.6.0.24
7f5ba7bda000-7f5ba7be4000 r--p 00177000 08:11 2235798                    /usr/lib/x86_64-linux-gnu/libstdc++.so.6.0.24
7f5ba7be4000-7f5ba7be6000 rw-p 00181000 08:11 2235798                    /usr/lib/x86_64-linux-gnu/libstdc++.so.6.0.24
7f5ba7be6000-7f5ba7be9000 rw-p 00000000 00:00 0 
7f5ba7be9000-7f5ba7bee000 r-xp 00000000 08:11 6694213                    /home/timo/.gradle/native/25/linux-amd64/libnative-platform.so
7f5ba7bee000-7f5ba7ded000 ---p 00005000 08:11 6694213                    /home/timo/.gradle/native/25/linux-amd64/libnative-platform.so
7f5ba7ded000-7f5ba7dee000 rw-p 00004000 08:11 6694213                    /home/timo/.gradle/native/25/linux-amd64/libnative-platform.so
7f5ba7dee000-7f5ba7dff000 r-xp 00000000 08:11 6033646                    /opt/android-studio/jre/jre/lib/amd64/libnio.so
7f5ba7dff000-7f5ba7ffe000 ---p 00011000 08:11 6033646                    /opt/android-studio/jre/jre/lib/amd64/libnio.so
7f5ba7ffe000-7f5ba7fff000 r--p 00010000 08:11 6033646                    /opt/android-studio/jre/jre/lib/amd64/libnio.so
7f5ba7fff000-7f5ba8000000 rw-p 00011000 08:11 6033646                    /opt/android-studio/jre/jre/lib/amd64/libnio.so
7f5ba8000000-7f5ba8e3b000 rw-p 00000000 00:00 0 
7f5ba8e3b000-7f5bac000000 ---p 00000000 00:00 0 
7f5bac000000-7f5bac021000 rw-p 00000000 00:00 0 
7f5bac021000-7f5bb0000000 ---p 00000000 00:00 0 
7f5bb0000000-7f5bb1beb000 rw-p 00000000 00:00 0 
7f5bb1beb000-7f5bb4000000 ---p 00000000 00:00 0 
7f5bb4000000-7f5bb5d14000 rw-p 00000000 00:00 0 
7f5bb5d14000-7f5bb8000000 ---p 00000000 00:00 0 
7f5bb8000000-7f5bb8021000 rw-p 00000000 00:00 0 
7f5bb8021000-7f5bbc000000 ---p 00000000 00:00 0 
7f5bbc000000-7f5bbc021000 rw-p 00000000 00:00 0 
7f5bbc021000-7f5bc0000000 ---p 00000000 00:00 0 
7f5bc0000000-7f5bc0002000 r--s 00005000 08:11 6693521                    /home/timo/.gradle/wrapper/dists/gradle-4.1-all/bzyivzo6n839fup2jbap0tjew/gradle-4.1/lib/plugins/gradle-language-jvm-4.1.jar
7f5bc0002000-7f5bc000e000 r--s 00100000 08:11 6693548                    /home/timo/.gradle/wrapper/dists/gradle-4.1-all/bzyivzo6n839fup2jbap0tjew/gradle-4.1/lib/plugins/rhino-1.7R3.jar
7f5bc000e000-7f5bc0012000 r--s 00012000 08:11 6693508                    /home/timo/.gradle/wrapper/dists/gradle-4.1-all/bzyivzo6n839fup2jbap0tjew/gradle-4.1/lib/plugins/gradle-javascript-4.1.jar
7f5bc0012000-7f5bc0015000 r--s 00011000 08:11 6693510                    /home/timo/.gradle/wrapper/dists/gradle-4.1-all/bzyivzo6n839fup2jbap0tjew/gradle-4.1/lib/plugins/gradle-jacoco-4.1.jar
7f5bc0015000-7f5bc0018000 r--s 0000e000 08:11 6693509                    /home/timo/.gradle/wrapper/dists/gradle-4.1-all/bzyivzo6n839fup2jbap0tjew/gradle-4.1/lib/plugins/gradle-ivy-4.1.jar
7f5bc0018000-7f5bc0019000 r--s 00002000 08:11 6693501                    /home/timo/.gradle/wrapper/dists/gradle-4.1-all/bzyivzo6n839fup2jbap0tjew/gradle-4.1/lib/plugins/gradle-ide-play-4.1.jar
7f5bc0019000-7f5bc001c000 r--s 00013000 08:11 6693502                    /home/timo/.gradle/wrapper/dists/gradle-4.1-all/bzyivzo6n839fup2jbap0tjew/gradle-4.1/lib/plugins/gradle-ide-native-4.1.jar
7f5bc001c000-7f5bc0026000 r--s 00054000 08:11 6693503                    /home/timo/.gradle/wrapper/dists/gradle-4.1-all/bzyivzo6n839fup2jbap0tjew/gradle-4.1/lib/plugins/gradle-ide-4.1.jar
7f5bc0026000-7f5bc0028000 r--s 00007000 08:11 6693506                    /home/timo/.gradle/wrapper/dists/gradle-4.1-all/bzyivzo6n839fup2jbap0tjew/gradle-4.1/lib/plugins/gradle-ear-4.1.jar
7f5bc0028000-7f5bc002a000 r--s 00005000 08:11 6693538                    /home/timo/.gradle/wrapper/dists/gradle-4.1-all/bzyivzo6n839fup2jbap0tjew/gradle-4.1/lib/plugins/jatl-0.2.2.jar
7f5bc002a000-7f5bc0031000 r--s 00038000 08:11 6693526                    /home/timo/.gradle/wrapper/dists/gradle-4.1-all/bzyivzo6n839fup2jbap0tjew/gradle-4.1/lib/plugins/gradle-diagnostics-4.1.jar
7f5bc0031000-7f5bc0033000 r--s 0000b000 08:11 6693515                    /home/timo/.gradle/wrapper/dists/gradle-4.1-all/bzyivzo6n839fup2jbap0tjew/gradle-4.1/lib/plugins/gradle-composite-builds-4.1.jar
7f5bc0033000-7f5bc0038000 r--s 00025000 08:11 6693495                    /home/timo/.gradle/wrapper/dists/gradle-4.1-all/bzyivzo6n839fup2jbap0tjew/gradle-4.1/lib/plugins/gradle-code-quality-4.1.jar
7f5bc0038000-7f5bc003d000 r--s 00022000 08:11 6693511                    /home/timo/.gradle/wrapper/dists/gradle-4.1-all/bzyivzo6n839fup2jbap0tjew/gradle-4.1/lib/plugins/gradle-build-init-4.1.jar
7f5bc003d000-7f5bc0043000 r--s 0008e000 08:11 6693505                    /home/timo/.gradle/wrapper/dists/gradle-4.1-all/bzyivzo6n839fup2jbap0tjew/gradle-4.1/lib/plugins/gradle-build-comparison-4.1.jar
7f5bc0043000-7f5bc0044000 r--s 00002000 08:11 6693533                    /home/timo/.gradle/wrapper/dists/gradle-4.1-all/bzyivzo6n839fup2jbap0tjew/gradle-4.1/lib/plugins/gradle-build-cache-http-4.1.jar
7f5bc0044000-7f5bc0046000 r--s 00008000 08:11 6693496                    /home/timo/.gradle/wrapper/dists/gradle-4.1-all/bzyivzo6n839fup2jbap0tjew/gradle-4.1/lib/plugins/gradle-antlr-4.1.jar
7f5bc0046000-7f5bc0048000 r--s 00004000 08:11 6693516                    /home/timo/.gradle/wrapper/dists/gradle-4.1-all/bzyivzo6n839fup2jbap0tjew/gradle-4.1/lib/plugins/gradle-announce-4.1.jar
7f5bc0048000-7f5bc004a000 r--s 00008000 08:11 6693436                    /home/timo/.gradle/wrapper/dists/gradle-4.1-all/bzyivzo6n839fup2jbap0tjew/gradle-4.1/lib/gradle-kotlin-dsl-tooling-builders-0.10.3.jar
7f5bc004a000-7f5bc004d000 r--s 0001c000 08:11 6693554                    /home/timo/.gradle/wrapper/dists/gradle-4.1-all/bzyivzo6n839fup2jbap0tjew/gradle-4.1/lib/plugins/nekohtml-1.9.14.jar
7f5bc004d000-7f5bc0055000 r--s 00028000 08:11 6693595                    /home/timo/.gradle/wrapper/dists/gradle-4.1-all/bzyivzo6n839fup2jbap0tjew/gradle-4.1/lib/plugins/xml-apis-1.3.04.jar
7f5bc0055000-7f5bc006d000 r--s 00115000 08:11 6693555                    /home/timo/.gradle/wrapper/dists/gradle-4.1-all/bzyivzo6n839fup2jbap0tjew/gradle-4.1/lib/plugins/xercesImpl-2.9.1.jar
7f5bc006d000-7f5bc0073000 r--s 0005b000 08:11 6693553                    /home/timo/.gradle/wrapper/dists/gradle-4.1-all/bzyivzo6n839fup2jbap0tjew/gradle-4.1/lib/plugins/jcifs-1.3.17.jar
7f5bc0073000-7f5bc007a000 r--s 00049000 08:11 6693594                    /home/timo/.gradle/wrapper/dists/gradle-4.1-all/bzyivzo6n839fup2jbap0tjew/gradle-4.1/lib/plugins/httpcore-4.4.4.jar
7f5bc007a000-7f5bc0080000 r--s 00033000 08:11 6693546                    /home/timo/.gradle/wrapper/dists/gradle-4.1-all/bzyivzo6n839fup2jbap0tjew/gradle-4.1/lib/plugins/commons-codec-1.6.jar
7f5bc0080000-7f5bc008d000 r--s 000a4000 08:11 6693539                    /home/timo/.gradle/wrapper/dists/gradle-4.1-all/bzyivzo6n839fup2jbap0tjew/gradle-4.1/lib/plugins/httpclient-4.4.1.jar
7f5bc008d000-7f5bc008f000 r--s 0000b000 08:11 6693534                    /home/timo/.gradle/wrapper/dists/gradle-4.1-all/bzyivzo6n839fup2jbap0tjew/gradle-4.1/lib/plugins/gradle-resources-http-4.1.jar
7f5bc008f000-7f5bc0093000 r--s 00017000 08:11 6693531                    /home/timo/.gradle/wrapper/dists/gradle-4.1-all/bzyivzo6n839fup2jbap0tjew/gradle-4.1/lib/plugins/gradle-plugin-use-4.1.jar
7f5bc0093000-7f5bc0094000 r--s 00000000 08:11 6693442                    /home/timo/.gradle/wrapper/dists/gradle-4.1-all/bzyivzo6n839fup2jbap0tjew/gradle-4.1/lib/gradle-runtime-api-info-4.1.jar
7f5bc0094000-7f5bc0095000 r--s 00000000 08:11 6693445                    /home/timo/.gradle/wrapper/dists/gradle-4.1-all/bzyivzo6n839fup2jbap0tjew/gradle-4.1/lib/gradle-installation-beacon-4.1.jar
7f5bc0095000-7f5bc00d5000 r--s 00277000 08:11 6693566                    /home/timo/.gradle/wrapper/dists/gradle-4.1-all/bzyivzo6n839fup2jbap0tjew/gradle-4.1/lib/plugins/bcprov-jdk15on-1.51.jar
7f5bc00d5000-7f5bc00d9000 r--s 0001d000 08:11 6693565                    /home/timo/.gradle/wrapper/dists/gradle-4.1-all/bzyivzo6n839fup2jbap0tjew/gradle-4.1/lib/plugins/xbean-reflect-3.4.jar
7f5bc00d9000-7f5bc00db000 r--s 0000a000 08:11 6693567                    /home/timo/.gradle/wrapper/dists/gradle-4.1-all/bzyivzo6n839fup2jbap0tjew/gradle-4.1/lib/plugins/maven-settings-3.0.4.jar
7f5bc00db000-7f5bc00de000 r--s 00008000 08:11 6693568                    /home/timo/.gradle/wrapper/dists/gradle-4.1-all/bzyivzo6n839fup2jbap0tjew/gradle-4.1/lib/plugins/maven-settings-builder-3.0.4.jar
7f5bc00de000-7f5bc00e2000 r--s 00033000 08:11 6693569                    /home/timo/.gradle/wrapper/dists/gradle-4.1-all/bzyivzo6n839fup2jbap0tjew/gradle-4.1/lib/plugins/plexus-utils-2.0.6.jar
7f5bc00e2000-7f5bc00e4000 r--s 0000d000 08:11 6693570                    /home/timo/.gradle/wrapper/dists/gradle-4.1-all/bzyivzo6n839fup2jbap0tjew/gradle-4.1/lib/plugins/plexus-interpolation-1.14.jar
7f5bc00e4000-7f5bc00e6000 r--s 00000000 08:11 6693545                    /home/timo/.gradle/wrapper/dists/gradle-4.1-all/bzyivzo6n839fup2jbap0tjew/gradle-4.1/lib/plugins/plexus-component-annotations-1.5.5.jar
7f5bc00e6000-7f5bc00ed000 r--s 0002e000 08:11 6693571                    /home/timo/.gradle/wrapper/dists/gradle-4.1-all/bzyivzo6n839fup2jbap0tjew/gradle-4.1/lib/plugins/plexus-container-default-1.5.5.jar
7f5bc00ed000-7f5bc00ef000 r--s 0000a000 08:11 6693572                    /home/timo/.gradle/wrapper/dists/gradle-4.1-all/bzyivzo6n839fup2jbap0tjew/gradle-4.1/lib/plugins/plexus-classworlds-2.4.jar
7f5bc00ef000-7f5bc00f1000 r--s 00002000 08:11 6693573                    /home/timo/.gradle/wrapper/dists/gradle-4.1-all/bzyivzo6n839fup2jbap0tjew/gradle-4.1/lib/plugins/plexus-cipher-1.7.jar
7f5bc00f1000-7f5bc00f2000 r--s 00006000 08:11 6693574                    /home/timo/.gradle/wrapper/dists/gradle-4.1-all/bzyivzo6n839fup2jbap0tjew/gradle-4.1/lib/plugins/plexus-sec-dispatcher-1.3.jar
7f5bc00f2000-7f5bc00f8000 r--s 0003f000 08:11 6693575                    /home/timo/.gradle/wrapper/dists/gradle-4.1-all/bzyivzo6n839fup2jbap0tjew/gradle-4.1/lib/plugins/maven-compat-3.0.4.jar
7f5bc00f8000-7f5bc00fc000 r--s 00021000 08:11 6693576                    /home/timo/.gradle/wrapper/dists/gradle-4.1-all/bzyivzo6n839fup2jbap0tjew/gradle-4.1/lib/plugins/maven-model-builder-3.0.4.jar
7f5bc00fc000-7f5bc00fe000 r--s 00026000 08:11 6693577                    /home/timo/.gradle/wrapper/dists/gradle-4.1-all/bzyivzo6n839fup2jbap0tjew/gradle-4.1/lib/plugins/maven-model-3.0.4.jar
7f5bc00fe000-7f5bc0100000 r--s 0000b000 08:11 6693578                    /home/timo/.gradle/wrapper/dists/gradle-4.1-all/bzyivzo6n839fup2jbap0tjew/gradle-4.1/lib/plugins/maven-artifact-3.0.4.jar
7f5bc0100000-7f5bc0102000 r--s 00006000 08:11 6693579                    /home/timo/.gradle/wrapper/dists/gradle-4.1-all/bzyivzo6n839fup2jbap0tjew/gradle-4.1/lib/plugins/maven-repository-metadata-3.0.4.jar
7f5bc0102000-7f5bc0104000 r--s 0000b000 08:11 6693580                    /home/timo/.gradle/wrapper/dists/gradle-4.1-all/bzyivzo6n839fup2jbap0tjew/gradle-4.1/lib/plugins/maven-plugin-api-3.0.4.jar
7f5bc0104000-7f5bc0106000 r--s 0000c000 08:11 6693581                    /home/timo/.gradle/wrapper/dists/gradle-4.1-all/bzyivzo6n839fup2jbap0tjew/gradle-4.1/lib/plugins/maven-aether-provider-3.0.4.jar
7f5bc0106000-7f5bc0107000 r--s 00002000 08:11 6693582                    /home/timo/.gradle/wrapper/dists/gradle-4.1-all/bzyivzo6n839fup2jbap0tjew/gradle-4.1/lib/plugins/wagon-file-2.4.jar
7f5bc0107000-7f5bc0108000 r--s 00002000 08:11 6693583                    /home/timo/.gradle/wrapper/dists/gradle-4.1-all/bzyivzo6n839fup2jbap0tjew/gradle-4.1/lib/plugins/wagon-http-2.4.jar
7f5bc0108000-7f5bc010a000 r--s 0000b000 08:11 6693584                    /home/timo/.gradle/wrapper/dists/gradle-4.1-all/bzyivzo6n839fup2jbap0tjew/gradle-4.1/lib/plugins/wagon-provider-api-2.4.jar
7f5bc010a000-7f5bc010b000 r--s 00007000 08:11 6693585                    /home/timo/.gradle/wrapper/dists/gradle-4.1-all/bzyivzo6n839fup2jbap0tjew/gradle-4.1/lib/plugins/wagon-http-shared4-2.4.jar
7f5bc010b000-7f5bc010e000 r--s 00013000 08:11 6693586                    /home/timo/.gradle/wrapper/dists/gradle-4.1-all/bzyivzo6n839fup2jbap0tjew/gradle-4.1/lib/plugins/aether-api-1.13.1.jar
7f5bc010e000-7f5bc0111000 r--s 0001d000 08:11 6693587                    /home/timo/.gradle/wrapper/dists/gradle-4.1-all/bzyivzo6n839fup2jbap0tjew/gradle-4.1/lib/plugins/aether-impl-1.13.1.jar
7f5bc0111000-7f5bc0115000 r--s 0001c000 08:11 6693589                    /home/timo/.gradle/wrapper/dists/gradle-4.1-all/bzyivzo6n839fup2jbap0tjew/gradle-4.1/lib/plugins/aether-util-1.13.1.jar
7f5bc0115000-7f5bc0117000 r--s 00006000 08:11 6693590                    /home/timo/.gradle/wrapper/dists/gradle-4.1-all/bzyivzo6n839fup2jbap0tjew/gradle-4.1/lib/plugins/aether-connector-wagon-1.13.1.jar
7f5bc0117000-7f5bc0123000 r--s 0007d000 08:11 6693542                    /home/timo/.gradle/wrapper/dists/gradle-4.1-all/bzyivzo6n839fup2jbap0tjew/gradle-4.1/lib/plugins/maven-core-3.0.4.jar
7f5bc0123000-7f5bc0128000 r--s 00034000 08:11 6693549                    /home/timo/.gradle/wrapper/dists/gradle-4.1-all/bzyivzo6n839fup2jbap0tjew/gradle-4.1/lib/plugins/gson-2.7.jar
7f5bc0128000-7f5bc0137000 r--s 000d9000 08:11 6693556                    /home/timo/.gradle/wrapper/dists/gradle-4.1-all/bzyivzo6n839fup2jbap0tjew/gradle-4.1/lib/plugins/ivy-2.2.0.jar
7f5bc0137000-7f5bc015b000 r--s 0011a000 08:11 6693537                    /home/timo/.gradle/wrapper/dists/gradle-4.1-all/bzyivzo6n839fup2jbap0tjew/gradle-4.1/lib/plugins/gradle-dependency-management-4.1.jar
7f5bc015b000-7f5bc315c000 rw-p 00000000 00:00 0 
7f5bc315c000-7f5bc3172000 r-xp 00000000 08:11 6033648                    /opt/android-studio/jre/jre/lib/amd64/libnet.so
7f5bc3172000-7f5bc3372000 ---p 00016000 08:11 6033648                    /opt/android-studio/jre/jre/lib/amd64/libnet.so
7f5bc3372000-7f5bc3373000 r--p 00016000 08:11 6033648                    /opt/android-studio/jre/jre/lib/amd64/libnet.so
7f5bc3373000-7f5bc3374000 rw-p 00017000 08:11 6033648                    /opt/android-studio/jre/jre/lib/amd64/libnet.so
7f5bc3374000-7f5bc337e000 r--s 00116000 08:11 6033676                    /opt/android-studio/jre/jre/lib/ext/localedata.jar
7f5bc337e000-7f5bc3535000 r--s 01786000 08:11 6693438                    /home/timo/.gradle/wrapper/dists/gradle-4.1-all/bzyivzo6n839fup2jbap0tjew/gradle-4.1/lib/kotlin-compiler-embeddable-1.1.3-2.jar
7f5bc3535000-7f5bc3536000 ---p 00000000 00:00 0 
7f5bc3536000-7f5bc3636000 rw-p 00000000 00:00 0 
7f5bc3636000-7f5bc4000000 r--p 00000000 08:11 2233612                    /usr/lib/locale/locale-archive
7f5bc4000000-7f5bc4351000 rw-p 00000000 00:00 0 
7f5bc4351000-7f5bc8000000 ---p 00000000 00:00 0 
7f5bc8000000-7f5bc8021000 rw-p 00000000 00:00 0 
7f5bc8021000-7f5bcc000000 ---p 00000000 00:00 0 
7f5bcc000000-7f5bcc021000 rw-p 00000000 00:00 0 
7f5bcc021000-7f5bd0000000 ---p 00000000 00:00 0 
7f5bd0000000-7f5bd0001000 r--s 00003000 08:11 6693588                    /home/timo/.gradle/wrapper/dists/gradle-4.1-all/bzyivzo6n839fup2jbap0tjew/gradle-4.1/lib/plugins/aether-spi-1.13.1.jar
7f5bd0001000-7f5bd0006000 r--s 00040000 08:11 6693557                    /home/timo/.gradle/wrapper/dists/gradle-4.1-all/bzyivzo6n839fup2jbap0tjew/gradle-4.1/lib/plugins/jsch-0.1.54.jar
7f5bd0006000-7f5bd0009000 r--s 0000d000 08:11 6693536                    /home/timo/.gradle/wrapper/dists/gradle-4.1-all/bzyivzo6n839fup2jbap0tjew/gradle-4.1/lib/plugins/gradle-workers-4.1.jar
7f5bd0009000-7f5bd0025000 r--s 00393000 08:11 6033682                    /opt/android-studio/jre/jre/lib/ext/cldrdata.jar
7f5bd0025000-7f5bd0026000 r--s 00006000 08:11 6693444                    /home/timo/.gradle/wrapper/dists/gradle-4.1-all/bzyivzo6n839fup2jbap0tjew/gradle-4.1/lib/gradle-wrapper-4.1.jar
7f5bd0026000-7f5bd0033000 r--s 00043000 08:11 6693443                    /home/timo/.gradle/wrapper/dists/gradle-4.1-all/bzyivzo6n839fup2jbap0tjew/gradle-4.1/lib/gradle-tooling-api-4.1.jar
7f5bd0033000-7f5bd0042000 r--s 000c8000 08:11 6693440                    /home/timo/.gradle/wrapper/dists/gradle-4.1-all/bzyivzo6n839fup2jbap0tjew/gradle-4.1/lib/kotlin-stdlib-1.1.3-2.jar
7f5bd0042000-7f5bd0074000 r--s 0021b000 08:11 6693439                    /home/timo/.gradle/wrapper/dists/gradle-4.1-all/bzyivzo6n839fup2jbap0tjew/gradle-4.1/lib/kotlin-reflect-1.1.3-2.jar
7f5bd0074000-7f5bd0075000 r--s 00000000 08:11 6693437                    /home/timo/.gradle/wrapper/dists/gradle-4.1-all/bzyivzo6n839fup2jbap0tjew/gradle-4.1/lib/gradle-kotlin-dsl-tooling-models-0.10.3.jar
7f5bd0075000-7f5bd0077000 r--s 00003000 08:11 6693433                    /home/timo/.gradle/wrapper/dists/gradle-4.1-all/bzyivzo6n839fup2jbap0tjew/gradle-4.1/lib/annotations-13.0.jar
7f5bd0077000-7f5bd0081000 r--s 00073000 08:11 6693434                    /home/timo/.gradle/wrapper/dists/gradle-4.1-all/bzyivzo6n839fup2jbap0tjew/gradle-4.1/lib/gradle-kotlin-dsl-0.10.3.jar
7f5bd0081000-7f5bd00f1000 r--s 00645000 08:11 6693470                    /home/timo/.gradle/wrapper/dists/gradle-4.1-all/bzyivzo6n839fup2jbap0tjew/gradle-4.1/lib/groovy-all-2.4.11.jar
7f5bd00f1000-7f5bd00f4000 ---p 00000000 00:00 0 
7f5bd00f4000-7f5bd01f2000 rw-p 00000000 00:00 0 
7f5bd01f2000-7f5bd01f5000 ---p 00000000 00:00 0 
7f5bd01f5000-7f5bd02f3000 rw-p 00000000 00:00 0 
7f5bd02f3000-7f5bd02f6000 ---p 00000000 00:00 0 
7f5bd02f6000-7f5bd03f4000 rw-p 00000000 00:00 0 
7f5bd03f4000-7f5bd03f7000 ---p 00000000 00:00 0 
7f5bd03f7000-7f5bd04f5000 rw-p 00000000 00:00 0 
7f5bd04f5000-7f5bd04f8000 ---p 00000000 00:00 0 
7f5bd04f8000-7f5bd05f6000 rw-p 00000000 00:00 0 
7f5bd05f6000-7f5bd05f9000 ---p 00000000 00:00 0 
7f5bd05f9000-7f5bd06f7000 rw-p 00000000 00:00 0 
7f5bd06f7000-7f5bd06fa000 ---p 00000000 00:00 0 
7f5bd06fa000-7f5bd07f8000 rw-p 00000000 00:00 0 
7f5bd07f8000-7f5bd07f9000 ---p 00000000 00:00 0 
7f5bd07f9000-7f5bd4000000 rw-p 00000000 00:00 0 
7f5bd4000000-7f5bd4038000 rw-p 00000000 00:00 0 
7f5bd4038000-7f5bd8000000 ---p 00000000 00:00 0 
7f5bd8000000-7f5bd8021000 rw-p 00000000 00:00 0 
7f5bd8021000-7f5bdc000000 ---p 00000000 00:00 0 
7f5bdc000000-7f5bdc03b000 rw-p 00000000 00:00 0 
7f5bdc03b000-7f5be0000000 ---p 00000000 00:00 0 
7f5be0000000-7f5be0001000 r--s 00001000 08:11 6693435                    /home/timo/.gradle/wrapper/dists/gradle-4.1-all/bzyivzo6n839fup2jbap0tjew/gradle-4.1/lib/gradle-kotlin-dsl-compiler-plugin-0.10.3.jar
7f5be0001000-7f5be0006000 r--s 00013000 08:11 6693450                    /home/timo/.gradle/wrapper/dists/gradle-4.1-all/bzyivzo6n839fup2jbap0tjew/gradle-4.1/lib/gradle-resources-4.1.jar
7f5be0006000-7f5be0008000 r--s 00005000 08:11 6693457                    /home/timo/.gradle/wrapper/dists/gradle-4.1-all/bzyivzo6n839fup2jbap0tjew/gradle-4.1/lib/gradle-cli-4.1.jar
7f5be0008000-7f5be000a000 r--s 00003000 08:11 6693464                    /home/timo/.gradle/wrapper/dists/gradle-4.1-all/bzyivzo6n839fup2jbap0tjew/gradle-4.1/lib/jcl-over-slf4j-1.7.10.jar
7f5be000a000-7f5be000b000 r--s 00005000 08:11 6693463                    /home/timo/.gradle/wrapper/dists/gradle-4.1-all/bzyivzo6n839fup2jbap0tjew/gradle-4.1/lib/log4j-over-slf4j-1.7.10.jar
7f5be000b000-7f5be000d000 r--s 00000000 08:11 6693462                    /home/timo/.gradle/wrapper/dists/gradle-4.1-all/bzyivzo6n839fup2jbap0tjew/gradle-4.1/lib/jul-to-slf4j-1.7.10.jar
7f5be000d000-7f5be0014000 r--s 0002c000 08:11 6693448                    /home/timo/.gradle/wrapper/dists/gradle-4.1-all/bzyivzo6n839fup2jbap0tjew/gradle-4.1/lib/gradle-logging-4.1.jar
7f5be0014000-7f5be0024000 r--s 00082000 08:11 6693453                    /home/timo/.gradle/wrapper/dists/gradle-4.1-all/bzyivzo6n839fup2jbap0tjew/gradle-4.1/lib/gradle-model-core-4.1.jar
7f5be0024000-7f5be0026000 r--s 00006000 08:11 6693454                    /home/timo/.gradle/wrapper/dists/gradle-4.1-all/bzyivzo6n839fup2jbap0tjew/gradle-4.1/lib/gradle-base-services-groovy-4.1.jar
7f5be0026000-7f5be0028000 r--s 00007000 08:11 6693452                    /home/timo/.gradle/wrapper/dists/gradle-4.1-all/bzyivzo6n839fup2jbap0tjew/gradle-4.1/lib/gradle-model-groovy-4.1.jar
7f5be0028000-7f5be0029000 r--s 00002000 08:11 6693475                    /home/timo/.gradle/wrapper/dists/gradle-4.1-all/bzyivzo6n839fup2jbap0tjew/gradle-4.1/lib/gradle-docs-4.1.jar
7f5be0029000-7f5be0036000 r--s 00083000 08:11 6693473                    /home/timo/.gradle/wrapper/dists/gradle-4.1-all/bzyivzo6n839fup2jbap0tjew/gradle-4.1/lib/commons-collections-3.2.2.jar
7f5be0036000-7f5be0037000 r--s 00000000 08:11 6693472                    /home/timo/.gradle/wrapper/dists/gradle-4.1-all/bzyivzo6n839fup2jbap0tjew/gradle-4.1/lib/javax.inject-1.jar
7f5be0037000-7f5be003a000 r--s 00023000 08:11 6693476                    /home/timo/.gradle/wrapper/dists/gradle-4.1-all/bzyivzo6n839fup2jbap0tjew/gradle-4.1/lib/jansi-1.14.jar
7f5be003a000-7f5be003b000 r--s 00004000 08:11 6693478                    /home/timo/.gradle/wrapper/dists/gradle-4.1-all/bzyivzo6n839fup2jbap0tjew/gradle-4.1/lib/native-platform-freebsd-amd64-libcpp-0.14.jar
7f5be003b000-7f5be003c000 r--s 00004000 08:11 6693479                    /home/timo/.gradle/wrapper/dists/gradle-4.1-all/bzyivzo6n839fup2jbap0tjew/gradle-4.1/lib/native-platform-freebsd-amd64-libstdcpp-0.14.jar
7f5be003c000-7f5be003d000 r--s 00004000 08:11 6693480                    /home/timo/.gradle/wrapper/dists/gradle-4.1-all/bzyivzo6n839fup2jbap0tjew/gradle-4.1/lib/native-platform-freebsd-i386-libcpp-0.14.jar
7f5be003d000-7f5be003e000 r--s 00003000 08:11 6693481                    /home/timo/.gradle/wrapper/dists/gradle-4.1-all/bzyivzo6n839fup2jbap0tjew/gradle-4.1/lib/native-platform-freebsd-i386-libstdcpp-0.14.jar
7f5be003e000-7f5be003f000 r--s 00002000 08:11 6693482                    /home/timo/.gradle/wrapper/dists/gradle-4.1-all/bzyivzo6n839fup2jbap0tjew/gradle-4.1/lib/native-platform-linux-amd64-0.14.jar
7f5be003f000-7f5be0040000 r--s 00002000 08:11 6693483                    /home/timo/.gradle/wrapper/dists/gradle-4.1-all/bzyivzo6n839fup2jbap0tjew/gradle-4.1/lib/native-platform-linux-i386-0.14.jar
7f5be0040000-7f5be0042000 r--s 00002000 08:11 6693484                    /home/timo/.gradle/wrapper/dists/gradle-4.1-all/bzyivzo6n839fup2jbap0tjew/gradle-4.1/lib/native-platform-osx-amd64-0.14.jar
7f5be0042000-7f5be0043000 r--s 00003000 08:11 6693485                    /home/timo/.gradle/wrapper/dists/gradle-4.1-all/bzyivzo6n839fup2jbap0tjew/gradle-4.1/lib/native-platform-osx-i386-0.14.jar
7f5be0043000-7f5be0045000 r--s 0000b000 08:11 6693486                    /home/timo/.gradle/wrapper/dists/gradle-4.1-all/bzyivzo6n839fup2jbap0tjew/gradle-4.1/lib/native-platform-windows-amd64-0.14.jar
7f5be0045000-7f5be0046000 r--s 0000b000 08:11 6693487                    /home/timo/.gradle/wrapper/dists/gradle-4.1-all/bzyivzo6n839fup2jbap0tjew/gradle-4.1/lib/native-platform-windows-i386-0.14.jar
7f5be0046000-7f5be0047000 r--s 00001000 08:11 6693488                    /home/timo/.gradle/wrapper/dists/gradle-4.1-all/bzyivzo6n839fup2jbap0tjew/gradle-4.1/lib/native-platform-linux-amd64-ncurses5-0.14.jar
7f5be0047000-7f5be0048000 r--s 00001000 08:11 6693489                    /home/timo/.gradle/wrapper/dists/gradle-4.1-all/bzyivzo6n839fup2jbap0tjew/gradle-4.1/lib/native-platform-linux-amd64-ncurses6-0.14.jar
7f5be0048000-7f5be0049000 r--s 00001000 08:11 6693490                    /home/timo/.gradle/wrapper/dists/gradle-4.1-all/bzyivzo6n839fup2jbap0tjew/gradle-4.1/lib/native-platform-linux-i386-ncurses5-0.14.jar
7f5be0049000-7f5be004a000 r--s 00001000 08:11 6693491                    /home/timo/.gradle/wrapper/dists/gradle-4.1-all/bzyivzo6n839fup2jbap0tjew/gradle-4.1/lib/native-platform-linux-i386-ncurses6-0.14.jar
7f5be004a000-7f5be004e000 r--s 00012000 08:11 6693474                    /home/timo/.gradle/wrapper/dists/gradle-4.1-all/bzyivzo6n839fup2jbap0tjew/gradle-4.1/lib/native-platform-0.14.jar
7f5be004e000-7f5be0051000 r--s 0000c000 08:11 6693451                    /home/timo/.gradle/wrapper/dists/gradle-4.1-all/bzyivzo6n839fup2jbap0tjew/gradle-4.1/lib/gradle-native-4.1.jar
7f5be0051000-7f5be0053000 r--s 0000f000 08:11 6693459                    /home/timo/.gradle/wrapper/dists/gradle-4.1-all/bzyivzo6n839fup2jbap0tjew/gradle-4.1/lib/reflectasm-1.07-shaded.jar
7f5be0053000-7f5be0055000 r--s 00000000 08:11 6693492                    /home/timo/.gradle/wrapper/dists/gradle-4.1-all/bzyivzo6n839fup2jbap0tjew/gradle-4.1/lib/minlog-1.2.jar
7f5be0055000-7f5be0057000 r--s 00007000 08:11 6693493                    /home/timo/.gradle/wrapper/dists/gradle-4.1-all/bzyivzo6n839fup2jbap0tjew/gradle-4.1/lib/objenesis-1.2.jar
7f5be0057000-7f5be005b000 r--s 00026000 08:11 6693458                    /home/timo/.gradle/wrapper/dists/gradle-4.1-all/bzyivzo6n839fup2jbap0tjew/gradle-4.1/lib/kryo-2.20.jar
7f5be005b000-7f5be0061000 r--s 0002b000 08:11 6693455                    /home/timo/.gradle/wrapper/dists/gradle-4.1-all/bzyivzo6n839fup2jbap0tjew/gradle-4.1/lib/gradle-messaging-4.1.jar
7f5be0061000-7f5be0063000 r--s 00006000 08:11 6693449                    /home/timo/.gradle/wrapper/dists/gradle-4.1-all/bzyivzo6n839fup2jbap0tjew/gradle-4.1/lib/gradle-process-services-4.1.jar
7f5be0063000-7f5be0065000 r--s 00000000 08:11 6693447                    /home/timo/.gradle/wrapper/dists/gradle-4.1-all/bzyivzo6n839fup2jbap0tjew/gradle-4.1/lib/gradle-jvm-services-4.1.jar
7f5be0065000-7f5be0066000 r--s 00000000 08:11 6693469                    /home/timo/.gradle/wrapper/dists/gradle-4.1-all/bzyivzo6n839fup2jbap0tjew/gradle-4.1/lib/jcip-annotations-1.0.jar
7f5be0066000-7f5be008e000 r--s 001cf000 08:11 6693466                    /home/timo/.gradle/wrapper/dists/gradle-4.1-all/bzyivzo6n839fup2jbap0tjew/gradle-4.1/lib/guava-jdk5-17.0.jar
7f5be008e000-7f5be00d8000 r--s 00253000 08:11 6693446                    /home/timo/.gradle/wrapper/dists/gradle-4.1-all/bzyivzo6n839fup2jbap0tjew/gradle-4.1/lib/gradle-core-4.1.jar
7f5be00d8000-7f5be1000000 rw-p 00000000 00:00 0 
7f5be1000000-7f5be26a0000 rwxp 00000000 00:00 0 
7f5be26a0000-7f5bf0000000 ---p 00000000 00:00 0 
7f5bf0000000-7f5bf0ce7000 rw-p 00000000 00:00 0 
7f5bf0ce7000-7f5bf4000000 ---p 00000000 00:00 0 
7f5bf4000000-7f5bf401f000 r--s 001d1000 08:11 6693471                    /home/timo/.gradle/wrapper/dists/gradle-4.1-all/bzyivzo6n839fup2jbap0tjew/gradle-4.1/lib/ant-1.9.6.jar
7f5bf401f000-7f5bf41d1000 rw-p 00000000 00:00 0 
7f5bf41d1000-7f5bf43a1000 r--s 03c46000 08:11 6033602                    /opt/android-studio/jre/jre/lib/rt.jar
7f5bf43a1000-7f5bf4717000 rw-p 00000000 00:00 0 
7f5bf4717000-7f5bf4718000 ---p 00000000 00:00 0 
7f5bf4718000-7f5bf4818000 rw-p 00000000 00:00 0 
7f5bf4818000-7f5bf4819000 ---p 00000000 00:00 0 
7f5bf4819000-7f5bf4919000 rw-p 00000000 00:00 0 
7f5bf4919000-7f5bf491a000 ---p 00000000 00:00 0 
7f5bf491a000-7f5bf4a1a000 rw-p 00000000 00:00 0 
7f5bf4a1a000-7f5bf4a1b000 ---p 00000000 00:00 0 
7f5bf4a1b000-7f5bf4b2e000 rw-p 00000000 00:00 0 
7f5bf4b2e000-7f5bf4d1b000 ---p 00000000 00:00 0 
7f5bf4d1b000-7f5bf4d2e000 rw-p 00000000 00:00 0 
7f5bf4d2e000-7f5bf4f1b000 ---p 00000000 00:00 0 
7f5bf4f1b000-7f5bf4fa7000 rw-p 00000000 00:00 0 
7f5bf4fa7000-7f5bf501b000 ---p 00000000 00:00 0 
7f5bf501b000-7f5bf5077000 rw-p 00000000 00:00 0 
7f5bf5077000-7f5bf53dc000 ---p 00000000 00:00 0 
7f5bf53dc000-7f5bf53f6000 r-xp 00000000 08:11 6033623                    /opt/android-studio/jre/jre/lib/amd64/libzip.so
7f5bf53f6000-7f5bf55f6000 ---p 0001a000 08:11 6033623                    /opt/android-studio/jre/jre/lib/amd64/libzip.so
7f5bf55f6000-7f5bf55f7000 r--p 0001a000 08:11 6033623                    /opt/android-studio/jre/jre/lib/amd64/libzip.so
7f5bf55f7000-7f5bf55f8000 rw-p 0001b000 08:11 6033623                    /opt/android-studio/jre/jre/lib/amd64/libzip.so
7f5bf55f8000-7f5bf5603000 r-xp 00000000 08:11 1970799                    /lib/x86_64-linux-gnu/libnss_files-2.26.so
7f5bf5603000-7f5bf5802000 ---p 0000b000 08:11 1970799                    /lib/x86_64-linux-gnu/libnss_files-2.26.so
7f5bf5802000-7f5bf5803000 r--p 0000a000 08:11 1970799                    /lib/x86_64-linux-gnu/libnss_files-2.26.so
7f5bf5803000-7f5bf5804000 rw-p 0000b000 08:11 1970799                    /lib/x86_64-linux-gnu/libnss_files-2.26.so
7f5bf5804000-7f5bf580a000 rw-p 00000000 00:00 0 
7f5bf580a000-7f5bf5815000 r-xp 00000000 08:11 1970810                    /lib/x86_64-linux-gnu/libnss_nis-2.26.so
7f5bf5815000-7f5bf5a14000 ---p 0000b000 08:11 1970810                    /lib/x86_64-linux-gnu/libnss_nis-2.26.so
7f5bf5a14000-7f5bf5a15000 r--p 0000a000 08:11 1970810                    /lib/x86_64-linux-gnu/libnss_nis-2.26.so
7f5bf5a15000-7f5bf5a16000 rw-p 0000b000 08:11 1970810                    /lib/x86_64-linux-gnu/libnss_nis-2.26.so
7f5bf5a16000-7f5bf5a2d000 r-xp 00000000 08:11 1970793                    /lib/x86_64-linux-gnu/libnsl-2.26.so
7f5bf5a2d000-7f5bf5c2c000 ---p 00017000 08:11 1970793                    /lib/x86_64-linux-gnu/libnsl-2.26.so
7f5bf5c2c000-7f5bf5c2d000 r--p 00016000 08:11 1970793                    /lib/x86_64-linux-gnu/libnsl-2.26.so
7f5bf5c2d000-7f5bf5c2e000 rw-p 00017000 08:11 1970793                    /lib/x86_64-linux-gnu/libnsl-2.26.so
7f5bf5c2e000-7f5bf5c30000 rw-p 00000000 00:00 0 
7f5bf5c30000-7f5bf5c38000 r-xp 00000000 08:11 1970795                    /lib/x86_64-linux-gnu/libnss_compat-2.26.so
7f5bf5c38000-7f5bf5e37000 ---p 00008000 08:11 1970795                    /lib/x86_64-linux-gnu/libnss_compat-2.26.so
7f5bf5e37000-7f5bf5e38000 r--p 00007000 08:11 1970795                    /lib/x86_64-linux-gnu/libnss_compat-2.26.so
7f5bf5e38000-7f5bf5e39000 rw-p 00008000 08:11 1970795                    /lib/x86_64-linux-gnu/libnss_compat-2.26.so
7f5bf5e39000-7f5bf5e66000 r-xp 00000000 08:11 6033622                    /opt/android-studio/jre/jre/lib/amd64/libjava.so
7f5bf5e66000-7f5bf6065000 ---p 0002d000 08:11 6033622                    /opt/android-studio/jre/jre/lib/amd64/libjava.so
7f5bf6065000-7f5bf6066000 r--p 0002c000 08:11 6033622                    /opt/android-studio/jre/jre/lib/amd64/libjava.so
7f5bf6066000-7f5bf6068000 rw-p 0002d000 08:11 6033622                    /opt/android-studio/jre/jre/lib/amd64/libjava.so
7f5bf6068000-7f5bf6078000 r-xp 00000000 08:11 6033628                    /opt/android-studio/jre/jre/lib/amd64/libverify.so
7f5bf6078000-7f5bf6277000 ---p 00010000 08:11 6033628                    /opt/android-studio/jre/jre/lib/amd64/libverify.so
7f5bf6277000-7f5bf6279000 r--p 0000f000 08:11 6033628                    /opt/android-studio/jre/jre/lib/amd64/libverify.so
7f5bf6279000-7f5bf627a000 rw-p 00011000 08:11 6033628                    /opt/android-studio/jre/jre/lib/amd64/libverify.so
7f5bf627a000-7f5bf6281000 r-xp 00000000 08:11 1970853                    /lib/x86_64-linux-gnu/librt-2.26.so
7f5bf6281000-7f5bf6480000 ---p 00007000 08:11 1970853                    /lib/x86_64-linux-gnu/librt-2.26.so
7f5bf6480000-7f5bf6481000 r--p 00006000 08:11 1970853                    /lib/x86_64-linux-gnu/librt-2.26.so
7f5bf6481000-7f5bf6482000 rw-p 00007000 08:11 1970853                    /lib/x86_64-linux-gnu/librt-2.26.so
7f5bf6482000-7f5bf65d7000 r-xp 00000000 08:11 1970772                    /lib/x86_64-linux-gnu/libm-2.26.so
7f5bf65d7000-7f5bf67d6000 ---p 00155000 08:11 1970772                    /lib/x86_64-linux-gnu/libm-2.26.so
7f5bf67d6000-7f5bf67d7000 r--p 00154000 08:11 1970772                    /lib/x86_64-linux-gnu/libm-2.26.so
7f5bf67d7000-7f5bf67d8000 rw-p 00155000 08:11 1970772                    /lib/x86_64-linux-gnu/libm-2.26.so
7f5bf67d8000-7f5bf73d0000 r-xp 00000000 08:11 6033632                    /opt/android-studio/jre/jre/lib/amd64/server/libjvm.so
7f5bf73d0000-7f5bf75d0000 ---p 00bf8000 08:11 6033632                    /opt/android-studio/jre/jre/lib/amd64/server/libjvm.so
7f5bf75d0000-7f5bf766f000 r--p 00bf8000 08:11 6033632                    /opt/android-studio/jre/jre/lib/amd64/server/libjvm.so
7f5bf766f000-7f5bf7698000 rw-p 00c97000 08:11 6033632                    /opt/android-studio/jre/jre/lib/amd64/server/libjvm.so
7f5bf7698000-7f5bf76dc000 rw-p 00000000 00:00 0 
7f5bf76dc000-7f5bf76f6000 r-xp 00000000 08:11 1970845                    /lib/x86_64-linux-gnu/libpthread-2.26.so
7f5bf76f6000-7f5bf78f5000 ---p 0001a000 08:11 1970845                    /lib/x86_64-linux-gnu/libpthread-2.26.so
7f5bf78f5000-7f5bf78f6000 r--p 00019000 08:11 1970845                    /lib/x86_64-linux-gnu/libpthread-2.26.so
7f5bf78f6000-7f5bf78f7000 rw-p 0001a000 08:11 1970845                    /lib/x86_64-linux-gnu/libpthread-2.26.so
7f5bf78f7000-7f5bf78fb000 rw-p 00000000 00:00 0 
7f5bf78fb000-7f5bf78fe000 r-xp 00000000 08:11 1970730                    /lib/x86_64-linux-gnu/libdl-2.26.so
7f5bf78fe000-7f5bf7afd000 ---p 00003000 08:11 1970730                    /lib/x86_64-linux-gnu/libdl-2.26.so
7f5bf7afd000-7f5bf7afe000 r--p 00002000 08:11 1970730                    /lib/x86_64-linux-gnu/libdl-2.26.so
7f5bf7afe000-7f5bf7aff000 rw-p 00003000 08:11 1970730                    /lib/x86_64-linux-gnu/libdl-2.26.so
7f5bf7aff000-7f5bf7cd5000 r-xp 00000000 08:11 1970706                    /lib/x86_64-linux-gnu/libc-2.26.so
7f5bf7cd5000-7f5bf7ed5000 ---p 001d6000 08:11 1970706                    /lib/x86_64-linux-gnu/libc-2.26.so
7f5bf7ed5000-7f5bf7ed9000 r--p 001d6000 08:11 1970706                    /lib/x86_64-linux-gnu/libc-2.26.so
7f5bf7ed9000-7f5bf7edb000 rw-p 001da000 08:11 1970706                    /lib/x86_64-linux-gnu/libc-2.26.so
7f5bf7edb000-7f5bf7edf000 rw-p 00000000 00:00 0 
7f5bf7edf000-7f5bf7ef5000 r-xp 00000000 08:11 6033566                    /opt/android-studio/jre/lib/amd64/jli/libjli.so
7f5bf7ef5000-7f5bf80f4000 ---p 00016000 08:11 6033566                    /opt/android-studio/jre/lib/amd64/jli/libjli.so
7f5bf80f4000-7f5bf80f5000 r--p 00015000 08:11 6033566                    /opt/android-studio/jre/lib/amd64/jli/libjli.so
7f5bf80f5000-7f5bf80f6000 rw-p 00016000 08:11 6033566                    /opt/android-studio/jre/lib/amd64/jli/libjli.so
7f5bf80f6000-7f5bf811d000 r-xp 00000000 08:11 1970678                    /lib/x86_64-linux-gnu/ld-2.26.so
7f5bf811d000-7f5bf8122000 r--s 00041000 08:11 6693468                    /home/timo/.gradle/wrapper/dists/gradle-4.1-all/bzyivzo6n839fup2jbap0tjew/gradle-4.1/lib/commons-lang-2.6.jar
7f5bf8122000-7f5bf8125000 r--s 00006000 08:11 6693467                    /home/timo/.gradle/wrapper/dists/gradle-4.1-all/bzyivzo6n839fup2jbap0tjew/gradle-4.1/lib/jsr305-1.3.9.jar
7f5bf8125000-7f5bf8126000 r--s 00007000 08:11 6693465                    /home/timo/.gradle/wrapper/dists/gradle-4.1-all/bzyivzo6n839fup2jbap0tjew/gradle-4.1/lib/slf4j-api-1.7.10.jar
7f5bf8126000-7f5bf812e000 r--s 000bd000 08:11 6693460                    /home/timo/.gradle/wrapper/dists/gradle-4.1-all/bzyivzo6n839fup2jbap0tjew/gradle-4.1/lib/asm-debug-all-6.0_ALPHA.jar
7f5bf812e000-7f5bf813a000 r--s 00053000 08:11 6693456                    /home/timo/.gradle/wrapper/dists/gradle-4.1-all/bzyivzo6n839fup2jbap0tjew/gradle-4.1/lib/gradle-base-services-4.1.jar
7f5bf813a000-7f5bf81fc000 rw-p 00000000 00:00 0 
7f5bf81fc000-7f5bf81ff000 ---p 00000000 00:00 0 
7f5bf81ff000-7f5bf82ff000 rw-p 00000000 00:00 0 
7f5bf82ff000-7f5bf8303000 r--s 00027000 08:11 6693461                    /home/timo/.gradle/wrapper/dists/gradle-4.1-all/bzyivzo6n839fup2jbap0tjew/gradle-4.1/lib/commons-io-2.2.jar
7f5bf8303000-7f5bf8304000 r--s 00004000 08:11 6693477                    /home/timo/.gradle/wrapper/dists/gradle-4.1-all/bzyivzo6n839fup2jbap0tjew/gradle-4.1/lib/ant-launcher-1.9.6.jar
7f5bf8304000-7f5bf8310000 r--s 0005c000 08:11 6693441                    /home/timo/.gradle/wrapper/dists/gradle-4.1-all/bzyivzo6n839fup2jbap0tjew/gradle-4.1/lib/gradle-launcher-4.1.jar
7f5bf8310000-7f5bf8318000 rw-s 00000000 08:11 1322247                    /tmp/hsperfdata_timo/15587
7f5bf8318000-7f5bf8319000 rw-p 00000000 00:00 0 
7f5bf8319000-7f5bf831a000 ---p 00000000 00:00 0 
7f5bf831a000-7f5bf831d000 rw-p 00000000 00:00 0 
7f5bf831d000-7f5bf831e000 r--p 00027000 08:11 1970678                    /lib/x86_64-linux-gnu/ld-2.26.so
7f5bf831e000-7f5bf831f000 rw-p 00028000 08:11 1970678                    /lib/x86_64-linux-gnu/ld-2.26.so
7f5bf831f000-7f5bf8320000 rw-p 00000000 00:00 0 
7ffe9c2bf000-7ffe9c2e0000 rw-p 00000000 00:00 0                          [stack]
7ffe9c3f8000-7ffe9c3fb000 r--p 00000000 00:00 0                          [vvar]
7ffe9c3fb000-7ffe9c3fd000 r-xp 00000000 00:00 0                          [vdso]
ffffffffff600000-ffffffffff601000 r-xp 00000000 00:00 0                  [vsyscall]

VM Arguments:
jvm_args: -Xmx1536m -Dfile.encoding=UTF-8 -Duser.country=DE -Duser.language=de -Duser.variant 
java_command: org.gradle.launcher.daemon.bootstrap.GradleDaemon 4.1
java_class_path (initial): /home/timo/.gradle/wrapper/dists/gradle-4.1-all/bzyivzo6n839fup2jbap0tjew/gradle-4.1/lib/gradle-launcher-4.1.jar
Launcher Type: SUN_STANDARD

Environment Variables:
PATH=/usr/local/sbin:/usr/local/bin:/usr/sbin:/usr/bin:/sbin:/bin:/usr/games:/usr/local/games:/snap/bin
USERNAME=timo
LD_LIBRARY_PATH=/opt/android-studio/bin:
SHELL=/bin/bash
DISPLAY=:0

Signal Handlers:
SIGSEGV: [libjvm.so+0x9ebc60], sa_mask[0]=11111111011111111101111111111110, sa_flags=SA_RESTART|SA_SIGINFO
SIGBUS: [libjvm.so+0x9ebc60], sa_mask[0]=11111111011111111101111111111110, sa_flags=SA_RESTART|SA_SIGINFO
SIGFPE: [libjvm.so+0x84cf60], sa_mask[0]=11111111011111111101111111111110, sa_flags=SA_RESTART|SA_SIGINFO
SIGPIPE: [libjvm.so+0x84cf60], sa_mask[0]=11111111011111111101111111111110, sa_flags=SA_RESTART|SA_SIGINFO
SIGXFSZ: [libjvm.so+0x84cf60], sa_mask[0]=11111111011111111101111111111110, sa_flags=SA_RESTART|SA_SIGINFO
SIGILL: [libjvm.so+0x84cf60], sa_mask[0]=11111111011111111101111111111110, sa_flags=SA_RESTART|SA_SIGINFO
SIGUSR1: SIG_DFL, sa_mask[0]=00000000000000000000000000000000, sa_flags=none
SIGUSR2: [libjvm.so+0x84ce30], sa_mask[0]=00100000000000000000000000000000, sa_flags=SA_RESTART|SA_SIGINFO
SIGHUP: [libjvm.so+0x84d020], sa_mask[0]=11111111011111111101111111111110, sa_flags=SA_RESTART|SA_SIGINFO
SIGINT: [libjvm.so+0x84d020], sa_mask[0]=11111111011111111101111111111110, sa_flags=SA_RESTART|SA_SIGINFO
SIGTERM: [libjvm.so+0x84d020], sa_mask[0]=11111111011111111101111111111110, sa_flags=SA_RESTART|SA_SIGINFO
SIGQUIT: [libjvm.so+0x84d020], sa_mask[0]=11111111011111111101111111111110, sa_flags=SA_RESTART|SA_SIGINFO


---------------  S Y S T E M  ---------------

OS:DISTRIB_ID=Ubuntu
DISTRIB_RELEASE=17.10
DISTRIB_CODENAME=artful
DISTRIB_DESCRIPTION="Ubuntu 17.10"

uname:Linux 4.13.0-21-generic #24-Ubuntu SMP Mon Dec 18 17:29:16 UTC 2017 x86_64
libc:glibc 2.26 NPTL 2.26 
rlimit: STACK 8192k, CORE 0k, NPROC 14779, NOFILE 1048576, AS infinity
load average:2,72 1,44 0,89

/proc/meminfo:
MemTotal:        3836372 kB
MemFree:          111572 kB
MemAvailable:      40632 kB
Buffers:            4112 kB
Cached:           237320 kB
SwapCached:          932 kB
Active:          2909036 kB
Inactive:         608172 kB
Active(anon):    2884820 kB
Inactive(anon):   576528 kB
Active(file):      24216 kB
Inactive(file):    31644 kB
Unevictable:          32 kB
Mlocked:              32 kB
SwapTotal:       2097148 kB
SwapFree:              0 kB
Dirty:               112 kB
Writeback:             0 kB
AnonPages:       3275072 kB
Mapped:           114124 kB
Shmem:            188840 kB
Slab:              88880 kB
SReclaimable:      41072 kB
SUnreclaim:        47808 kB
KernelStack:       15216 kB
PageTables:        63468 kB
NFS_Unstable:          0 kB
Bounce:                0 kB
WritebackTmp:          0 kB
CommitLimit:     4015332 kB
Committed_AS:   11862868 kB
VmallocTotal:   34359738367 kB
VmallocUsed:           0 kB
VmallocChunk:          0 kB
HardwareCorrupted:     0 kB
AnonHugePages:         0 kB
ShmemHugePages:        0 kB
ShmemPmdMapped:        0 kB
CmaTotal:              0 kB
CmaFree:               0 kB
HugePages_Total:       0
HugePages_Free:        0
HugePages_Rsvd:        0
HugePages_Surp:        0
Hugepagesize:       2048 kB
DirectMap4k:      139324 kB
DirectMap2M:     3846144 kB


CPU:total 4 (initial active 4) (2 cores per cpu, 2 threads per core) family 6 model 37 stepping 5, cmov, cx8, fxsr, mmx, sse, sse2, sse3, ssse3, sse4.1, sse4.2, popcnt, aes, clmul, ht, tsc, tscinvbit

/proc/cpuinfo:
processor	: 0
vendor_id	: GenuineIntel
cpu family	: 6
model		: 37
model name	: Intel(R) Core(TM) i5 CPU       M 520  @ 2.40GHz
stepping	: 5
microcode	: 0x4
cpu MHz		: 1199.000
cache size	: 3072 KB
physical id	: 0
siblings	: 4
core id		: 0
cpu cores	: 2
apicid		: 0
initial apicid	: 0
fpu		: yes
fpu_exception	: yes
cpuid level	: 11
wp		: yes
flags		: fpu vme de pse tsc msr pae mce cx8 apic sep mtrr pge mca cmov pat pse36 clflush dts acpi mmx fxsr sse sse2 ss ht tm pbe syscall nx rdtscp lm constant_tsc arch_perfmon pebs bts rep_good nopl xtopology nonstop_tsc cpuid aperfmperf pni pclmulqdq dtes64 monitor ds_cpl vmx smx est tm2 ssse3 cx16 xtpr pdcm pcid sse4_1 sse4_2 popcnt aes lahf_lm tpr_shadow vnmi flexpriority ept vpid dtherm ida arat
bugs		:
bogomips	: 4788.27
clflush size	: 64
cache_alignment	: 64
address sizes	: 36 bits physical, 48 bits virtual
power management:

processor	: 1
vendor_id	: GenuineIntel
cpu family	: 6
model		: 37
model name	: Intel(R) Core(TM) i5 CPU       M 520  @ 2.40GHz
stepping	: 5
microcode	: 0x4
cpu MHz		: 2399.000
cache size	: 3072 KB
physical id	: 0
siblings	: 4
core id		: 0
cpu cores	: 2
apicid		: 1
initial apicid	: 1
fpu		: yes
fpu_exception	: yes
cpuid level	: 11
wp		: yes
flags		: fpu vme de pse tsc msr pae mce cx8 apic sep mtrr pge mca cmov pat pse36 clflush dts acpi mmx fxsr sse sse2 ss ht tm pbe syscall nx rdtscp lm constant_tsc arch_perfmon pebs bts rep_good nopl xtopology nonstop_tsc cpuid aperfmperf pni pclmulqdq dtes64 monitor ds_cpl vmx smx est tm2 ssse3 cx16 xtpr pdcm pcid sse4_1 sse4_2 popcnt aes lahf_lm tpr_shadow vnmi flexpriority ept vpid dtherm ida arat
bugs		:
bogomips	: 4788.27
clflush size	: 64
cache_alignment	: 64
address sizes	: 36 bits physical, 48 bits virtual
power management:

processor	: 2
vendor_id	: GenuineIntel
cpu family	: 6
model		: 37
model name	: Intel(R) Core(TM) i5 CPU       M 520  @ 2.40GHz
stepping	: 5
microcode	: 0x4
cpu MHz		: 1199.000
cache size	: 3072 KB
physical id	: 0
siblings	: 4
core id		: 2
cpu cores	: 2
apicid		: 4
initial apicid	: 4
fpu		: yes
fpu_exception	: yes
cpuid level	: 11
wp		: yes
flags		: fpu vme de pse tsc msr pae mce cx8 apic sep mtrr pge mca cmov pat pse36 clflush dts acpi mmx fxsr sse sse2 ss ht tm pbe syscall nx rdtscp lm constant_tsc arch_perfmon pebs bts rep_good nopl xtopology nonstop_tsc cpuid aperfmperf pni pclmulqdq dtes64 monitor ds_cpl vmx smx est tm2 ssse3 cx16 xtpr pdcm pcid sse4_1 sse4_2 popcnt aes lahf_lm tpr_shadow vnmi flexpriority ept vpid dtherm ida arat
bugs		:
bogomips	: 4788.27
clflush size	: 64
cache_alignment	: 64
address sizes	: 36 bits physical, 48 bits virtual
power management:

processor	: 3
vendor_id	: GenuineIntel
cpu family	: 6
model		: 37
model name	: Intel(R) Core(TM) i5 CPU       M 520  @ 2.40GHz
stepping	: 5
microcode	: 0x4
cpu MHz		: 1199.000
cache size	: 3072 KB
physical id	: 0
siblings	: 4
core id		: 2
cpu cores	: 2
apicid		: 5
initial apicid	: 5
fpu		: yes
fpu_exception	: yes
cpuid level	: 11
wp		: yes
flags		: fpu vme de pse tsc msr pae mce cx8 apic sep mtrr pge mca cmov pat pse36 clflush dts acpi mmx fxsr sse sse2 ss ht tm pbe syscall nx rdtscp lm constant_tsc arch_perfmon pebs bts rep_good nopl xtopology nonstop_tsc cpuid aperfmperf pni pclmulqdq dtes64 monitor ds_cpl vmx smx est tm2 ssse3 cx16 xtpr pdcm pcid sse4_1 sse4_2 popcnt aes lahf_lm tpr_shadow vnmi flexpriority ept vpid dtherm ida arat
bugs		:
bogomips	: 4788.27
clflush size	: 64
cache_alignment	: 64
address sizes	: 36 bits physical, 48 bits virtual
power management:



Memory: 4k page, physical 3836372k(111572k free), swap 2097148k(0k free)

vm_info: OpenJDK 64-Bit Server VM (25.152-b01) for linux-amd64 JRE (1.8.0_152-release-915-b01), built by "builder" with gcc 4.8.4

time: Sun Dec 31 12:01:06 2017
elapsed time: 28 seconds (0d 0h 0m 28s)

