#
# There is insufficient memory for the Java Runtime Environment to continue.
# Native memory allocation (mmap) failed to map 107479040 bytes for committing reserved memory.
# Possible reasons:
#   The system is out of physical RAM or swap space
#   In 32 bit mode, the process size limit was hit
# Possible solutions:
#   Reduce memory load on the system
#   Increase physical memory or swap space
#   Check if swap backing store is full
#   Use 64 bit Java on a 64 bit OS
#   Decrease Java heap size (-Xmx/-Xms)
#   Decrease number of Java threads
#   Decrease Java thread stack sizes (-Xss)
#   Set larger code cache with -XX:ReservedCodeCacheSize=
# This output file may be truncated or incomplete.
#
#  Out of Memory Error (os_linux.cpp:2640), pid=15683, tid=0x00007fd37b5f5700
#
# JRE version: OpenJDK Runtime Environment (8.0_152-b01) (build 1.8.0_152-release-915-b01)
# Java VM: OpenJDK 64-Bit Server VM (25.152-b01 mixed mode linux-amd64 compressed oops)
# Failed to write core dump. Core dumps have been disabled. To enable core dumping, try "ulimit -c unlimited" before starting Java again
#

---------------  T H R E A D  ---------------

Current thread (0x00007fd39c078800):  VMThread [stack: 0x00007fd37b4f5000,0x00007fd37b5f6000] [id=15691]

Stack: [0x00007fd37b4f5000,0x00007fd37b5f6000],  sp=0x00007fd37b5f4450,  free space=1021k
Native frames: (J=compiled Java code, j=interpreted, Vv=VM code, C=native code)
V  [libjvm.so+0x9eb15d]  VMError::report_and_die()+0x15d
V  [libjvm.so+0x4b8eaa]  report_vm_out_of_memory(char const*, int, unsigned long, VMErrorType, char const*)+0x8a
V  [libjvm.so+0x851370]  os::pd_commit_memory(char*, unsigned long, unsigned long, bool)+0xf0
V  [libjvm.so+0x84be8f]  os::commit_memory(char*, unsigned long, unsigned long, bool)+0x1f
V  [libjvm.so+0x8c261b]  PSVirtualSpace::expand_by(unsigned long)+0x5b
V  [libjvm.so+0x8c3290]  PSYoungGen::resize_generation(unsigned long, unsigned long)+0xb0
V  [libjvm.so+0x8c35ab]  PSYoungGen::resize(unsigned long, unsigned long)+0x1b
V  [libjvm.so+0x8bfc9c]  PSScavenge::invoke_no_policy()+0xdac
V  [libjvm.so+0x8b97a0]  PSParallelCompact::invoke(bool)+0x40
V  [libjvm.so+0x448a93]  CollectedHeap::collect_as_vm_thread(GCCause::Cause)+0x143
V  [libjvm.so+0x9ec5a1]  VM_CollectForMetadataAllocation::doit()+0x141
V  [libjvm.so+0x9f1197]  VM_Operation::evaluate()+0x47
V  [libjvm.so+0x9efb78]  VMThread::evaluate_operation(VM_Operation*)+0x2c8
V  [libjvm.so+0x9efff9]  VMThread::loop()+0x219
V  [libjvm.so+0x9f0442]  VMThread::run()+0x72
V  [libjvm.so+0x84e792]  java_start(Thread*)+0xf2

VM_Operation (0x00007fd31de1e350): CollectForMetadataAllocation, mode: safepoint, requested by thread 0x00007fd3317e7000


---------------  P R O C E S S  ---------------

Java Threads: ( => current thread )
  0x00007fd30c01f800 JavaThread "Cache worker for Java compile cache (/home/timo/AndroidStudioProjects/FLUETrainer/.gradle/4.1/javaCompile)" [_thread_blocked, id=15732, stack(0x00007fd31da27000,0x00007fd31db28000)]
  0x00007fd3317e7000 JavaThread "Task worker for ':' Thread 3" [_thread_blocked, id=15730, stack(0x00007fd31dd28000,0x00007fd31de29000)]
  0x00007fd3317e6000 JavaThread "Task worker for ':' Thread 2" [_thread_blocked, id=15729, stack(0x00007fd31de29000,0x00007fd31df2a000)]
  0x00007fd3317be800 JavaThread "Task worker for ':'" [_thread_blocked, id=15728, stack(0x00007fd31df2a000,0x00007fd31e02b000)]
  0x00007fd3317b1000 JavaThread "Cache worker for task history cache (/home/timo/AndroidStudioProjects/FLUETrainer/.gradle/4.1/taskHistory)" [_thread_blocked, id=15727, stack(0x00007fd31e02b000,0x00007fd31e12c000)]
  0x00007fd3317a3800 JavaThread "Cache worker for file content cache (/home/timo/AndroidStudioProjects/FLUETrainer/.gradle/4.1/fileContent)" [_thread_blocked, id=15726, stack(0x00007fd31e12c000,0x00007fd31e22d000)]
  0x00007fd330875800 JavaThread "Memory manager" [_thread_blocked, id=15719, stack(0x00007fd31f042000,0x00007fd31f143000)]
  0x00007fd330f11800 JavaThread "build operations Thread 4" [_thread_blocked, id=15718, stack(0x00007fd31f8fd000,0x00007fd31f9fe000)]
  0x00007fd330f10000 JavaThread "build operations Thread 3" [_thread_blocked, id=15717, stack(0x00007fd31f9fe000,0x00007fd31faff000)]
  0x00007fd330f0f000 JavaThread "build operations Thread 2" [_thread_blocked, id=15716, stack(0x00007fd31faff000,0x00007fd31fc00000)]
  0x00007fd330f0e000 JavaThread "build operations" [_thread_blocked, id=15715, stack(0x00007fd34c053000,0x00007fd34c154000)]
  0x00007fd330e07000 JavaThread "Cache worker for Artifact transforms cache (/home/timo/.gradle/caches/transforms-1)" [_thread_blocked, id=15714, stack(0x00007fd34c154000,0x00007fd34c255000)]
  0x00007fd3301ac000 JavaThread "Cache worker for file hash cache (/home/timo/AndroidStudioProjects/FLUETrainer/.gradle/4.1/fileHashes)" [_thread_blocked, id=15712, stack(0x00007fd378085000,0x00007fd378186000)]
  0x00007fd33011f000 JavaThread "File lock request listener" [_thread_in_native, id=15711, stack(0x00007fd378186000,0x00007fd378287000)]
  0x00007fd330102000 JavaThread "Cache worker for file hash cache (/home/timo/.gradle/caches/4.1/fileHashes)" [_thread_blocked, id=15710, stack(0x00007fd378287000,0x00007fd378388000)]
  0x00007fd330010000 JavaThread "Stdin handler" [_thread_blocked, id=15709, stack(0x00007fd378388000,0x00007fd378489000)]
  0x00007fd330013800 JavaThread "Asynchronous log dispatcher for DefaultDaemonConnection: socket connection from /127.0.0.1:37567 to /127.0.0.1:40232" [_thread_blocked, id=15708, stack(0x00007fd378489000,0x00007fd37858a000)]
  0x00007fd34400c000 JavaThread "Daemon worker" [_thread_blocked, id=15705, stack(0x00007fd37878a000,0x00007fd37888b000)]
  0x00007fd34400a800 JavaThread "Cancel handler" [_thread_blocked, id=15704, stack(0x00007fd37888b000,0x00007fd37898c000)]
  0x00007fd344003800 JavaThread "Handler for socket connection from /127.0.0.1:37567 to /127.0.0.1:40232" [_thread_in_native, id=15703, stack(0x00007fd37898c000,0x00007fd378a8d000)]
  0x00007fd34803f800 JavaThread "Daemon" [_thread_blocked, id=15702, stack(0x00007fd378a8d000,0x00007fd378b8e000)]
  0x00007fd39ccc5000 JavaThread "Daemon periodic checks" [_thread_blocked, id=15701, stack(0x00007fd378b8e000,0x00007fd378c8f000)]
  0x00007fd39ccab800 JavaThread "Incoming local TCP Connector on port 37567" [_thread_in_native, id=15700, stack(0x00007fd378c96000,0x00007fd378d97000)]
  0x00007fd39c0d3000 JavaThread "Service Thread" daemon [_thread_blocked, id=15698, stack(0x00007fd37a424000,0x00007fd37a525000)]
  0x00007fd39c0be000 JavaThread "C1 CompilerThread2" daemon [_thread_blocked, id=15697, stack(0x00007fd37a525000,0x00007fd37a626000)]
  0x00007fd39c0bc000 JavaThread "C2 CompilerThread1" daemon [_thread_blocked, id=15696, stack(0x00007fd37a626000,0x00007fd37a727000)]
  0x00007fd39c0b9000 JavaThread "C2 CompilerThread0" daemon [_thread_blocked, id=15695, stack(0x00007fd37a727000,0x00007fd37a828000)]
  0x00007fd39c0b5000 JavaThread "Signal Dispatcher" daemon [_thread_blocked, id=15694, stack(0x00007fd37a828000,0x00007fd37a929000)]
  0x00007fd39c085000 JavaThread "Finalizer" daemon [_thread_blocked, id=15693, stack(0x00007fd37b2f3000,0x00007fd37b3f4000)]
  0x00007fd39c080800 JavaThread "Reference Handler" daemon [_thread_blocked, id=15692, stack(0x00007fd37b3f4000,0x00007fd37b4f5000)]
  0x00007fd39c00b000 JavaThread "main" [_thread_blocked, id=15686, stack(0x00007fd3a2e59000,0x00007fd3a2f5a000)]

Other Threads:
=>0x00007fd39c078800 VMThread [stack: 0x00007fd37b4f5000,0x00007fd37b5f6000] [id=15691]
  0x00007fd39c0d5800 WatcherThread [stack: 0x00007fd37a323000,0x00007fd37a424000] [id=15699]

VM state:at safepoint (normal execution)

VM Mutex/Monitor currently owned by a thread:  ([mutex/lock_event])
[0x00007fd39c007ba0] Threads_lock - owner thread: 0x00007fd39c078800
[0x00007fd39c0080a0] Heap_lock - owner thread: 0x00007fd3317e7000

Heap:
 PSYoungGen      total 268288K, used 9189K [0x00000000e0000000, 0x00000000f1600000, 0x0000000100000000)
  eden space 251904K, 0% used [0x00000000e0000000,0x00000000e0000000,0x00000000ef600000)
  from space 16384K, 56% used [0x00000000ef600000,0x00000000efef94f0,0x00000000f0600000)
  to   space 14336K, 0% used [0x00000000f0800000,0x00000000f0800000,0x00000000f1600000)
 ParOldGen       total 38912K, used 33591K [0x00000000a0000000, 0x00000000a2600000, 0x00000000e0000000)
  object space 38912K, 86% used [0x00000000a0000000,0x00000000a20cdc80,0x00000000a2600000)
 Metaspace       used 57122K, capacity 58858K, committed 59028K, reserved 1099776K
  class space    used 7681K, capacity 8138K, committed 8192K, reserved 1048576K

Card table byte_map: [0x00007fd38c93f000,0x00007fd38cc40000] byte_map_base: 0x00007fd38c43f000

Marking Bits: (ParMarkBitMap*) 0x00007fd3a230a3e0
 Begin Bits: [0x00007fd38933b000, 0x00007fd38ab3b000)
 End Bits:   [0x00007fd38ab3b000, 0x00007fd38c33b000)

Polling page: 0x00007fd3a2f76000

CodeCache: size=245760Kb used=21581Kb max_used=21596Kb free=224178Kb
 bounds [0x00007fd38d000000, 0x00007fd38e530000, 0x00007fd39c000000]
 total_blobs=7363 nmethods=6597 adapters=680
 compilation: enabled

Compilation events (10 events):
Event: 29,310 Thread 0x00007fd39c0be000 7579       3       com.sun.tools.javac.code.Symbol$TypeSymbol::<init> (13 bytes)
Event: 29,311 Thread 0x00007fd39c0be000 nmethod 7579 0x00007fd38e51ab10 code [0x00007fd38e51ac80, 0x00007fd38e51ae08]
Event: 29,320 Thread 0x00007fd39c0b9000 nmethod 7537 0x00007fd38d1f7190 code [0x00007fd38d1f72e0, 0x00007fd38d1f7358]
Event: 29,320 Thread 0x00007fd39c0b9000 7539       4       java.lang.Character::charCount (12 bytes)
Event: 29,321 Thread 0x00007fd39c0b9000 nmethod 7539 0x00007fd38d355210 code [0x00007fd38d355360, 0x00007fd38d3553b8]
Event: 29,321 Thread 0x00007fd39c0b9000 7506       4       com.sun.tools.javac.file.ZipFileIndex::access$400 (6 bytes)
Event: 29,322 Thread 0x00007fd39c0b9000 nmethod 7506 0x00007fd38e519310 code [0x00007fd38e519460, 0x00007fd38e519518]
Event: 29,322 Thread 0x00007fd39c0b9000 7509 %     4       com.sun.tools.javac.file.ZipFileIndex$ZipDirectory::readEntry @ 102 (587 bytes)
Event: 29,326 Thread 0x00007fd39c0bc000 nmethod 7508 0x00007fd38e52bd10 code [0x00007fd38e52be80, 0x00007fd38e52c008]
Event: 29,326 Thread 0x00007fd39c0bc000 7512       4       com.sun.tools.javac.file.RelativePath::hashCode (8 bytes)

GC Heap History (10 events):
Event: 10,074 GC heap after
Heap after GC invocations=10 (full 1):
 PSYoungGen      total 126464K, used 9698K [0x00000000e0000000, 0x00000000ebf80000, 0x0000000100000000)
  eden space 116736K, 0% used [0x00000000e0000000,0x00000000e0000000,0x00000000e7200000)
  from space 9728K, 99% used [0x00000000e7200000,0x00000000e7b78bf8,0x00000000e7b80000)
  to   space 11264K, 0% used [0x00000000eb480000,0x00000000eb480000,0x00000000ebf80000)
 ParOldGen       total 32768K, used 12814K [0x00000000a0000000, 0x00000000a2000000, 0x00000000e0000000)
  object space 32768K, 39% used [0x00000000a0000000,0x00000000a0c83888,0x00000000a2000000)
 Metaspace       used 31328K, capacity 31996K, committed 32256K, reserved 1077248K
  class space    used 4275K, capacity 4503K, committed 4608K, reserved 1048576K
}
Event: 10,679 GC heap before
{Heap before GC invocations=11 (full 1):
 PSYoungGen      total 126464K, used 23827K [0x00000000e0000000, 0x00000000ebf80000, 0x0000000100000000)
  eden space 116736K, 12% used [0x00000000e0000000,0x00000000e0dcc308,0x00000000e7200000)
  from space 9728K, 99% used [0x00000000e7200000,0x00000000e7b78bf8,0x00000000e7b80000)
  to   space 11264K, 0% used [0x00000000eb480000,0x00000000eb480000,0x00000000ebf80000)
 ParOldGen       total 32768K, used 12814K [0x00000000a0000000, 0x00000000a2000000, 0x00000000e0000000)
  object space 32768K, 39% used [0x00000000a0000000,0x00000000a0c83888,0x00000000a2000000)
 Metaspace       used 34441K, capacity 35188K, committed 35416K, reserved 1079296K
  class space    used 4681K, capacity 4934K, committed 4992K, reserved 1048576K
Event: 10,713 GC heap after
Heap after GC invocations=11 (full 1):
 PSYoungGen      total 185344K, used 5038K [0x00000000e0000000, 0x00000000ec180000, 0x0000000100000000)
  eden space 174080K, 0% used [0x00000000e0000000,0x00000000e0000000,0x00000000eaa00000)
  from space 11264K, 44% used [0x00000000eb480000,0x00000000eb96ba20,0x00000000ebf80000)
  to   space 10752K, 0% used [0x00000000eaa00000,0x00000000eaa00000,0x00000000eb480000)
 ParOldGen       total 32768K, used 16510K [0x00000000a0000000, 0x00000000a2000000, 0x00000000e0000000)
  object space 32768K, 50% used [0x00000000a0000000,0x00000000a101f908,0x00000000a2000000)
 Metaspace       used 34441K, capacity 35188K, committed 35416K, reserved 1079296K
  class space    used 4681K, capacity 4934K, committed 4992K, reserved 1048576K
}
Event: 10,713 GC heap before
{Heap before GC invocations=12 (full 2):
 PSYoungGen      total 185344K, used 5038K [0x00000000e0000000, 0x00000000ec180000, 0x0000000100000000)
  eden space 174080K, 0% used [0x00000000e0000000,0x00000000e0000000,0x00000000eaa00000)
  from space 11264K, 44% used [0x00000000eb480000,0x00000000eb96ba20,0x00000000ebf80000)
  to   space 10752K, 0% used [0x00000000eaa00000,0x00000000eaa00000,0x00000000eb480000)
 ParOldGen       total 32768K, used 16510K [0x00000000a0000000, 0x00000000a2000000, 0x00000000e0000000)
  object space 32768K, 50% used [0x00000000a0000000,0x00000000a101f908,0x00000000a2000000)
 Metaspace       used 34441K, capacity 35188K, committed 35416K, reserved 1079296K
  class space    used 4681K, capacity 4934K, committed 4992K, reserved 1048576K
Event: 10,876 GC heap after
Heap after GC invocations=12 (full 2):
 PSYoungGen      total 185344K, used 0K [0x00000000e0000000, 0x00000000ec180000, 0x0000000100000000)
  eden space 174080K, 0% used [0x00000000e0000000,0x00000000e0000000,0x00000000eaa00000)
  from space 11264K, 0% used [0x00000000eb480000,0x00000000eb480000,0x00000000ebf80000)
  to   space 10752K, 0% used [0x00000000eaa00000,0x00000000eaa00000,0x00000000eb480000)
 ParOldGen       total 38912K, used 14550K [0x00000000a0000000, 0x00000000a2600000, 0x00000000e0000000)
  object space 38912K, 37% used [0x00000000a0000000,0x00000000a0e35bc8,0x00000000a2600000)
 Metaspace       used 34441K, capacity 35188K, committed 35416K, reserved 1079296K
  class space    used 4681K, capacity 4934K, committed 4992K, reserved 1048576K
}
Event: 16,566 GC heap before
{Heap before GC invocations=13 (full 2):
 PSYoungGen      total 185344K, used 174080K [0x00000000e0000000, 0x00000000ec180000, 0x0000000100000000)
  eden space 174080K, 100% used [0x00000000e0000000,0x00000000eaa00000,0x00000000eaa00000)
  from space 11264K, 0% used [0x00000000eb480000,0x00000000eb480000,0x00000000ebf80000)
  to   space 10752K, 0% used [0x00000000eaa00000,0x00000000eaa00000,0x00000000eb480000)
 ParOldGen       total 38912K, used 14550K [0x00000000a0000000, 0x00000000a2600000, 0x00000000e0000000)
  object space 38912K, 37% used [0x00000000a0000000,0x00000000a0e35bc8,0x00000000a2600000)
 Metaspace       used 45903K, capacity 46872K, committed 47192K, reserved 1089536K
  class space    used 6144K, capacity 6475K, committed 6528K, reserved 1048576K
Event: 16,609 GC heap after
Heap after GC invocations=13 (full 2):
 PSYoungGen      total 184832K, used 10726K [0x00000000e0000000, 0x00000000f1600000, 0x0000000100000000)
  eden space 174080K, 0% used [0x00000000e0000000,0x00000000e0000000,0x00000000eaa00000)
  from space 10752K, 99% used [0x00000000eaa00000,0x00000000eb479870,0x00000000eb480000)
  to   space 14336K, 0% used [0x00000000f0800000,0x00000000f0800000,0x00000000f1600000)
 ParOldGen       total 38912K, used 20324K [0x00000000a0000000, 0x00000000a2600000, 0x00000000e0000000)
  object space 38912K, 52% used [0x00000000a0000000,0x00000000a13d92a8,0x00000000a2600000)
 Metaspace       used 45903K, capacity 46872K, committed 47192K, reserved 1089536K
  class space    used 6144K, capacity 6475K, committed 6528K, reserved 1048576K
}
Event: 23,109 GC heap before
{Heap before GC invocations=14 (full 2):
 PSYoungGen      total 184832K, used 184806K [0x00000000e0000000, 0x00000000f1600000, 0x0000000100000000)
  eden space 174080K, 100% used [0x00000000e0000000,0x00000000eaa00000,0x00000000eaa00000)
  from space 10752K, 99% used [0x00000000eaa00000,0x00000000eb479870,0x00000000eb480000)
  to   space 14336K, 0% used [0x00000000f0800000,0x00000000f0800000,0x00000000f1600000)
 ParOldGen       total 38912K, used 20324K [0x00000000a0000000, 0x00000000a2600000, 0x00000000e0000000)
  object space 38912K, 52% used [0x00000000a0000000,0x00000000a13d92a8,0x00000000a2600000)
 Metaspace       used 52549K, capacity 54262K, committed 54360K, reserved 1095680K
  class space    used 7125K, capacity 7546K, committed 7552K, reserved 1048576K
Event: 23,219 GC heap after
Heap after GC invocations=14 (full 2):
 PSYoungGen      total 266240K, used 13622K [0x00000000e0000000, 0x00000000f1600000, 0x0000000100000000)
  eden space 251904K, 0% used [0x00000000e0000000,0x00000000e0000000,0x00000000ef600000)
  from space 14336K, 95% used [0x00000000f0800000,0x00000000f154db80,0x00000000f1600000)
  to   space 16384K, 0% used [0x00000000ef600000,0x00000000ef600000,0x00000000f0600000)
 ParOldGen       total 38912K, used 28965K [0x00000000a0000000, 0x00000000a2600000, 0x00000000e0000000)
  object space 38912K, 74% used [0x00000000a0000000,0x00000000a1c495f0,0x00000000a2600000)
 Metaspace       used 52549K, capacity 54262K, committed 54360K, reserved 1095680K
  class space    used 7125K, capacity 7546K, committed 7552K, reserved 1048576K
}
Event: 29,380 GC heap before
{Heap before GC invocations=15 (full 2):
 PSYoungGen      total 266240K, used 85519K [0x00000000e0000000, 0x00000000f1600000, 0x0000000100000000)
  eden space 251904K, 28% used [0x00000000e0000000,0x00000000e4636220,0x00000000ef600000)
  from space 14336K, 95% used [0x00000000f0800000,0x00000000f154db80,0x00000000f1600000)
  to   space 16384K, 0% used [0x00000000ef600000,0x00000000ef600000,0x00000000f0600000)
 ParOldGen       total 38912K, used 28965K [0x00000000a0000000, 0x00000000a2600000, 0x00000000e0000000)
  object space 38912K, 74% used [0x00000000a0000000,0x00000000a1c495f0,0x00000000a2600000)
 Metaspace       used 57122K, capacity 58858K, committed 59028K, reserved 1099776K
  class space    used 7681K, capacity 8138K, committed 8192K, reserved 1048576K

Deoptimization events (10 events):
Event: 24,889 Thread 0x00007fd3317b1000 Uncommon trap: reason=bimorphic action=maybe_recompile pc=0x00007fd38e321704 method=java.io.BufferedInputStream.read1([BII)I @ 39
Event: 25,002 Thread 0x00007fd3317e7000 Uncommon trap: reason=unstable_if action=reinterpret pc=0x00007fd38d93279c method=java.security.MessageDigest.isEqual([B[B)Z @ 53
Event: 25,143 Thread 0x00007fd3317e7000 Uncommon trap: reason=unstable_if action=reinterpret pc=0x00007fd38e31f3c8 method=org.gradle.api.internal.file.pattern.PatternMatcherFactory$PathMatcherBackedSpec.isSatisfiedBy(Lorg/gradle/api/file/RelativePath;)Z @ 11
Event: 25,143 Thread 0x00007fd3317e7000 Uncommon trap: reason=unstable_if action=reinterpret pc=0x00007fd38e358934 method=org.gradle.api.internal.file.pattern.PatternMatcherFactory$PathMatcherBackedSpec.isSatisfiedBy(Lorg/gradle/api/file/RelativePath;)Z @ 11
Event: 25,148 Thread 0x00007fd3317e7000 Uncommon trap: reason=unstable_if action=reinterpret pc=0x00007fd38e35c3cc method=org.gradle.api.internal.file.pattern.FixedStepPathMatcher.matches([Ljava/lang/String;I)Z @ 35
Event: 25,287 Thread 0x00007fd3317e7000 Uncommon trap: reason=unstable_if action=reinterpret pc=0x00007fd38e31e728 method=org.gradle.api.internal.file.pattern.FixedStepPathMatcher.matches([Ljava/lang/String;I)Z @ 35
Event: 28,168 Thread 0x00007fd3317e7000 Uncommon trap: reason=unstable_if action=reinterpret pc=0x00007fd38d4a7f6c method=java.lang.StringCoding$StringDecoder.decode([BII)[C @ 20
Event: 28,647 Thread 0x00007fd3317e7000 Uncommon trap: reason=unstable_if action=reinterpret pc=0x00007fd38d99f4d0 method=com.sun.tools.javac.parser.UnicodeReader.scanChar()V @ 37
Event: 28,648 Thread 0x00007fd3317e7000 Uncommon trap: reason=unstable_if action=reinterpret pc=0x00007fd38d6e63b0 method=com.sun.tools.javac.parser.UnicodeReader.scanCommentChar()V @ 10
Event: 28,818 Thread 0x00007fd3317e7000 Uncommon trap: reason=unstable_if action=reinterpret pc=0x00007fd38e4ce994 method=com.sun.tools.javac.util.Name$Table.equals([BI[BII)Z @ 22

Classes redefined (0 events):
No events

Internal exceptions (10 events):
Event: 21,709 Thread 0x00007fd34400c000 Exception <a 'java/lang/ClassNotFoundException': org/gradle/model/internal/core/NodeBackedModelMapCustomizer> (0x00000000e95916e0) thrown at [/ssd/Android/AOSP-openjdk-git/jdk8u/hotspot/src/share/vm/classfile/systemDictionary.cpp, line 210]
Event: 21,714 Thread 0x00007fd34400c000 Exception <a 'java/lang/ClassNotFoundException': org/gradle/platform/base/BinaryContainer_ImplCustomizer> (0x00000000e95f19e8) thrown at [/ssd/Android/AOSP-openjdk-git/jdk8u/hotspot/src/share/vm/classfile/systemDictionary.cpp, line 210]
Event: 22,366 Thread 0x00007fd3317be800 Exception <a 'java/lang/NoSuchMethodError': <clinit>> (0x00000000e9fbb9c8) thrown at [/ssd/Android/AOSP-openjdk-git/jdk8u/hotspot/src/share/vm/prims/jni.cpp, line 1613]
Event: 22,386 Thread 0x00007fd3317be800 Exception <a 'java/lang/NoSuchMethodError': <clinit>> (0x00000000e9fc6c48) thrown at [/ssd/Android/AOSP-openjdk-git/jdk8u/hotspot/src/share/vm/prims/jni.cpp, line 1613]
Event: 22,560 Thread 0x00007fd3317be800 Exception <a 'java/lang/NoSuchMethodError': <clinit>> (0x00000000ea295098) thrown at [/ssd/Android/AOSP-openjdk-git/jdk8u/hotspot/src/share/vm/prims/jni.cpp, line 1613]
Event: 22,566 Thread 0x00007fd3317be800 Exception <a 'java/lang/NoSuchMethodError': <clinit>> (0x00000000ea2a7ea0) thrown at [/ssd/Android/AOSP-openjdk-git/jdk8u/hotspot/src/share/vm/prims/jni.cpp, line 1613]
Event: 22,566 Thread 0x00007fd3317be800 Exception <a 'java/lang/NoSuchMethodError': <clinit>> (0x00000000ea2a9750) thrown at [/ssd/Android/AOSP-openjdk-git/jdk8u/hotspot/src/share/vm/prims/jni.cpp, line 1613]
Event: 24,530 Thread 0x00007fd3317e7000 Exception <a 'java/lang/NoSuchMethodError': <clinit>> (0x00000000e0da56f0) thrown at [/ssd/Android/AOSP-openjdk-git/jdk8u/hotspot/src/share/vm/prims/jni.cpp, line 1613]
Event: 24,551 Thread 0x00007fd3317e7000 Exception <a 'java/lang/NoSuchMethodError': <clinit>> (0x00000000e0daeae8) thrown at [/ssd/Android/AOSP-openjdk-git/jdk8u/hotspot/src/share/vm/prims/jni.cpp, line 1613]
Event: 27,159 Thread 0x00007fd330875800 Exception <a 'java/io/IOException'> (0x00000000e2ee8420) thrown at [/ssd/Android/AOSP-openjdk-git/jdk8u/hotspot/src/share/vm/prims/jni.cpp, line 709]

Events (10 events):
Event: 29,303 loading class com/sun/tools/javac/jvm/ClassReader$SourceFileObject done
Event: 29,306 loading class com/sun/tools/javac/code/Scope$1
Event: 29,306 loading class com/sun/tools/javac/code/Scope$1 done
Event: 29,312 loading class com/sun/tools/javac/jvm/ClassReader$AnnotationCompleter
Event: 29,312 loading class com/sun/tools/javac/jvm/ClassReader$AnnotationCompleter done
Event: 29,328 loading class com/sun/tools/javac/jvm/ClassReader$AnnotationDeproxy
Event: 29,328 loading class com/sun/tools/javac/jvm/ClassReader$AnnotationDeproxy done
Event: 29,332 loading class com/sun/tools/javac/jvm/ClassReader$ProxyVisitor
Event: 29,332 loading class com/sun/tools/javac/jvm/ClassReader$ProxyVisitor done
Event: 29,375 Executing VM operation: CollectForMetadataAllocation


Dynamic libraries:
00400000-00401000 r-xp 00000000 08:11 6033518                            /opt/android-studio/jre/bin/java
00600000-00601000 r--p 00000000 08:11 6033518                            /opt/android-studio/jre/bin/java
00601000-00602000 rw-p 00001000 08:11 6033518                            /opt/android-studio/jre/bin/java
01a99000-01aba000 rw-p 00000000 00:00 0                                  [heap]
a0000000-a2600000 rw-p 00000000 00:00 0 
a2600000-e0000000 ---p 00000000 00:00 0 
e0000000-f1600000 rw-p 00000000 00:00 0 
f7c80000-100000000 ---p 00000000 00:00 0 
100000000-100800000 rw-p 00000000 00:00 0 
100800000-140000000 ---p 00000000 00:00 0 
7fd304000000-7fd3040c7000 rw-p 00000000 00:00 0 
7fd3040c7000-7fd308000000 ---p 00000000 00:00 0 
7fd308000000-7fd308028000 rw-p 00000000 00:00 0 
7fd308028000-7fd30c000000 ---p 00000000 00:00 0 
7fd30c000000-7fd30c278000 rw-p 00000000 00:00 0 
7fd30c278000-7fd310000000 ---p 00000000 00:00 0 
7fd310000000-7fd31011f000 rw-p 00000000 00:00 0 
7fd31011f000-7fd314000000 ---p 00000000 00:00 0 
7fd314000000-7fd314021000 rw-p 00000000 00:00 0 
7fd314021000-7fd318000000 ---p 00000000 00:00 0 
7fd318000000-7fd318021000 rw-p 00000000 00:00 0 
7fd318021000-7fd31c000000 ---p 00000000 00:00 0 
7fd31d827000-7fd31d9d6000 rw-p 00000000 00:00 0 
7fd31d9d6000-7fd31da27000 ---p 00000000 00:00 0 
7fd31da27000-7fd31da2a000 ---p 00000000 00:00 0 
7fd31da2a000-7fd31dd28000 rw-p 00000000 00:00 0 
7fd31dd28000-7fd31dd2b000 ---p 00000000 00:00 0 
7fd31dd2b000-7fd31de29000 rw-p 00000000 00:00 0 
7fd31de29000-7fd31de2c000 ---p 00000000 00:00 0 
7fd31de2c000-7fd31df2a000 rw-p 00000000 00:00 0 
7fd31df2a000-7fd31df2d000 ---p 00000000 00:00 0 
7fd31df2d000-7fd31e02b000 rw-p 00000000 00:00 0 
7fd31e02b000-7fd31e02e000 ---p 00000000 00:00 0 
7fd31e02e000-7fd31e12c000 rw-p 00000000 00:00 0 
7fd31e12c000-7fd31e12f000 ---p 00000000 00:00 0 
7fd31e12f000-7fd31e42d000 rw-p 00000000 00:00 0 
7fd31e42d000-7fd31e62d000 rw-p 00000000 00:00 0 
7fd31e62d000-7fd31e82d000 rw-p 00000000 00:00 0 
7fd31e82d000-7fd31ea2d000 rw-p 00000000 00:00 0 
7fd31ea2d000-7fd31ea3f000 r--s 00345000 08:11 6033605                    /opt/android-studio/jre/jre/lib/resources.jar
7fd31ea3f000-7fd31ec3f000 rw-p 00000000 00:00 0 
7fd31ec3f000-7fd31ee3f000 rw-p 00000000 00:00 0 
7fd31ee3f000-7fd31ee42000 r--s 00015000 08:11 6033604                    /opt/android-studio/jre/jre/lib/jce.jar
7fd31ee42000-7fd31f042000 rw-p 00000000 00:00 0 
7fd31f042000-7fd31f045000 ---p 00000000 00:00 0 
7fd31f045000-7fd31f143000 rw-p 00000000 00:00 0 
7fd31f143000-7fd31f169000 r--p 00000000 08:11 3148876                    /usr/share/locale-langpack/de/LC_MESSAGES/libc.mo
7fd31f169000-7fd31f369000 rw-p 00000000 00:00 0 
7fd31f369000-7fd31f55f000 rw-p 00000000 00:00 0 
7fd31f55f000-7fd31f569000 ---p 00000000 00:00 0 
7fd31f569000-7fd31f574000 r--s 00081000 08:11 7209766                    /home/timo/.gradle/caches/jars-3/fc6e889a0f45cc9752787eb60f920103/trove4j-20160824.jar
7fd31f574000-7fd31f5f7000 r--s 00758000 08:11 7209764                    /home/timo/.gradle/caches/jars-3/b46ab84062ddfd52701cfe0a9718e764/intellij-core-26.0.1.jar
7fd31f5f7000-7fd31f5fd000 r--s 00033000 08:11 7209762                    /home/timo/.gradle/caches/jars-3/f96c897d327ea500d64fe3af2833bd50/commons-codec-1.6.jar
7fd31f5fd000-7fd31f5ff000 r--s 0000d000 08:11 7209760                    /home/timo/.gradle/caches/jars-3/ccc849edcf9fccd61ed937bf93ffe896/commons-logging-1.1.1.jar
7fd31f5ff000-7fd31f605000 r--s 00032000 08:11 7209758                    /home/timo/.gradle/caches/jars-3/72e344059d1923829968d0d38b0c3c72/httpcore-4.2.5.jar
7fd31f605000-7fd31f606000 r--s 00004000 08:11 7209756                    /home/timo/.gradle/caches/jars-3/3a4299d1ce3e273e7c03a9ccf5a1e333/annotations-12.0.jar
7fd31f606000-7fd31f607000 r--s 00000000 08:11 7209754                    /home/timo/.gradle/caches/jars-3/0e2fbc3b8c56d2975eca90c524790c13/animal-sniffer-annotations-1.14.jar
7fd31f607000-7fd31f609000 r--s 00001000 08:11 7209752                    /home/timo/.gradle/caches/jars-3/ad41f8f3ac67c0323ce9eb1c20c8dc3f/j2objc-annotations-1.1.jar
7fd31f609000-7fd31f60a000 r--s 00002000 08:11 7209750                    /home/timo/.gradle/caches/jars-3/9edb0f46b907c34c4718edabde6c791c/error_prone_annotations-2.0.18.jar
7fd31f60a000-7fd31f60d000 r--s 00006000 08:11 7209748                    /home/timo/.gradle/caches/jars-3/b58a9bc3bbba42132e4abc0bacae8da1/jsr305-1.3.9.jar
7fd31f60d000-7fd31f60e000 r--s 0000a000 08:11 7209746                    /home/timo/.gradle/caches/jars-3/5b8b36ed61fe92731031cca3c9b3a0b3/kxml2-2.3.0.jar
7fd31f60e000-7fd31f610000 r--s 00005000 08:11 7209744                    /home/timo/.gradle/caches/jars-3/f10e1e1978816198f2eb1189c974b440/httpmime-4.1.jar
7fd31f610000-7fd31f61a000 r--s 00061000 08:11 7209742                    /home/timo/.gradle/caches/jars-3/bc4b2527f35dc983f759e8f85f3f8d52/httpclient-4.2.6.jar
7fd31f61a000-7fd31f623000 r--s 00064000 08:11 7209740                    /home/timo/.gradle/caches/jars-3/fc37c717528c2a0d27f3e3621835f781/commons-compress-1.12.jar
7fd31f623000-7fd31f628000 r--s 0002e000 08:11 7209738                    /home/timo/.gradle/caches/jars-3/c5bcda7f6f4809e9c92270f99e51f154/gson-2.3.jar
7fd31f628000-7fd31f638000 r--s 000d6000 08:11 7209736                    /home/timo/.gradle/caches/jars-3/dbdb8caed2514263a34702cc763c6785/proguard-base-5.3.3.jar
7fd31f638000-7fd31f63a000 r--s 00003000 08:11 7209734                    /home/timo/.gradle/caches/jars-3/01ab8600ebbfdcaf9b89b45c2b992e82/annotations-13.0.jar
7fd31f63a000-7fd31f63b000 r--s 00001000 08:11 7209732                    /home/timo/.gradle/caches/jars-3/dccac9b7f67766e57200b1770178f61c/annotations-26.0.1.jar
7fd31f63b000-7fd31f63e000 r--s 00033000 08:11 7209730                    /home/timo/.gradle/caches/jars-3/0ce03714647bf7bd3c78634c20ddbf38/juniversalchardet-1.0.3.jar
7fd31f63e000-7fd31f642000 r--s 0002a000 08:11 7209728                    /home/timo/.gradle/caches/jars-3/9849af6d4b0409ba64061601342f385d/commons-io-2.4.jar
7fd31f642000-7fd31f659000 r--s 00154000 08:11 7209726                    /home/timo/.gradle/caches/jars-3/57adf9abd30c921d4ea1dfdcfe7b9efd/antlr4-4.5.3.jar
7fd31f659000-7fd31f65a000 r--s 00003000 08:11 7209724                    /home/timo/.gradle/caches/jars-3/54a15dd332fd4c2e246ad396835dc0d2/baseLibrary-3.0.1.jar
7fd31f65a000-7fd31f68a000 r--s 00245000 08:11 7209722                    /home/timo/.gradle/caches/jars-3/8e27cdebb49ba2f804f9403d90aaaac5/guava-22.0.jar
7fd31f68a000-7fd31f692000 r--s 000a8000 08:11 7209720                    /home/timo/.gradle/caches/jars-3/6cc57ce9ec0d90186f781694264d61bc/lombok-ast-0.2.3.jar
7fd31f692000-7fd31f696000 r--s 0002f000 08:11 7209718                    /home/timo/.gradle/caches/jars-3/505fcc8c47da308b2f1262f0ff3c65f1/jimfs-1.1.jar
7fd31f696000-7fd31f6a9000 r--s 00241000 08:11 7209716                    /home/timo/.gradle/caches/jars-3/d8dc71eb6d91c966c45f7b594129e14a/ecj-4.6.1.jar
7fd31f6a9000-7fd31f6aa000 r--s 00003000 08:11 7209714                    /home/timo/.gradle/caches/jars-3/fdb8f5ebd6a086c4818336712b830716/json-simple-1.1.jar
7fd31f6aa000-7fd31f7cf000 r--s 00f5d000 08:11 7209712                    /home/timo/.gradle/caches/jars-3/dfd566a90e18a0aa75879c33e0731ab8/fastutil-7.2.0.jar
7fd31f7cf000-7fd31f81a000 r--s 002ff000 08:11 7209710                    /home/timo/.gradle/caches/jars-3/d3d44e9a7fcb4a86fb40775c385dd3d0/bcprov-jdk15on-1.56.jar
7fd31f81a000-7fd31f82b000 r--s 00097000 08:11 7209708                    /home/timo/.gradle/caches/jars-3/59ebb77d99c5ca0e24bb23272e0329dd/bcpkix-jdk15on-1.56.jar
7fd31f82b000-7fd31f82d000 r--s 00002000 08:11 7209706                    /home/timo/.gradle/caches/jars-3/f268e5e8fc83bb846ac355d6a16b1f30/javawriter-2.5.0.jar
7fd31f82d000-7fd31f832000 r--s 0003b000 08:11 7209704                    /home/timo/.gradle/caches/jars-3/91bf67441f6ac57ccbb374f99f9ed0fc/apksig-3.0.1.jar
7fd31f832000-7fd31f835000 r--s 00024000 08:11 7209702                    /home/timo/.gradle/caches/jars-3/04183dcd1bde85515b23d1bbd46ea9bc/common-26.0.1.jar
7fd31f835000-7fd31f837000 r--s 00006000 08:11 7209700                    /home/timo/.gradle/caches/jars-3/a0ea702af2bdb16dfa1a50969b155dea/dvlib-26.0.1.jar
7fd31f837000-7fd31f83a000 r--s 00014000 08:11 7209698                    /home/timo/.gradle/caches/jars-3/6abb718b4b844aa0386163f0c2f6eb72/layoutlib-api-26.0.1.jar
7fd31f83a000-7fd31f83f000 r--s 0004d000 08:11 7209696                    /home/timo/.gradle/caches/jars-3/65a80584522712b8832b7c1c03186c4b/ddmlib-26.0.1.jar
7fd31f83f000-7fd31f840000 r--s 00003000 08:11 7209694                    /home/timo/.gradle/caches/jars-3/af01854c900e4906a368ef59064a245d/builder-test-api-3.0.1.jar
7fd31f840000-7fd31f843000 r--s 00007000 08:11 7209692                    /home/timo/.gradle/caches/jars-3/124ec36ab4edce0919b54d1123daa364/builder-model-3.0.1.jar
7fd31f843000-7fd31f852000 r--s 00130000 08:11 7209690                    /home/timo/.gradle/caches/jars-3/72ba1443c6adcea1f6ba21e12f0bb0fc/protobuf-java-3.0.0.jar
7fd31f852000-7fd31f865000 r--s 001a8000 08:11 7209688                    /home/timo/.gradle/caches/jars-3/a1cbdfb97e256e71fcbd29dc4584a785/protos-26.0.1.jar
7fd31f865000-7fd31f866000 r--s 00005000 08:11 7209686                    /home/timo/.gradle/caches/jars-3/ca5180624b528b15325a5d002dbfbb6d/shared-26.0.1.jar
7fd31f866000-7fd31f868000 r--s 00004000 08:11 7209684                    /home/timo/.gradle/caches/jars-3/07f12c2b6f66ca8d4d6bd02e9c9b060a/tracker-26.0.1.jar
7fd31f868000-7fd31f86a000 r--s 00002000 08:11 7209682                    /home/timo/.gradle/caches/jars-3/e91624d2ed1c3b55eec9fd768ed13c1d/proguard-gradle-5.3.3.jar
7fd31f86a000-7fd31f86c000 r--s 0000f000 08:11 7209680                    /home/timo/.gradle/caches/jars-3/96760c32d36a5d7066e3ccf088bfd362/jopt-simple-4.9.jar
7fd31f86c000-7fd31f870000 r--s 0001e000 08:11 7209678                    /home/timo/.gradle/caches/jars-3/0d3e95aba631209a078aeec58a76633d/org.jacoco.core-0.7.4.201502262128.jar
7fd31f870000-7fd31f873000 r--s 00020000 08:11 7209676                    /home/timo/.gradle/caches/jars-3/c72fc284d34f39eab57a4e3ba83405e9/org.jacoco.report-0.7.4.201502262128.jar
7fd31f873000-7fd31f875000 r--s 0000c000 08:11 7209674                    /home/timo/.gradle/caches/jars-3/9b0a36633c92c6e87e62c81734593183/asm-5.1.jar
7fd31f875000-7fd31f877000 r--s 00006000 08:11 7209672                    /home/timo/.gradle/caches/jars-3/50c8a7da333c41693b2b7ce95b6d9d89/asm-tree-5.1.jar
7fd31f877000-7fd31f878000 r--s 0000a000 08:11 7209670                    /home/timo/.gradle/caches/jars-3/c4f1f1d5a624f981d35a78d181e2c418/asm-util-5.1.jar
7fd31f878000-7fd31f87a000 r--s 0000a000 08:11 7209668                    /home/timo/.gradle/caches/jars-3/d37aa405961c464c627b1efe5def81b8/asm-commons-5.1.jar
7fd31f87a000-7fd31f889000 r--s 000c8000 08:11 7209662                    /home/timo/.gradle/caches/jars-3/af931fae44e009148423077fa09abbd1/kotlin-stdlib-1.1.3-2.jar
7fd31f889000-7fd31f8bb000 r--s 0021b000 08:11 7209660                    /home/timo/.gradle/caches/jars-3/24b2127528a18b338af82ff7ea236d45/kotlin-reflect-1.1.3-2.jar
7fd31f8bb000-7fd31f8c1000 r--s 00030000 08:11 7209658                    /home/timo/.gradle/caches/jars-3/90ec49f8b88710e2876aefe447609abb/repository-26.0.1.jar
7fd31f8c1000-7fd31f8cc000 r--s 0009b000 08:11 7209656                    /home/timo/.gradle/caches/jars-3/af771564c510a1c104220a8be892ab2d/sdklib-26.0.1.jar
7fd31f8cc000-7fd31f8db000 r--s 000da000 08:11 7209654                    /home/timo/.gradle/caches/jars-3/50767da85151ce151711c301f4a0623c/sdk-common-26.0.1.jar
7fd31f8db000-7fd31f8df000 r--s 00023000 08:11 7209652                    /home/timo/.gradle/caches/jars-3/186e268c3a12c0a405d658dabf9d64d2/manifest-merger-26.0.1.jar
7fd31f8df000-7fd31f8e3000 r--s 0002e000 08:11 7209650                    /home/timo/.gradle/caches/jars-3/c519ce7b2f3637e909703f541c08c445/compilerCommon-3.0.1.jar
7fd31f8e3000-7fd31f8e5000 r--s 00003000 08:11 7209648                    /home/timo/.gradle/caches/jars-3/34cfdbf6cad3f54cc2f45521bf0374e7/gradle-api-3.0.1.jar
7fd31f8e5000-7fd31f8f4000 r--s 000cb000 08:11 7209646                    /home/timo/.gradle/caches/jars-3/e5c09abb4b0acf0785ecd8a8015ab959/uast-26.0.1.jar
7fd31f8f4000-7fd31f8fd000 r--s 000ff000 08:11 7209642                    /home/timo/.gradle/caches/jars-3/75e696a5531ca85e1fe447df83f74bd2/lint-checks-26.0.1.jar
7fd31f8fd000-7fd31f900000 ---p 00000000 00:00 0 
7fd31f900000-7fd31f9fe000 rw-p 00000000 00:00 0 
7fd31f9fe000-7fd31fa01000 ---p 00000000 00:00 0 
7fd31fa01000-7fd31faff000 rw-p 00000000 00:00 0 
7fd31faff000-7fd31fb02000 ---p 00000000 00:00 0 
7fd31fb02000-7fd31fe00000 rw-p 00000000 00:00 0 
7fd31fe00000-7fd320000000 rw-p 00000000 00:00 0 
7fd320000000-7fd320021000 rw-p 00000000 00:00 0 
7fd320021000-7fd324000000 ---p 00000000 00:00 0 
7fd324000000-7fd324021000 rw-p 00000000 00:00 0 
7fd324021000-7fd328000000 ---p 00000000 00:00 0 
7fd328000000-7fd328021000 rw-p 00000000 00:00 0 
7fd328021000-7fd32c000000 ---p 00000000 00:00 0 
7fd32c000000-7fd32c0e1000 rw-p 00000000 00:00 0 
7fd32c0e1000-7fd330000000 ---p 00000000 00:00 0 
7fd330000000-7fd33186b000 rw-p 00000000 00:00 0 
7fd33186b000-7fd334000000 ---p 00000000 00:00 0 
7fd334000000-7fd334280000 rw-p 00000000 00:00 0 
7fd334280000-7fd338000000 ---p 00000000 00:00 0 
7fd338000000-7fd33802f000 rw-p 00000000 00:00 0 
7fd33802f000-7fd33c000000 ---p 00000000 00:00 0 
7fd33c000000-7fd33c021000 rw-p 00000000 00:00 0 
7fd33c021000-7fd340000000 ---p 00000000 00:00 0 
7fd340000000-7fd340021000 rw-p 00000000 00:00 0 
7fd340021000-7fd344000000 ---p 00000000 00:00 0 
7fd344000000-7fd344021000 rw-p 00000000 00:00 0 
7fd344021000-7fd348000000 ---p 00000000 00:00 0 
7fd348000000-7fd348078000 rw-p 00000000 00:00 0 
7fd348078000-7fd34c000000 ---p 00000000 00:00 0 
7fd34c000000-7fd34c030000 r--s 01983000 08:11 7209638                    /home/timo/.gradle/caches/jars-3/add7f1627b730db059119a8274a10c21/builder-3.0.1.jar
7fd34c030000-7fd34c053000 r--s 0020b000 08:11 7209636                    /home/timo/.gradle/caches/jars-3/4adae2b762c8552c6e3aa2ded1493e4b/gradle-core-3.0.1.jar
7fd34c053000-7fd34c056000 ---p 00000000 00:00 0 
7fd34c056000-7fd34c154000 rw-p 00000000 00:00 0 
7fd34c154000-7fd34c157000 ---p 00000000 00:00 0 
7fd34c157000-7fd34c455000 rw-p 00000000 00:00 0 
7fd34c455000-7fd34c655000 rw-p 00000000 00:00 0 
7fd34c655000-7fd34c855000 rw-p 00000000 00:00 0 
7fd34c855000-7fd34ca55000 rw-p 00000000 00:00 0 
7fd34ca55000-7fd34cb70000 r--s 02008000 08:11 7215704                    /home/timo/.gradle/caches/jars-3/9955734f77abc673a38c7cd4c0214af5/android.jar
7fd34cb70000-7fd34cb77000 r--s 0002a000 08:11 6694248                    /home/timo/.gradle/caches/jars-3/fff47aec37b967e571b648d1fc9c6db6/gradle-messaging-3.5.jar
7fd34cb77000-7fd34cb7c000 r--s 00041000 08:11 6694246                    /home/timo/.gradle/caches/jars-3/c0502f5c2cf6dfd52d250e1b7d027d24/commons-lang-2.6.jar
7fd34cb7c000-7fd34cbbe000 r--s 00220000 08:11 6694244                    /home/timo/.gradle/caches/jars-3/929747bc6b973b44297e9c57df71598d/gradle-core-3.5.jar
7fd34cbbe000-7fd34cbe6000 r--s 001cf000 08:11 6694240                    /home/timo/.gradle/caches/jars-3/566e7e0f530f75a42eba4833ef84d88c/guava-jdk5-17.0.jar
7fd34cbe6000-7fd34cbf4000 r--s 00043000 08:11 6694238                    /home/timo/.gradle/caches/jars-3/c0d1da18a547ef3a2ba66d3068ae6e09/gradle-tooling-api-3.5.jar
7fd34cbf4000-7fd34cbf5000 r--s 00004000 08:11 7209666                    /home/timo/.gradle/caches/jars-3/2b2689d10a4425b1cb2d0654db2ea088/asm-analysis-5.1.jar
7fd34cbf5000-7fd34cbfc000 r--s 0007f000 08:11 7209644                    /home/timo/.gradle/caches/jars-3/b1f5a73634581e955e7f89376aea2d48/lint-api-26.0.1.jar
7fd34cbfc000-7fd34cbff000 r--s 00039000 08:11 7209640                    /home/timo/.gradle/caches/jars-3/7fa6c4fcdd1d81db4cc9c7439ce29486/lint-26.0.1.jar
7fd34cbff000-7fd34cdff000 rw-p 00000000 00:00 0 
7fd34cdff000-7fd34cfff000 rw-p 00000000 00:00 0 
7fd34cfff000-7fd350000000 rw-p 00000000 00:00 0 
7fd350000000-7fd350021000 rw-p 00000000 00:00 0 
7fd350021000-7fd354000000 ---p 00000000 00:00 0 
7fd354000000-7fd354021000 rw-p 00000000 00:00 0 
7fd354021000-7fd358000000 ---p 00000000 00:00 0 
7fd358000000-7fd359ef0000 rw-p 00000000 00:00 0 
7fd359ef0000-7fd35c000000 ---p 00000000 00:00 0 
7fd35c000000-7fd35cf2a000 rw-p 00000000 00:00 0 
7fd35cf2a000-7fd360000000 ---p 00000000 00:00 0 
7fd360000000-7fd360021000 rw-p 00000000 00:00 0 
7fd360021000-7fd364000000 ---p 00000000 00:00 0 
7fd364000000-7fd365d55000 rw-p 00000000 00:00 0 
7fd365d55000-7fd368000000 ---p 00000000 00:00 0 
7fd368000000-7fd368021000 rw-p 00000000 00:00 0 
7fd368021000-7fd36c000000 ---p 00000000 00:00 0 
7fd36c000000-7fd36c021000 rw-p 00000000 00:00 0 
7fd36c021000-7fd370000000 ---p 00000000 00:00 0 
7fd370000000-7fd3703b1000 rw-p 00000000 00:00 0 
7fd3703b1000-7fd374000000 ---p 00000000 00:00 0 
7fd374000000-7fd374021000 rw-p 00000000 00:00 0 
7fd374021000-7fd378000000 ---p 00000000 00:00 0 
7fd378000000-7fd378001000 r--s 00000000 08:11 7209664                    /home/timo/.gradle/caches/jars-3/5206138fb8a6b2ffbd31e140916c2100/transform-api-2.0.0-deprecated-use-gradle-api.jar
7fd378001000-7fd378003000 r--s 0000f000 08:11 7209634                    /home/timo/.gradle/caches/jars-3/afd86a0d8507fd7f2e97461eaf9e4416/gradle-3.0.1.jar
7fd378003000-7fd37800c000 r--s 00047000 08:11 6694242                    /home/timo/.gradle/caches/jars-3/11d06a5dce89fe5632250b7df00a3d57/gradle-base-services-3.5.jar
7fd37800c000-7fd378085000 r--s 010fd000 08:11 6033571                    /opt/android-studio/jre/lib/tools.jar
7fd378085000-7fd378088000 ---p 00000000 00:00 0 
7fd378088000-7fd378186000 rw-p 00000000 00:00 0 
7fd378186000-7fd378189000 ---p 00000000 00:00 0 
7fd378189000-7fd378287000 rw-p 00000000 00:00 0 
7fd378287000-7fd37828a000 ---p 00000000 00:00 0 
7fd37828a000-7fd378388000 rw-p 00000000 00:00 0 
7fd378388000-7fd37838b000 ---p 00000000 00:00 0 
7fd37838b000-7fd378489000 rw-p 00000000 00:00 0 
7fd378489000-7fd37848c000 ---p 00000000 00:00 0 
7fd37848c000-7fd37878a000 rw-p 00000000 00:00 0 
7fd37878a000-7fd37878d000 ---p 00000000 00:00 0 
7fd37878d000-7fd37888b000 rw-p 00000000 00:00 0 
7fd37888b000-7fd37888e000 ---p 00000000 00:00 0 
7fd37888e000-7fd37898c000 rw-p 00000000 00:00 0 
7fd37898c000-7fd37898f000 ---p 00000000 00:00 0 
7fd37898f000-7fd378a8d000 rw-p 00000000 00:00 0 
7fd378a8d000-7fd378a90000 ---p 00000000 00:00 0 
7fd378a90000-7fd378b8e000 rw-p 00000000 00:00 0 
7fd378b8e000-7fd378b91000 ---p 00000000 00:00 0 
7fd378b91000-7fd378c8f000 rw-p 00000000 00:00 0 
7fd378c8f000-7fd378c96000 r--s 00000000 08:11 2495110                    /usr/lib/x86_64-linux-gnu/gconv/gconv-modules.cache
7fd378c96000-7fd378c99000 ---p 00000000 00:00 0 
7fd378c99000-7fd378d97000 rw-p 00000000 00:00 0 
7fd378d97000-7fd378d9c000 r--s 0009a000 08:11 6033701                    /opt/android-studio/jre/jre/lib/jsse.jar
7fd378d9c000-7fd378f9c000 rw-p 00000000 00:00 0 
7fd378f9c000-7fd378fa5000 r-xp 00000000 08:11 6033654                    /opt/android-studio/jre/jre/lib/amd64/libmanagement.so
7fd378fa5000-7fd3791a4000 ---p 00009000 08:11 6033654                    /opt/android-studio/jre/jre/lib/amd64/libmanagement.so
7fd3791a4000-7fd3791a5000 r--p 00008000 08:11 6033654                    /opt/android-studio/jre/jre/lib/amd64/libmanagement.so
7fd3791a5000-7fd3791a6000 rw-p 00009000 08:11 6033654                    /opt/android-studio/jre/jre/lib/amd64/libmanagement.so
7fd3791a6000-7fd3791a8000 r--s 00007000 08:11 6693513                    /home/timo/.gradle/wrapper/dists/gradle-4.1-all/bzyivzo6n839fup2jbap0tjew/gradle-4.1/lib/plugins/gradle-tooling-api-builders-4.1.jar
7fd3791a8000-7fd3791ab000 r--s 00009000 08:11 6693523                    /home/timo/.gradle/wrapper/dists/gradle-4.1-all/bzyivzo6n839fup2jbap0tjew/gradle-4.1/lib/plugins/gradle-testing-native-4.1.jar
7fd3791ab000-7fd3791ad000 r--s 00009000 08:11 6693596                    /home/timo/.gradle/wrapper/dists/gradle-4.1-all/bzyivzo6n839fup2jbap0tjew/gradle-4.1/lib/plugins/hamcrest-core-1.3.jar
7fd3791ad000-7fd3791b2000 r--s 00040000 08:11 6693591                    /home/timo/.gradle/wrapper/dists/gradle-4.1-all/bzyivzo6n839fup2jbap0tjew/gradle-4.1/lib/plugins/bsh-2.0b4.jar
7fd3791b2000-7fd3791b4000 r--s 00006000 08:11 6693592                    /home/timo/.gradle/wrapper/dists/gradle-4.1-all/bzyivzo6n839fup2jbap0tjew/gradle-4.1/lib/plugins/jcommander-1.12.jar
7fd3791b4000-7fd3791ba000 r--s 00033000 08:11 6693593                    /home/timo/.gradle/wrapper/dists/gradle-4.1-all/bzyivzo6n839fup2jbap0tjew/gradle-4.1/lib/plugins/snakeyaml-1.6.jar
7fd3791ba000-7fd3791c3000 r--s 00089000 08:11 6693551                    /home/timo/.gradle/wrapper/dists/gradle-4.1-all/bzyivzo6n839fup2jbap0tjew/gradle-4.1/lib/plugins/testng-6.3.1.jar
7fd3791c3000-7fd3791cb000 r--s 00045000 08:11 6693552                    /home/timo/.gradle/wrapper/dists/gradle-4.1-all/bzyivzo6n839fup2jbap0tjew/gradle-4.1/lib/plugins/junit-4.12.jar
7fd3791cb000-7fd3791d1000 r--s 0002e000 08:11 6693519                    /home/timo/.gradle/wrapper/dists/gradle-4.1-all/bzyivzo6n839fup2jbap0tjew/gradle-4.1/lib/plugins/gradle-testing-jvm-4.1.jar
7fd3791d1000-7fd3791d5000 r--s 00017000 08:11 6693527                    /home/timo/.gradle/wrapper/dists/gradle-4.1-all/bzyivzo6n839fup2jbap0tjew/gradle-4.1/lib/plugins/gradle-testing-base-4.1.jar
7fd3791d5000-7fd3791dc000 r--s 00038000 08:11 6693547                    /home/timo/.gradle/wrapper/dists/gradle-4.1-all/bzyivzo6n839fup2jbap0tjew/gradle-4.1/lib/plugins/bcpg-jdk15on-1.51.jar
7fd3791dc000-7fd3791de000 r--s 0000c000 08:11 6693498                    /home/timo/.gradle/wrapper/dists/gradle-4.1-all/bzyivzo6n839fup2jbap0tjew/gradle-4.1/lib/plugins/gradle-signing-4.1.jar
7fd3791de000-7fd3791e0000 r--s 00007000 08:11 6693504                    /home/timo/.gradle/wrapper/dists/gradle-4.1-all/bzyivzo6n839fup2jbap0tjew/gradle-4.1/lib/plugins/gradle-scala-4.1.jar
7fd3791e0000-7fd3791e1000 r--s 00004000 08:11 6693535                    /home/timo/.gradle/wrapper/dists/gradle-4.1-all/bzyivzo6n839fup2jbap0tjew/gradle-4.1/lib/plugins/gradle-resources-sftp-4.1.jar
7fd3791e1000-7fd3791f1000 r--s 00088000 08:11 6693564                    /home/timo/.gradle/wrapper/dists/gradle-4.1-all/bzyivzo6n839fup2jbap0tjew/gradle-4.1/lib/plugins/joda-time-2.8.2.jar
7fd3791f1000-7fd379202000 r--s 0010d000 08:11 6693563                    /home/timo/.gradle/wrapper/dists/gradle-4.1-all/bzyivzo6n839fup2jbap0tjew/gradle-4.1/lib/plugins/jackson-databind-2.6.6.jar
7fd379202000-7fd379205000 r--s 00009000 08:11 6693562                    /home/timo/.gradle/wrapper/dists/gradle-4.1-all/bzyivzo6n839fup2jbap0tjew/gradle-4.1/lib/plugins/jackson-annotations-2.6.6.jar
7fd379205000-7fd379209000 r--s 0003c000 08:11 6693561                    /home/timo/.gradle/wrapper/dists/gradle-4.1-all/bzyivzo6n839fup2jbap0tjew/gradle-4.1/lib/plugins/jackson-core-2.6.6.jar
7fd379209000-7fd379217000 r--s 00087000 08:11 6693560                    /home/timo/.gradle/wrapper/dists/gradle-4.1-all/bzyivzo6n839fup2jbap0tjew/gradle-4.1/lib/plugins/aws-java-sdk-core-1.11.6.jar
7fd379217000-7fd37921e000 r--s 00057000 08:11 6693559                    /home/timo/.gradle/wrapper/dists/gradle-4.1-all/bzyivzo6n839fup2jbap0tjew/gradle-4.1/lib/plugins/aws-java-sdk-kms-1.11.6.jar
7fd37921e000-7fd37922b000 r--s 0008e000 08:11 6693558                    /home/timo/.gradle/wrapper/dists/gradle-4.1-all/bzyivzo6n839fup2jbap0tjew/gradle-4.1/lib/plugins/aws-java-sdk-s3-1.11.6.jar
7fd37922b000-7fd37922d000 r--s 00004000 08:11 6693532                    /home/timo/.gradle/wrapper/dists/gradle-4.1-all/bzyivzo6n839fup2jbap0tjew/gradle-4.1/lib/plugins/gradle-resources-s3-4.1.jar
7fd37922d000-7fd37922f000 r--s 00010000 08:11 6693528                    /home/timo/.gradle/wrapper/dists/gradle-4.1-all/bzyivzo6n839fup2jbap0tjew/gradle-4.1/lib/plugins/gradle-reporting-4.1.jar
7fd37922f000-7fd379231000 r--s 00002000 08:11 6693529                    /home/timo/.gradle/wrapper/dists/gradle-4.1-all/bzyivzo6n839fup2jbap0tjew/gradle-4.1/lib/plugins/gradle-publish-4.1.jar
7fd379231000-7fd379233000 r--s 00009000 08:11 6693540                    /home/timo/.gradle/wrapper/dists/gradle-4.1-all/bzyivzo6n839fup2jbap0tjew/gradle-4.1/lib/plugins/commons-cli-1.2.jar
7fd379233000-7fd379239000 r--s 00036000 08:11 6693512                    /home/timo/.gradle/wrapper/dists/gradle-4.1-all/bzyivzo6n839fup2jbap0tjew/gradle-4.1/lib/plugins/gradle-plugins-4.1.jar
7fd379239000-7fd37923b000 r--s 00009000 08:11 6693499                    /home/timo/.gradle/wrapper/dists/gradle-4.1-all/bzyivzo6n839fup2jbap0tjew/gradle-4.1/lib/plugins/gradle-plugin-development-4.1.jar
7fd37923b000-7fd379241000 r--s 0002b000 08:11 6693507                    /home/timo/.gradle/wrapper/dists/gradle-4.1-all/bzyivzo6n839fup2jbap0tjew/gradle-4.1/lib/plugins/gradle-platform-play-4.1.jar
7fd379241000-7fd379250000 r--s 0005b000 08:11 6693525                    /home/timo/.gradle/wrapper/dists/gradle-4.1-all/bzyivzo6n839fup2jbap0tjew/gradle-4.1/lib/plugins/gradle-platform-native-4.1.jar
7fd379250000-7fd379254000 r--s 0001b000 08:11 6693522                    /home/timo/.gradle/wrapper/dists/gradle-4.1-all/bzyivzo6n839fup2jbap0tjew/gradle-4.1/lib/plugins/gradle-platform-jvm-4.1.jar
7fd379254000-7fd37925c000 r--s 00027000 08:11 6693530                    /home/timo/.gradle/wrapper/dists/gradle-4.1-all/bzyivzo6n839fup2jbap0tjew/gradle-4.1/lib/plugins/gradle-platform-base-4.1.jar
7fd37925c000-7fd379284000 r--s 0021c000 08:11 6693541                    /home/timo/.gradle/wrapper/dists/gradle-4.1-all/bzyivzo6n839fup2jbap0tjew/gradle-4.1/lib/plugins/biz.aQute.bndlib-3.2.0.jar
7fd379284000-7fd379285000 r--s 00004000 08:11 6693497                    /home/timo/.gradle/wrapper/dists/gradle-4.1-all/bzyivzo6n839fup2jbap0tjew/gradle-4.1/lib/plugins/gradle-osgi-4.1.jar
7fd379285000-7fd379288000 r--s 0000c000 08:11 6693544                    /home/timo/.gradle/wrapper/dists/gradle-4.1-all/bzyivzo6n839fup2jbap0tjew/gradle-4.1/lib/plugins/pmaven-groovy-0.8-20100325.jar
7fd379288000-7fd379289000 r--s 00004000 08:11 6693543                    /home/timo/.gradle/wrapper/dists/gradle-4.1-all/bzyivzo6n839fup2jbap0tjew/gradle-4.1/lib/plugins/pmaven-common-0.8-20100325.jar
7fd379289000-7fd37928f000 r--s 00023000 08:11 6693500                    /home/timo/.gradle/wrapper/dists/gradle-4.1-all/bzyivzo6n839fup2jbap0tjew/gradle-4.1/lib/plugins/gradle-maven-4.1.jar
7fd37928f000-7fd379292000 r--s 0000b000 08:11 6693518                    /home/timo/.gradle/wrapper/dists/gradle-4.1-all/bzyivzo6n839fup2jbap0tjew/gradle-4.1/lib/plugins/gradle-language-scala-4.1.jar
7fd379292000-7fd379299000 r--s 00020000 08:11 6693524                    /home/timo/.gradle/wrapper/dists/gradle-4.1-all/bzyivzo6n839fup2jbap0tjew/gradle-4.1/lib/plugins/gradle-language-native-4.1.jar
7fd379299000-7fd37929b000 r--s 00005000 08:11 6693521                    /home/timo/.gradle/wrapper/dists/gradle-4.1-all/bzyivzo6n839fup2jbap0tjew/gradle-4.1/lib/plugins/gradle-language-jvm-4.1.jar
7fd37929b000-7fd3792a2000 r--s 0002f000 08:11 6693520                    /home/timo/.gradle/wrapper/dists/gradle-4.1-all/bzyivzo6n839fup2jbap0tjew/gradle-4.1/lib/plugins/gradle-language-java-4.1.jar
7fd3792a2000-7fd3792a5000 r--s 0000a000 08:11 6693517                    /home/timo/.gradle/wrapper/dists/gradle-4.1-all/bzyivzo6n839fup2jbap0tjew/gradle-4.1/lib/plugins/gradle-language-groovy-4.1.jar
7fd3792a5000-7fd3792ac000 r--s 00035000 08:11 6693550                    /home/timo/.gradle/wrapper/dists/gradle-4.1-all/bzyivzo6n839fup2jbap0tjew/gradle-4.1/lib/plugins/simple-4.1.21.jar
7fd3792ac000-7fd3792b8000 r--s 00100000 08:11 6693548                    /home/timo/.gradle/wrapper/dists/gradle-4.1-all/bzyivzo6n839fup2jbap0tjew/gradle-4.1/lib/plugins/rhino-1.7R3.jar
7fd3792b8000-7fd3792bc000 r--s 00012000 08:11 6693508                    /home/timo/.gradle/wrapper/dists/gradle-4.1-all/bzyivzo6n839fup2jbap0tjew/gradle-4.1/lib/plugins/gradle-javascript-4.1.jar
7fd3792bc000-7fd3792bf000 r--s 00011000 08:11 6693510                    /home/timo/.gradle/wrapper/dists/gradle-4.1-all/bzyivzo6n839fup2jbap0tjew/gradle-4.1/lib/plugins/gradle-jacoco-4.1.jar
7fd3792bf000-7fd3792c2000 r--s 0000e000 08:11 6693509                    /home/timo/.gradle/wrapper/dists/gradle-4.1-all/bzyivzo6n839fup2jbap0tjew/gradle-4.1/lib/plugins/gradle-ivy-4.1.jar
7fd3792c2000-7fd3792c3000 r--s 00002000 08:11 6693501                    /home/timo/.gradle/wrapper/dists/gradle-4.1-all/bzyivzo6n839fup2jbap0tjew/gradle-4.1/lib/plugins/gradle-ide-play-4.1.jar
7fd3792c3000-7fd3792c6000 r--s 00013000 08:11 6693502                    /home/timo/.gradle/wrapper/dists/gradle-4.1-all/bzyivzo6n839fup2jbap0tjew/gradle-4.1/lib/plugins/gradle-ide-native-4.1.jar
7fd3792c6000-7fd3792d0000 r--s 00054000 08:11 6693503                    /home/timo/.gradle/wrapper/dists/gradle-4.1-all/bzyivzo6n839fup2jbap0tjew/gradle-4.1/lib/plugins/gradle-ide-4.1.jar
7fd3792d0000-7fd3792d2000 r--s 00007000 08:11 6693506                    /home/timo/.gradle/wrapper/dists/gradle-4.1-all/bzyivzo6n839fup2jbap0tjew/gradle-4.1/lib/plugins/gradle-ear-4.1.jar
7fd3792d2000-7fd3792d4000 r--s 00005000 08:11 6693538                    /home/timo/.gradle/wrapper/dists/gradle-4.1-all/bzyivzo6n839fup2jbap0tjew/gradle-4.1/lib/plugins/jatl-0.2.2.jar
7fd3792d4000-7fd3792db000 r--s 00038000 08:11 6693526                    /home/timo/.gradle/wrapper/dists/gradle-4.1-all/bzyivzo6n839fup2jbap0tjew/gradle-4.1/lib/plugins/gradle-diagnostics-4.1.jar
7fd3792db000-7fd3792dd000 r--s 0000b000 08:11 6693515                    /home/timo/.gradle/wrapper/dists/gradle-4.1-all/bzyivzo6n839fup2jbap0tjew/gradle-4.1/lib/plugins/gradle-composite-builds-4.1.jar
7fd3792dd000-7fd3792e2000 r--s 00025000 08:11 6693495                    /home/timo/.gradle/wrapper/dists/gradle-4.1-all/bzyivzo6n839fup2jbap0tjew/gradle-4.1/lib/plugins/gradle-code-quality-4.1.jar
7fd3792e2000-7fd3792e7000 r--s 00022000 08:11 6693511                    /home/timo/.gradle/wrapper/dists/gradle-4.1-all/bzyivzo6n839fup2jbap0tjew/gradle-4.1/lib/plugins/gradle-build-init-4.1.jar
7fd3792e7000-7fd3792ed000 r--s 0008e000 08:11 6693505                    /home/timo/.gradle/wrapper/dists/gradle-4.1-all/bzyivzo6n839fup2jbap0tjew/gradle-4.1/lib/plugins/gradle-build-comparison-4.1.jar
7fd3792ed000-7fd3792ee000 r--s 00002000 08:11 6693533                    /home/timo/.gradle/wrapper/dists/gradle-4.1-all/bzyivzo6n839fup2jbap0tjew/gradle-4.1/lib/plugins/gradle-build-cache-http-4.1.jar
7fd3792ee000-7fd3792f0000 r--s 00008000 08:11 6693496                    /home/timo/.gradle/wrapper/dists/gradle-4.1-all/bzyivzo6n839fup2jbap0tjew/gradle-4.1/lib/plugins/gradle-antlr-4.1.jar
7fd3792f0000-7fd3792f2000 r--s 00004000 08:11 6693516                    /home/timo/.gradle/wrapper/dists/gradle-4.1-all/bzyivzo6n839fup2jbap0tjew/gradle-4.1/lib/plugins/gradle-announce-4.1.jar
7fd3792f2000-7fd3792f4000 r--s 00008000 08:11 6693436                    /home/timo/.gradle/wrapper/dists/gradle-4.1-all/bzyivzo6n839fup2jbap0tjew/gradle-4.1/lib/gradle-kotlin-dsl-tooling-builders-0.10.3.jar
7fd3792f4000-7fd3792f7000 r--s 0001c000 08:11 6693554                    /home/timo/.gradle/wrapper/dists/gradle-4.1-all/bzyivzo6n839fup2jbap0tjew/gradle-4.1/lib/plugins/nekohtml-1.9.14.jar
7fd3792f7000-7fd3792ff000 r--s 00028000 08:11 6693595                    /home/timo/.gradle/wrapper/dists/gradle-4.1-all/bzyivzo6n839fup2jbap0tjew/gradle-4.1/lib/plugins/xml-apis-1.3.04.jar
7fd3792ff000-7fd379317000 r--s 00115000 08:11 6693555                    /home/timo/.gradle/wrapper/dists/gradle-4.1-all/bzyivzo6n839fup2jbap0tjew/gradle-4.1/lib/plugins/xercesImpl-2.9.1.jar
7fd379317000-7fd37931d000 r--s 0005b000 08:11 6693553                    /home/timo/.gradle/wrapper/dists/gradle-4.1-all/bzyivzo6n839fup2jbap0tjew/gradle-4.1/lib/plugins/jcifs-1.3.17.jar
7fd37931d000-7fd379324000 r--s 00049000 08:11 6693594                    /home/timo/.gradle/wrapper/dists/gradle-4.1-all/bzyivzo6n839fup2jbap0tjew/gradle-4.1/lib/plugins/httpcore-4.4.4.jar
7fd379324000-7fd37932a000 r--s 00033000 08:11 6693546                    /home/timo/.gradle/wrapper/dists/gradle-4.1-all/bzyivzo6n839fup2jbap0tjew/gradle-4.1/lib/plugins/commons-codec-1.6.jar
7fd37932a000-7fd379337000 r--s 000a4000 08:11 6693539                    /home/timo/.gradle/wrapper/dists/gradle-4.1-all/bzyivzo6n839fup2jbap0tjew/gradle-4.1/lib/plugins/httpclient-4.4.1.jar
7fd379337000-7fd379339000 r--s 0000b000 08:11 6693534                    /home/timo/.gradle/wrapper/dists/gradle-4.1-all/bzyivzo6n839fup2jbap0tjew/gradle-4.1/lib/plugins/gradle-resources-http-4.1.jar
7fd379339000-7fd37933d000 r--s 00017000 08:11 6693531                    /home/timo/.gradle/wrapper/dists/gradle-4.1-all/bzyivzo6n839fup2jbap0tjew/gradle-4.1/lib/plugins/gradle-plugin-use-4.1.jar
7fd37933d000-7fd37933e000 r--s 00000000 08:11 6693442                    /home/timo/.gradle/wrapper/dists/gradle-4.1-all/bzyivzo6n839fup2jbap0tjew/gradle-4.1/lib/gradle-runtime-api-info-4.1.jar
7fd37933e000-7fd37933f000 r--s 00000000 08:11 6693445                    /home/timo/.gradle/wrapper/dists/gradle-4.1-all/bzyivzo6n839fup2jbap0tjew/gradle-4.1/lib/gradle-installation-beacon-4.1.jar
7fd37933f000-7fd37937f000 r--s 00277000 08:11 6693566                    /home/timo/.gradle/wrapper/dists/gradle-4.1-all/bzyivzo6n839fup2jbap0tjew/gradle-4.1/lib/plugins/bcprov-jdk15on-1.51.jar
7fd37937f000-7fd379383000 r--s 0001d000 08:11 6693565                    /home/timo/.gradle/wrapper/dists/gradle-4.1-all/bzyivzo6n839fup2jbap0tjew/gradle-4.1/lib/plugins/xbean-reflect-3.4.jar
7fd379383000-7fd379385000 r--s 0000a000 08:11 6693567                    /home/timo/.gradle/wrapper/dists/gradle-4.1-all/bzyivzo6n839fup2jbap0tjew/gradle-4.1/lib/plugins/maven-settings-3.0.4.jar
7fd379385000-7fd379388000 r--s 00008000 08:11 6693568                    /home/timo/.gradle/wrapper/dists/gradle-4.1-all/bzyivzo6n839fup2jbap0tjew/gradle-4.1/lib/plugins/maven-settings-builder-3.0.4.jar
7fd379388000-7fd37938c000 r--s 00033000 08:11 6693569                    /home/timo/.gradle/wrapper/dists/gradle-4.1-all/bzyivzo6n839fup2jbap0tjew/gradle-4.1/lib/plugins/plexus-utils-2.0.6.jar
7fd37938c000-7fd37938e000 r--s 0000d000 08:11 6693570                    /home/timo/.gradle/wrapper/dists/gradle-4.1-all/bzyivzo6n839fup2jbap0tjew/gradle-4.1/lib/plugins/plexus-interpolation-1.14.jar
7fd37938e000-7fd379390000 r--s 00000000 08:11 6693545                    /home/timo/.gradle/wrapper/dists/gradle-4.1-all/bzyivzo6n839fup2jbap0tjew/gradle-4.1/lib/plugins/plexus-component-annotations-1.5.5.jar
7fd379390000-7fd379397000 r--s 0002e000 08:11 6693571                    /home/timo/.gradle/wrapper/dists/gradle-4.1-all/bzyivzo6n839fup2jbap0tjew/gradle-4.1/lib/plugins/plexus-container-default-1.5.5.jar
7fd379397000-7fd379399000 r--s 0000a000 08:11 6693572                    /home/timo/.gradle/wrapper/dists/gradle-4.1-all/bzyivzo6n839fup2jbap0tjew/gradle-4.1/lib/plugins/plexus-classworlds-2.4.jar
7fd379399000-7fd37939b000 r--s 00002000 08:11 6693573                    /home/timo/.gradle/wrapper/dists/gradle-4.1-all/bzyivzo6n839fup2jbap0tjew/gradle-4.1/lib/plugins/plexus-cipher-1.7.jar
7fd37939b000-7fd37939c000 r--s 00006000 08:11 6693574                    /home/timo/.gradle/wrapper/dists/gradle-4.1-all/bzyivzo6n839fup2jbap0tjew/gradle-4.1/lib/plugins/plexus-sec-dispatcher-1.3.jar
7fd37939c000-7fd3793a2000 r--s 0003f000 08:11 6693575                    /home/timo/.gradle/wrapper/dists/gradle-4.1-all/bzyivzo6n839fup2jbap0tjew/gradle-4.1/lib/plugins/maven-compat-3.0.4.jar
7fd3793a2000-7fd3793a6000 r--s 00021000 08:11 6693576                    /home/timo/.gradle/wrapper/dists/gradle-4.1-all/bzyivzo6n839fup2jbap0tjew/gradle-4.1/lib/plugins/maven-model-builder-3.0.4.jar
7fd3793a6000-7fd3793a8000 r--s 00026000 08:11 6693577                    /home/timo/.gradle/wrapper/dists/gradle-4.1-all/bzyivzo6n839fup2jbap0tjew/gradle-4.1/lib/plugins/maven-model-3.0.4.jar
7fd3793a8000-7fd3793aa000 r--s 0000b000 08:11 6693578                    /home/timo/.gradle/wrapper/dists/gradle-4.1-all/bzyivzo6n839fup2jbap0tjew/gradle-4.1/lib/plugins/maven-artifact-3.0.4.jar
7fd3793aa000-7fd3793ac000 r--s 00006000 08:11 6693579                    /home/timo/.gradle/wrapper/dists/gradle-4.1-all/bzyivzo6n839fup2jbap0tjew/gradle-4.1/lib/plugins/maven-repository-metadata-3.0.4.jar
7fd3793ac000-7fd3793ae000 r--s 0000b000 08:11 6693580                    /home/timo/.gradle/wrapper/dists/gradle-4.1-all/bzyivzo6n839fup2jbap0tjew/gradle-4.1/lib/plugins/maven-plugin-api-3.0.4.jar
7fd3793ae000-7fd3793b0000 r--s 0000c000 08:11 6693581                    /home/timo/.gradle/wrapper/dists/gradle-4.1-all/bzyivzo6n839fup2jbap0tjew/gradle-4.1/lib/plugins/maven-aether-provider-3.0.4.jar
7fd3793b0000-7fd3793b1000 r--s 00002000 08:11 6693582                    /home/timo/.gradle/wrapper/dists/gradle-4.1-all/bzyivzo6n839fup2jbap0tjew/gradle-4.1/lib/plugins/wagon-file-2.4.jar
7fd3793b1000-7fd3793b2000 r--s 00002000 08:11 6693583                    /home/timo/.gradle/wrapper/dists/gradle-4.1-all/bzyivzo6n839fup2jbap0tjew/gradle-4.1/lib/plugins/wagon-http-2.4.jar
7fd3793b2000-7fd3793b4000 r--s 0000b000 08:11 6693584                    /home/timo/.gradle/wrapper/dists/gradle-4.1-all/bzyivzo6n839fup2jbap0tjew/gradle-4.1/lib/plugins/wagon-provider-api-2.4.jar
7fd3793b4000-7fd3793b7000 r--s 00013000 08:11 6693586                    /home/timo/.gradle/wrapper/dists/gradle-4.1-all/bzyivzo6n839fup2jbap0tjew/gradle-4.1/lib/plugins/aether-api-1.13.1.jar
7fd3793b7000-7fd3793ba000 r--s 0001d000 08:11 6693587                    /home/timo/.gradle/wrapper/dists/gradle-4.1-all/bzyivzo6n839fup2jbap0tjew/gradle-4.1/lib/plugins/aether-impl-1.13.1.jar
7fd3793ba000-7fd3793be000 r--s 0001c000 08:11 6693589                    /home/timo/.gradle/wrapper/dists/gradle-4.1-all/bzyivzo6n839fup2jbap0tjew/gradle-4.1/lib/plugins/aether-util-1.13.1.jar
7fd3793be000-7fd3793ca000 r--s 0007d000 08:11 6693542                    /home/timo/.gradle/wrapper/dists/gradle-4.1-all/bzyivzo6n839fup2jbap0tjew/gradle-4.1/lib/plugins/maven-core-3.0.4.jar
7fd3793ca000-7fd3793cf000 r--s 00034000 08:11 6693549                    /home/timo/.gradle/wrapper/dists/gradle-4.1-all/bzyivzo6n839fup2jbap0tjew/gradle-4.1/lib/plugins/gson-2.7.jar
7fd3793cf000-7fd3793f3000 r--s 0011a000 08:11 6693537                    /home/timo/.gradle/wrapper/dists/gradle-4.1-all/bzyivzo6n839fup2jbap0tjew/gradle-4.1/lib/plugins/gradle-dependency-management-4.1.jar
7fd3793f3000-7fd379409000 r-xp 00000000 08:11 1970744                    /lib/x86_64-linux-gnu/libgcc_s.so.1
7fd379409000-7fd379608000 ---p 00016000 08:11 1970744                    /lib/x86_64-linux-gnu/libgcc_s.so.1
7fd379608000-7fd379609000 r--p 00015000 08:11 1970744                    /lib/x86_64-linux-gnu/libgcc_s.so.1
7fd379609000-7fd37960a000 rw-p 00016000 08:11 1970744                    /lib/x86_64-linux-gnu/libgcc_s.so.1
7fd37960a000-7fd379782000 r-xp 00000000 08:11 2235798                    /usr/lib/x86_64-linux-gnu/libstdc++.so.6.0.24
7fd379782000-7fd379981000 ---p 00178000 08:11 2235798                    /usr/lib/x86_64-linux-gnu/libstdc++.so.6.0.24
7fd379981000-7fd37998b000 r--p 00177000 08:11 2235798                    /usr/lib/x86_64-linux-gnu/libstdc++.so.6.0.24
7fd37998b000-7fd37998d000 rw-p 00181000 08:11 2235798                    /usr/lib/x86_64-linux-gnu/libstdc++.so.6.0.24
7fd37998d000-7fd379990000 rw-p 00000000 00:00 0 
7fd379990000-7fd379991000 r--s 00007000 08:11 6693585                    /home/timo/.gradle/wrapper/dists/gradle-4.1-all/bzyivzo6n839fup2jbap0tjew/gradle-4.1/lib/plugins/wagon-http-shared4-2.4.jar
7fd379991000-7fd379992000 r--s 00003000 08:11 6693588                    /home/timo/.gradle/wrapper/dists/gradle-4.1-all/bzyivzo6n839fup2jbap0tjew/gradle-4.1/lib/plugins/aether-spi-1.13.1.jar
7fd379992000-7fd379994000 r--s 00006000 08:11 6693590                    /home/timo/.gradle/wrapper/dists/gradle-4.1-all/bzyivzo6n839fup2jbap0tjew/gradle-4.1/lib/plugins/aether-connector-wagon-1.13.1.jar
7fd379994000-7fd379999000 r--s 00040000 08:11 6693557                    /home/timo/.gradle/wrapper/dists/gradle-4.1-all/bzyivzo6n839fup2jbap0tjew/gradle-4.1/lib/plugins/jsch-0.1.54.jar
7fd379999000-7fd3799a8000 r--s 000d9000 08:11 6693556                    /home/timo/.gradle/wrapper/dists/gradle-4.1-all/bzyivzo6n839fup2jbap0tjew/gradle-4.1/lib/plugins/ivy-2.2.0.jar
7fd3799a8000-7fd3799ab000 r--s 0000d000 08:11 6693536                    /home/timo/.gradle/wrapper/dists/gradle-4.1-all/bzyivzo6n839fup2jbap0tjew/gradle-4.1/lib/plugins/gradle-workers-4.1.jar
7fd3799ab000-7fd3799b0000 r-xp 00000000 08:11 6694213                    /home/timo/.gradle/native/25/linux-amd64/libnative-platform.so
7fd3799b0000-7fd379baf000 ---p 00005000 08:11 6694213                    /home/timo/.gradle/native/25/linux-amd64/libnative-platform.so
7fd379baf000-7fd379bb0000 rw-p 00004000 08:11 6694213                    /home/timo/.gradle/native/25/linux-amd64/libnative-platform.so
7fd379bb0000-7fd379bc1000 r-xp 00000000 08:11 6033646                    /opt/android-studio/jre/jre/lib/amd64/libnio.so
7fd379bc1000-7fd379dc0000 ---p 00011000 08:11 6033646                    /opt/android-studio/jre/jre/lib/amd64/libnio.so
7fd379dc0000-7fd379dc1000 r--p 00010000 08:11 6033646                    /opt/android-studio/jre/jre/lib/amd64/libnio.so
7fd379dc1000-7fd379dc2000 rw-p 00011000 08:11 6033646                    /opt/android-studio/jre/jre/lib/amd64/libnio.so
7fd379dc2000-7fd379dd8000 r-xp 00000000 08:11 6033648                    /opt/android-studio/jre/jre/lib/amd64/libnet.so
7fd379dd8000-7fd379fd8000 ---p 00016000 08:11 6033648                    /opt/android-studio/jre/jre/lib/amd64/libnet.so
7fd379fd8000-7fd379fd9000 r--p 00016000 08:11 6033648                    /opt/android-studio/jre/jre/lib/amd64/libnet.so
7fd379fd9000-7fd379fda000 rw-p 00017000 08:11 6033648                    /opt/android-studio/jre/jre/lib/amd64/libnet.so
7fd379fda000-7fd379fe4000 r--s 00116000 08:11 6033676                    /opt/android-studio/jre/jre/lib/ext/localedata.jar
7fd379fe4000-7fd37a000000 r--s 00393000 08:11 6033682                    /opt/android-studio/jre/jre/lib/ext/cldrdata.jar
7fd37a000000-7fd37a001000 r--s 00006000 08:11 6693444                    /home/timo/.gradle/wrapper/dists/gradle-4.1-all/bzyivzo6n839fup2jbap0tjew/gradle-4.1/lib/gradle-wrapper-4.1.jar
7fd37a001000-7fd37a00e000 r--s 00043000 08:11 6693443                    /home/timo/.gradle/wrapper/dists/gradle-4.1-all/bzyivzo6n839fup2jbap0tjew/gradle-4.1/lib/gradle-tooling-api-4.1.jar
7fd37a00e000-7fd37a01d000 r--s 000c8000 08:11 6693440                    /home/timo/.gradle/wrapper/dists/gradle-4.1-all/bzyivzo6n839fup2jbap0tjew/gradle-4.1/lib/kotlin-stdlib-1.1.3-2.jar
7fd37a01d000-7fd37a04f000 r--s 0021b000 08:11 6693439                    /home/timo/.gradle/wrapper/dists/gradle-4.1-all/bzyivzo6n839fup2jbap0tjew/gradle-4.1/lib/kotlin-reflect-1.1.3-2.jar
7fd37a04f000-7fd37a206000 r--s 01786000 08:11 6693438                    /home/timo/.gradle/wrapper/dists/gradle-4.1-all/bzyivzo6n839fup2jbap0tjew/gradle-4.1/lib/kotlin-compiler-embeddable-1.1.3-2.jar
7fd37a206000-7fd37a207000 r--s 00000000 08:11 6693437                    /home/timo/.gradle/wrapper/dists/gradle-4.1-all/bzyivzo6n839fup2jbap0tjew/gradle-4.1/lib/gradle-kotlin-dsl-tooling-models-0.10.3.jar
7fd37a207000-7fd37a208000 r--s 00001000 08:11 6693435                    /home/timo/.gradle/wrapper/dists/gradle-4.1-all/bzyivzo6n839fup2jbap0tjew/gradle-4.1/lib/gradle-kotlin-dsl-compiler-plugin-0.10.3.jar
7fd37a208000-7fd37a20a000 r--s 00003000 08:11 6693433                    /home/timo/.gradle/wrapper/dists/gradle-4.1-all/bzyivzo6n839fup2jbap0tjew/gradle-4.1/lib/annotations-13.0.jar
7fd37a20a000-7fd37a214000 r--s 00073000 08:11 6693434                    /home/timo/.gradle/wrapper/dists/gradle-4.1-all/bzyivzo6n839fup2jbap0tjew/gradle-4.1/lib/gradle-kotlin-dsl-0.10.3.jar
7fd37a214000-7fd37a219000 r--s 00013000 08:11 6693450                    /home/timo/.gradle/wrapper/dists/gradle-4.1-all/bzyivzo6n839fup2jbap0tjew/gradle-4.1/lib/gradle-resources-4.1.jar
7fd37a219000-7fd37a21b000 r--s 00005000 08:11 6693457                    /home/timo/.gradle/wrapper/dists/gradle-4.1-all/bzyivzo6n839fup2jbap0tjew/gradle-4.1/lib/gradle-cli-4.1.jar
7fd37a21b000-7fd37a21d000 r--s 00003000 08:11 6693464                    /home/timo/.gradle/wrapper/dists/gradle-4.1-all/bzyivzo6n839fup2jbap0tjew/gradle-4.1/lib/jcl-over-slf4j-1.7.10.jar
7fd37a21d000-7fd37a224000 r--s 0002c000 08:11 6693448                    /home/timo/.gradle/wrapper/dists/gradle-4.1-all/bzyivzo6n839fup2jbap0tjew/gradle-4.1/lib/gradle-logging-4.1.jar
7fd37a224000-7fd37a234000 r--s 00082000 08:11 6693453                    /home/timo/.gradle/wrapper/dists/gradle-4.1-all/bzyivzo6n839fup2jbap0tjew/gradle-4.1/lib/gradle-model-core-4.1.jar
7fd37a234000-7fd37a241000 r--s 00083000 08:11 6693473                    /home/timo/.gradle/wrapper/dists/gradle-4.1-all/bzyivzo6n839fup2jbap0tjew/gradle-4.1/lib/commons-collections-3.2.2.jar
7fd37a241000-7fd37a2b1000 r--s 00645000 08:11 6693470                    /home/timo/.gradle/wrapper/dists/gradle-4.1-all/bzyivzo6n839fup2jbap0tjew/gradle-4.1/lib/groovy-all-2.4.11.jar
7fd37a2b1000-7fd37a2d9000 r--s 001cf000 08:11 6693466                    /home/timo/.gradle/wrapper/dists/gradle-4.1-all/bzyivzo6n839fup2jbap0tjew/gradle-4.1/lib/guava-jdk5-17.0.jar
7fd37a2d9000-7fd37a323000 r--s 00253000 08:11 6693446                    /home/timo/.gradle/wrapper/dists/gradle-4.1-all/bzyivzo6n839fup2jbap0tjew/gradle-4.1/lib/gradle-core-4.1.jar
7fd37a323000-7fd37a324000 ---p 00000000 00:00 0 
7fd37a324000-7fd37a424000 rw-p 00000000 00:00 0 
7fd37a424000-7fd37a427000 ---p 00000000 00:00 0 
7fd37a427000-7fd37a525000 rw-p 00000000 00:00 0 
7fd37a525000-7fd37a528000 ---p 00000000 00:00 0 
7fd37a528000-7fd37a626000 rw-p 00000000 00:00 0 
7fd37a626000-7fd37a629000 ---p 00000000 00:00 0 
7fd37a629000-7fd37a727000 rw-p 00000000 00:00 0 
7fd37a727000-7fd37a72a000 ---p 00000000 00:00 0 
7fd37a72a000-7fd37a828000 rw-p 00000000 00:00 0 
7fd37a828000-7fd37a82b000 ---p 00000000 00:00 0 
7fd37a82b000-7fd37a929000 rw-p 00000000 00:00 0 
7fd37a929000-7fd37b2f3000 r--p 00000000 08:11 2233612                    /usr/lib/locale/locale-archive
7fd37b2f3000-7fd37b2f6000 ---p 00000000 00:00 0 
7fd37b2f6000-7fd37b3f4000 rw-p 00000000 00:00 0 
7fd37b3f4000-7fd37b3f7000 ---p 00000000 00:00 0 
7fd37b3f7000-7fd37b4f5000 rw-p 00000000 00:00 0 
7fd37b4f5000-7fd37b4f6000 ---p 00000000 00:00 0 
7fd37b4f6000-7fd37c000000 rw-p 00000000 00:00 0 
7fd37c000000-7fd37c02c000 rw-p 00000000 00:00 0 
7fd37c02c000-7fd380000000 ---p 00000000 00:00 0 
7fd380000000-7fd38002b000 rw-p 00000000 00:00 0 
7fd38002b000-7fd384000000 ---p 00000000 00:00 0 
7fd384000000-7fd384033000 rw-p 00000000 00:00 0 
7fd384033000-7fd388000000 ---p 00000000 00:00 0 
7fd388000000-7fd388001000 r--s 00005000 08:11 6693463                    /home/timo/.gradle/wrapper/dists/gradle-4.1-all/bzyivzo6n839fup2jbap0tjew/gradle-4.1/lib/log4j-over-slf4j-1.7.10.jar
7fd388001000-7fd388003000 r--s 00000000 08:11 6693462                    /home/timo/.gradle/wrapper/dists/gradle-4.1-all/bzyivzo6n839fup2jbap0tjew/gradle-4.1/lib/jul-to-slf4j-1.7.10.jar
7fd388003000-7fd388005000 r--s 00006000 08:11 6693454                    /home/timo/.gradle/wrapper/dists/gradle-4.1-all/bzyivzo6n839fup2jbap0tjew/gradle-4.1/lib/gradle-base-services-groovy-4.1.jar
7fd388005000-7fd388007000 r--s 00007000 08:11 6693452                    /home/timo/.gradle/wrapper/dists/gradle-4.1-all/bzyivzo6n839fup2jbap0tjew/gradle-4.1/lib/gradle-model-groovy-4.1.jar
7fd388007000-7fd388008000 r--s 00002000 08:11 6693475                    /home/timo/.gradle/wrapper/dists/gradle-4.1-all/bzyivzo6n839fup2jbap0tjew/gradle-4.1/lib/gradle-docs-4.1.jar
7fd388008000-7fd388009000 r--s 00000000 08:11 6693472                    /home/timo/.gradle/wrapper/dists/gradle-4.1-all/bzyivzo6n839fup2jbap0tjew/gradle-4.1/lib/javax.inject-1.jar
7fd388009000-7fd38800c000 r--s 00023000 08:11 6693476                    /home/timo/.gradle/wrapper/dists/gradle-4.1-all/bzyivzo6n839fup2jbap0tjew/gradle-4.1/lib/jansi-1.14.jar
7fd38800c000-7fd38800d000 r--s 00004000 08:11 6693478                    /home/timo/.gradle/wrapper/dists/gradle-4.1-all/bzyivzo6n839fup2jbap0tjew/gradle-4.1/lib/native-platform-freebsd-amd64-libcpp-0.14.jar
7fd38800d000-7fd38800e000 r--s 00004000 08:11 6693479                    /home/timo/.gradle/wrapper/dists/gradle-4.1-all/bzyivzo6n839fup2jbap0tjew/gradle-4.1/lib/native-platform-freebsd-amd64-libstdcpp-0.14.jar
7fd38800e000-7fd38800f000 r--s 00004000 08:11 6693480                    /home/timo/.gradle/wrapper/dists/gradle-4.1-all/bzyivzo6n839fup2jbap0tjew/gradle-4.1/lib/native-platform-freebsd-i386-libcpp-0.14.jar
7fd38800f000-7fd388010000 r--s 00003000 08:11 6693481                    /home/timo/.gradle/wrapper/dists/gradle-4.1-all/bzyivzo6n839fup2jbap0tjew/gradle-4.1/lib/native-platform-freebsd-i386-libstdcpp-0.14.jar
7fd388010000-7fd388011000 r--s 00002000 08:11 6693482                    /home/timo/.gradle/wrapper/dists/gradle-4.1-all/bzyivzo6n839fup2jbap0tjew/gradle-4.1/lib/native-platform-linux-amd64-0.14.jar
7fd388011000-7fd388012000 r--s 00002000 08:11 6693483                    /home/timo/.gradle/wrapper/dists/gradle-4.1-all/bzyivzo6n839fup2jbap0tjew/gradle-4.1/lib/native-platform-linux-i386-0.14.jar
7fd388012000-7fd388014000 r--s 00002000 08:11 6693484                    /home/timo/.gradle/wrapper/dists/gradle-4.1-all/bzyivzo6n839fup2jbap0tjew/gradle-4.1/lib/native-platform-osx-amd64-0.14.jar
7fd388014000-7fd388015000 r--s 00003000 08:11 6693485                    /home/timo/.gradle/wrapper/dists/gradle-4.1-all/bzyivzo6n839fup2jbap0tjew/gradle-4.1/lib/native-platform-osx-i386-0.14.jar
7fd388015000-7fd388017000 r--s 0000b000 08:11 6693486                    /home/timo/.gradle/wrapper/dists/gradle-4.1-all/bzyivzo6n839fup2jbap0tjew/gradle-4.1/lib/native-platform-windows-amd64-0.14.jar
7fd388017000-7fd388018000 r--s 0000b000 08:11 6693487                    /home/timo/.gradle/wrapper/dists/gradle-4.1-all/bzyivzo6n839fup2jbap0tjew/gradle-4.1/lib/native-platform-windows-i386-0.14.jar
7fd388018000-7fd388019000 r--s 00001000 08:11 6693488                    /home/timo/.gradle/wrapper/dists/gradle-4.1-all/bzyivzo6n839fup2jbap0tjew/gradle-4.1/lib/native-platform-linux-amd64-ncurses5-0.14.jar
7fd388019000-7fd38801a000 r--s 00001000 08:11 6693489                    /home/timo/.gradle/wrapper/dists/gradle-4.1-all/bzyivzo6n839fup2jbap0tjew/gradle-4.1/lib/native-platform-linux-amd64-ncurses6-0.14.jar
7fd38801a000-7fd38801b000 r--s 00001000 08:11 6693490                    /home/timo/.gradle/wrapper/dists/gradle-4.1-all/bzyivzo6n839fup2jbap0tjew/gradle-4.1/lib/native-platform-linux-i386-ncurses5-0.14.jar
7fd38801b000-7fd38801c000 r--s 00001000 08:11 6693491                    /home/timo/.gradle/wrapper/dists/gradle-4.1-all/bzyivzo6n839fup2jbap0tjew/gradle-4.1/lib/native-platform-linux-i386-ncurses6-0.14.jar
7fd38801c000-7fd388020000 r--s 00012000 08:11 6693474                    /home/timo/.gradle/wrapper/dists/gradle-4.1-all/bzyivzo6n839fup2jbap0tjew/gradle-4.1/lib/native-platform-0.14.jar
7fd388020000-7fd38803f000 r--s 001d1000 08:11 6693471                    /home/timo/.gradle/wrapper/dists/gradle-4.1-all/bzyivzo6n839fup2jbap0tjew/gradle-4.1/lib/ant-1.9.6.jar
7fd38803f000-7fd3885f5000 rw-p 00000000 00:00 0 
7fd3885f5000-7fd3887c5000 r--s 03c46000 08:11 6033602                    /opt/android-studio/jre/jre/lib/rt.jar
7fd3887c5000-7fd38c33b000 rw-p 00000000 00:00 0 
7fd38c33b000-7fd38c33c000 ---p 00000000 00:00 0 
7fd38c33c000-7fd38c43c000 rw-p 00000000 00:00 0 
7fd38c43c000-7fd38c43d000 ---p 00000000 00:00 0 
7fd38c43d000-7fd38c53d000 rw-p 00000000 00:00 0 
7fd38c53d000-7fd38c53e000 ---p 00000000 00:00 0 
7fd38c53e000-7fd38c63e000 rw-p 00000000 00:00 0 
7fd38c63e000-7fd38c63f000 ---p 00000000 00:00 0 
7fd38c63f000-7fd38c752000 rw-p 00000000 00:00 0 
7fd38c752000-7fd38c93f000 ---p 00000000 00:00 0 
7fd38c93f000-7fd38c952000 rw-p 00000000 00:00 0 
7fd38c952000-7fd38cb3f000 ---p 00000000 00:00 0 
7fd38cb3f000-7fd38cbca000 rw-p 00000000 00:00 0 
7fd38cbca000-7fd38cc3f000 ---p 00000000 00:00 0 
7fd38cc3f000-7fd38cc95000 rw-p 00000000 00:00 0 
7fd38cc95000-7fd38d000000 ---p 00000000 00:00 0 
7fd38d000000-7fd38e530000 rwxp 00000000 00:00 0 
7fd38e530000-7fd39c000000 ---p 00000000 00:00 0 
7fd39c000000-7fd39ccd8000 rw-p 00000000 00:00 0 
7fd39ccd8000-7fd3a0000000 ---p 00000000 00:00 0 
7fd3a0000000-7fd3a0003000 r--s 0000c000 08:11 6693451                    /home/timo/.gradle/wrapper/dists/gradle-4.1-all/bzyivzo6n839fup2jbap0tjew/gradle-4.1/lib/gradle-native-4.1.jar
7fd3a0003000-7fd3a0005000 r--s 0000f000 08:11 6693459                    /home/timo/.gradle/wrapper/dists/gradle-4.1-all/bzyivzo6n839fup2jbap0tjew/gradle-4.1/lib/reflectasm-1.07-shaded.jar
7fd3a0005000-7fd3a0007000 r--s 00000000 08:11 6693492                    /home/timo/.gradle/wrapper/dists/gradle-4.1-all/bzyivzo6n839fup2jbap0tjew/gradle-4.1/lib/minlog-1.2.jar
7fd3a0007000-7fd3a0009000 r--s 00007000 08:11 6693493                    /home/timo/.gradle/wrapper/dists/gradle-4.1-all/bzyivzo6n839fup2jbap0tjew/gradle-4.1/lib/objenesis-1.2.jar
7fd3a0009000-7fd3a000d000 r--s 00026000 08:11 6693458                    /home/timo/.gradle/wrapper/dists/gradle-4.1-all/bzyivzo6n839fup2jbap0tjew/gradle-4.1/lib/kryo-2.20.jar
7fd3a000d000-7fd3a0013000 r--s 0002b000 08:11 6693455                    /home/timo/.gradle/wrapper/dists/gradle-4.1-all/bzyivzo6n839fup2jbap0tjew/gradle-4.1/lib/gradle-messaging-4.1.jar
7fd3a0013000-7fd3a0015000 r--s 00006000 08:11 6693449                    /home/timo/.gradle/wrapper/dists/gradle-4.1-all/bzyivzo6n839fup2jbap0tjew/gradle-4.1/lib/gradle-process-services-4.1.jar
7fd3a0015000-7fd3a0017000 r--s 00000000 08:11 6693447                    /home/timo/.gradle/wrapper/dists/gradle-4.1-all/bzyivzo6n839fup2jbap0tjew/gradle-4.1/lib/gradle-jvm-services-4.1.jar
7fd3a0017000-7fd3a0018000 r--s 00000000 08:11 6693469                    /home/timo/.gradle/wrapper/dists/gradle-4.1-all/bzyivzo6n839fup2jbap0tjew/gradle-4.1/lib/jcip-annotations-1.0.jar
7fd3a0018000-7fd3a0039000 rw-p 00000000 00:00 0 
7fd3a0039000-7fd3a0053000 r-xp 00000000 08:11 6033623                    /opt/android-studio/jre/jre/lib/amd64/libzip.so
7fd3a0053000-7fd3a0253000 ---p 0001a000 08:11 6033623                    /opt/android-studio/jre/jre/lib/amd64/libzip.so
7fd3a0253000-7fd3a0254000 r--p 0001a000 08:11 6033623                    /opt/android-studio/jre/jre/lib/amd64/libzip.so
7fd3a0254000-7fd3a0255000 rw-p 0001b000 08:11 6033623                    /opt/android-studio/jre/jre/lib/amd64/libzip.so
7fd3a0255000-7fd3a0260000 r-xp 00000000 08:11 1970799                    /lib/x86_64-linux-gnu/libnss_files-2.26.so
7fd3a0260000-7fd3a045f000 ---p 0000b000 08:11 1970799                    /lib/x86_64-linux-gnu/libnss_files-2.26.so
7fd3a045f000-7fd3a0460000 r--p 0000a000 08:11 1970799                    /lib/x86_64-linux-gnu/libnss_files-2.26.so
7fd3a0460000-7fd3a0461000 rw-p 0000b000 08:11 1970799                    /lib/x86_64-linux-gnu/libnss_files-2.26.so
7fd3a0461000-7fd3a0467000 rw-p 00000000 00:00 0 
7fd3a0467000-7fd3a0472000 r-xp 00000000 08:11 1970810                    /lib/x86_64-linux-gnu/libnss_nis-2.26.so
7fd3a0472000-7fd3a0671000 ---p 0000b000 08:11 1970810                    /lib/x86_64-linux-gnu/libnss_nis-2.26.so
7fd3a0671000-7fd3a0672000 r--p 0000a000 08:11 1970810                    /lib/x86_64-linux-gnu/libnss_nis-2.26.so
7fd3a0672000-7fd3a0673000 rw-p 0000b000 08:11 1970810                    /lib/x86_64-linux-gnu/libnss_nis-2.26.so
7fd3a0673000-7fd3a068a000 r-xp 00000000 08:11 1970793                    /lib/x86_64-linux-gnu/libnsl-2.26.so
7fd3a068a000-7fd3a0889000 ---p 00017000 08:11 1970793                    /lib/x86_64-linux-gnu/libnsl-2.26.so
7fd3a0889000-7fd3a088a000 r--p 00016000 08:11 1970793                    /lib/x86_64-linux-gnu/libnsl-2.26.so
7fd3a088a000-7fd3a088b000 rw-p 00017000 08:11 1970793                    /lib/x86_64-linux-gnu/libnsl-2.26.so
7fd3a088b000-7fd3a088d000 rw-p 00000000 00:00 0 
7fd3a088d000-7fd3a0895000 r-xp 00000000 08:11 1970795                    /lib/x86_64-linux-gnu/libnss_compat-2.26.so
7fd3a0895000-7fd3a0a94000 ---p 00008000 08:11 1970795                    /lib/x86_64-linux-gnu/libnss_compat-2.26.so
7fd3a0a94000-7fd3a0a95000 r--p 00007000 08:11 1970795                    /lib/x86_64-linux-gnu/libnss_compat-2.26.so
7fd3a0a95000-7fd3a0a96000 rw-p 00008000 08:11 1970795                    /lib/x86_64-linux-gnu/libnss_compat-2.26.so
7fd3a0a96000-7fd3a0ac3000 r-xp 00000000 08:11 6033622                    /opt/android-studio/jre/jre/lib/amd64/libjava.so
7fd3a0ac3000-7fd3a0cc2000 ---p 0002d000 08:11 6033622                    /opt/android-studio/jre/jre/lib/amd64/libjava.so
7fd3a0cc2000-7fd3a0cc3000 r--p 0002c000 08:11 6033622                    /opt/android-studio/jre/jre/lib/amd64/libjava.so
7fd3a0cc3000-7fd3a0cc5000 rw-p 0002d000 08:11 6033622                    /opt/android-studio/jre/jre/lib/amd64/libjava.so
7fd3a0cc5000-7fd3a0cd5000 r-xp 00000000 08:11 6033628                    /opt/android-studio/jre/jre/lib/amd64/libverify.so
7fd3a0cd5000-7fd3a0ed4000 ---p 00010000 08:11 6033628                    /opt/android-studio/jre/jre/lib/amd64/libverify.so
7fd3a0ed4000-7fd3a0ed6000 r--p 0000f000 08:11 6033628                    /opt/android-studio/jre/jre/lib/amd64/libverify.so
7fd3a0ed6000-7fd3a0ed7000 rw-p 00011000 08:11 6033628                    /opt/android-studio/jre/jre/lib/amd64/libverify.so
7fd3a0ed7000-7fd3a0ede000 r-xp 00000000 08:11 1970853                    /lib/x86_64-linux-gnu/librt-2.26.so
7fd3a0ede000-7fd3a10dd000 ---p 00007000 08:11 1970853                    /lib/x86_64-linux-gnu/librt-2.26.so
7fd3a10dd000-7fd3a10de000 r--p 00006000 08:11 1970853                    /lib/x86_64-linux-gnu/librt-2.26.so
7fd3a10de000-7fd3a10df000 rw-p 00007000 08:11 1970853                    /lib/x86_64-linux-gnu/librt-2.26.so
7fd3a10df000-7fd3a1234000 r-xp 00000000 08:11 1970772                    /lib/x86_64-linux-gnu/libm-2.26.so
7fd3a1234000-7fd3a1433000 ---p 00155000 08:11 1970772                    /lib/x86_64-linux-gnu/libm-2.26.so
7fd3a1433000-7fd3a1434000 r--p 00154000 08:11 1970772                    /lib/x86_64-linux-gnu/libm-2.26.so
7fd3a1434000-7fd3a1435000 rw-p 00155000 08:11 1970772                    /lib/x86_64-linux-gnu/libm-2.26.so
7fd3a1435000-7fd3a202d000 r-xp 00000000 08:11 6033632                    /opt/android-studio/jre/jre/lib/amd64/server/libjvm.so
7fd3a202d000-7fd3a222d000 ---p 00bf8000 08:11 6033632                    /opt/android-studio/jre/jre/lib/amd64/server/libjvm.so
7fd3a222d000-7fd3a22cc000 r--p 00bf8000 08:11 6033632                    /opt/android-studio/jre/jre/lib/amd64/server/libjvm.so
7fd3a22cc000-7fd3a22f5000 rw-p 00c97000 08:11 6033632                    /opt/android-studio/jre/jre/lib/amd64/server/libjvm.so
7fd3a22f5000-7fd3a2339000 rw-p 00000000 00:00 0 
7fd3a2339000-7fd3a2353000 r-xp 00000000 08:11 1970845                    /lib/x86_64-linux-gnu/libpthread-2.26.so
7fd3a2353000-7fd3a2552000 ---p 0001a000 08:11 1970845                    /lib/x86_64-linux-gnu/libpthread-2.26.so
7fd3a2552000-7fd3a2553000 r--p 00019000 08:11 1970845                    /lib/x86_64-linux-gnu/libpthread-2.26.so
7fd3a2553000-7fd3a2554000 rw-p 0001a000 08:11 1970845                    /lib/x86_64-linux-gnu/libpthread-2.26.so
7fd3a2554000-7fd3a2558000 rw-p 00000000 00:00 0 
7fd3a2558000-7fd3a255b000 r-xp 00000000 08:11 1970730                    /lib/x86_64-linux-gnu/libdl-2.26.so
7fd3a255b000-7fd3a275a000 ---p 00003000 08:11 1970730                    /lib/x86_64-linux-gnu/libdl-2.26.so
7fd3a275a000-7fd3a275b000 r--p 00002000 08:11 1970730                    /lib/x86_64-linux-gnu/libdl-2.26.so
7fd3a275b000-7fd3a275c000 rw-p 00003000 08:11 1970730                    /lib/x86_64-linux-gnu/libdl-2.26.so
7fd3a275c000-7fd3a2932000 r-xp 00000000 08:11 1970706                    /lib/x86_64-linux-gnu/libc-2.26.so
7fd3a2932000-7fd3a2b32000 ---p 001d6000 08:11 1970706                    /lib/x86_64-linux-gnu/libc-2.26.so
7fd3a2b32000-7fd3a2b36000 r--p 001d6000 08:11 1970706                    /lib/x86_64-linux-gnu/libc-2.26.so
7fd3a2b36000-7fd3a2b38000 rw-p 001da000 08:11 1970706                    /lib/x86_64-linux-gnu/libc-2.26.so
7fd3a2b38000-7fd3a2b3c000 rw-p 00000000 00:00 0 
7fd3a2b3c000-7fd3a2b52000 r-xp 00000000 08:11 6033566                    /opt/android-studio/jre/lib/amd64/jli/libjli.so
7fd3a2b52000-7fd3a2d51000 ---p 00016000 08:11 6033566                    /opt/android-studio/jre/lib/amd64/jli/libjli.so
7fd3a2d51000-7fd3a2d52000 r--p 00015000 08:11 6033566                    /opt/android-studio/jre/lib/amd64/jli/libjli.so
7fd3a2d52000-7fd3a2d53000 rw-p 00016000 08:11 6033566                    /opt/android-studio/jre/lib/amd64/jli/libjli.so
7fd3a2d53000-7fd3a2d7a000 r-xp 00000000 08:11 1970678                    /lib/x86_64-linux-gnu/ld-2.26.so
7fd3a2d7a000-7fd3a2d7f000 r--s 00041000 08:11 6693468                    /home/timo/.gradle/wrapper/dists/gradle-4.1-all/bzyivzo6n839fup2jbap0tjew/gradle-4.1/lib/commons-lang-2.6.jar
7fd3a2d7f000-7fd3a2d82000 r--s 00006000 08:11 6693467                    /home/timo/.gradle/wrapper/dists/gradle-4.1-all/bzyivzo6n839fup2jbap0tjew/gradle-4.1/lib/jsr305-1.3.9.jar
7fd3a2d82000-7fd3a2d83000 r--s 00007000 08:11 6693465                    /home/timo/.gradle/wrapper/dists/gradle-4.1-all/bzyivzo6n839fup2jbap0tjew/gradle-4.1/lib/slf4j-api-1.7.10.jar
7fd3a2d83000-7fd3a2d8b000 r--s 000bd000 08:11 6693460                    /home/timo/.gradle/wrapper/dists/gradle-4.1-all/bzyivzo6n839fup2jbap0tjew/gradle-4.1/lib/asm-debug-all-6.0_ALPHA.jar
7fd3a2d8b000-7fd3a2d97000 r--s 00053000 08:11 6693456                    /home/timo/.gradle/wrapper/dists/gradle-4.1-all/bzyivzo6n839fup2jbap0tjew/gradle-4.1/lib/gradle-base-services-4.1.jar
7fd3a2d97000-7fd3a2e59000 rw-p 00000000 00:00 0 
7fd3a2e59000-7fd3a2e5c000 ---p 00000000 00:00 0 
7fd3a2e5c000-7fd3a2f5c000 rw-p 00000000 00:00 0 
7fd3a2f5c000-7fd3a2f60000 r--s 00027000 08:11 6693461                    /home/timo/.gradle/wrapper/dists/gradle-4.1-all/bzyivzo6n839fup2jbap0tjew/gradle-4.1/lib/commons-io-2.2.jar
7fd3a2f60000-7fd3a2f61000 r--s 00004000 08:11 6693477                    /home/timo/.gradle/wrapper/dists/gradle-4.1-all/bzyivzo6n839fup2jbap0tjew/gradle-4.1/lib/ant-launcher-1.9.6.jar
7fd3a2f61000-7fd3a2f6d000 r--s 0005c000 08:11 6693441                    /home/timo/.gradle/wrapper/dists/gradle-4.1-all/bzyivzo6n839fup2jbap0tjew/gradle-4.1/lib/gradle-launcher-4.1.jar
7fd3a2f6d000-7fd3a2f75000 rw-s 00000000 08:11 1322250                    /tmp/hsperfdata_timo/15683
7fd3a2f75000-7fd3a2f76000 rw-p 00000000 00:00 0 
7fd3a2f76000-7fd3a2f77000 ---p 00000000 00:00 0 
7fd3a2f77000-7fd3a2f7a000 rw-p 00000000 00:00 0 
7fd3a2f7a000-7fd3a2f7b000 r--p 00027000 08:11 1970678                    /lib/x86_64-linux-gnu/ld-2.26.so
7fd3a2f7b000-7fd3a2f7c000 rw-p 00028000 08:11 1970678                    /lib/x86_64-linux-gnu/ld-2.26.so
7fd3a2f7c000-7fd3a2f7d000 rw-p 00000000 00:00 0 
7ffd74c22000-7ffd74c43000 rw-p 00000000 00:00 0                          [stack]
7ffd74cde000-7ffd74ce1000 r--p 00000000 00:00 0                          [vvar]
7ffd74ce1000-7ffd74ce3000 r-xp 00000000 00:00 0                          [vdso]
ffffffffff600000-ffffffffff601000 r-xp 00000000 00:00 0                  [vsyscall]

VM Arguments:
jvm_args: -Xmx1536m -Dfile.encoding=UTF-8 -Duser.country=DE -Duser.language=de -Duser.variant 
java_command: org.gradle.launcher.daemon.bootstrap.GradleDaemon 4.1
java_class_path (initial): /home/timo/.gradle/wrapper/dists/gradle-4.1-all/bzyivzo6n839fup2jbap0tjew/gradle-4.1/lib/gradle-launcher-4.1.jar
Launcher Type: SUN_STANDARD

Environment Variables:
PATH=/usr/local/sbin:/usr/local/bin:/usr/sbin:/usr/bin:/sbin:/bin:/usr/games:/usr/local/games:/snap/bin
USERNAME=timo
LD_LIBRARY_PATH=/opt/android-studio/bin:
SHELL=/bin/bash
DISPLAY=:0

Signal Handlers:
SIGSEGV: [libjvm.so+0x9ebc60], sa_mask[0]=11111111011111111101111111111110, sa_flags=SA_RESTART|SA_SIGINFO
SIGBUS: [libjvm.so+0x9ebc60], sa_mask[0]=11111111011111111101111111111110, sa_flags=SA_RESTART|SA_SIGINFO
SIGFPE: [libjvm.so+0x84cf60], sa_mask[0]=11111111011111111101111111111110, sa_flags=SA_RESTART|SA_SIGINFO
SIGPIPE: [libjvm.so+0x84cf60], sa_mask[0]=11111111011111111101111111111110, sa_flags=SA_RESTART|SA_SIGINFO
SIGXFSZ: [libjvm.so+0x84cf60], sa_mask[0]=11111111011111111101111111111110, sa_flags=SA_RESTART|SA_SIGINFO
SIGILL: [libjvm.so+0x84cf60], sa_mask[0]=11111111011111111101111111111110, sa_flags=SA_RESTART|SA_SIGINFO
SIGUSR1: SIG_DFL, sa_mask[0]=00000000000000000000000000000000, sa_flags=none
SIGUSR2: [libjvm.so+0x84ce30], sa_mask[0]=00100000000000000000000000000000, sa_flags=SA_RESTART|SA_SIGINFO
SIGHUP: [libjvm.so+0x84d020], sa_mask[0]=11111111011111111101111111111110, sa_flags=SA_RESTART|SA_SIGINFO
SIGINT: [libjvm.so+0x84d020], sa_mask[0]=11111111011111111101111111111110, sa_flags=SA_RESTART|SA_SIGINFO
SIGTERM: [libjvm.so+0x84d020], sa_mask[0]=11111111011111111101111111111110, sa_flags=SA_RESTART|SA_SIGINFO
SIGQUIT: [libjvm.so+0x84d020], sa_mask[0]=11111111011111111101111111111110, sa_flags=SA_RESTART|SA_SIGINFO


---------------  S Y S T E M  ---------------

OS:DISTRIB_ID=Ubuntu
DISTRIB_RELEASE=17.10
DISTRIB_CODENAME=artful
DISTRIB_DESCRIPTION="Ubuntu 17.10"

uname:Linux 4.13.0-21-generic #24-Ubuntu SMP Mon Dec 18 17:29:16 UTC 2017 x86_64
libc:glibc 2.26 NPTL 2.26 
rlimit: STACK 8192k, CORE 0k, NPROC 14779, NOFILE 1048576, AS infinity
load average:4,61 2,09 1,13

/proc/meminfo:
MemTotal:        3836372 kB
MemFree:          105348 kB
MemAvailable:      21120 kB
Buffers:             616 kB
Cached:           209832 kB
SwapCached:          348 kB
Active:          2922772 kB
Inactive:         601720 kB
Active(anon):    2912344 kB
Inactive(anon):   582568 kB
Active(file):      10428 kB
Inactive(file):    19152 kB
Unevictable:          32 kB
Mlocked:              32 kB
SwapTotal:       2097148 kB
SwapFree:            100 kB
Dirty:               320 kB
Writeback:           112 kB
AnonPages:       3313872 kB
Mapped:            75668 kB
Shmem:            180760 kB
Slab:              88496 kB
SReclaimable:      40776 kB
SUnreclaim:        47720 kB
KernelStack:       15216 kB
PageTables:        63352 kB
NFS_Unstable:          0 kB
Bounce:                0 kB
WritebackTmp:          0 kB
CommitLimit:     4015332 kB
Committed_AS:   11836056 kB
VmallocTotal:   34359738367 kB
VmallocUsed:           0 kB
VmallocChunk:          0 kB
HardwareCorrupted:     0 kB
AnonHugePages:         0 kB
ShmemHugePages:        0 kB
ShmemPmdMapped:        0 kB
CmaTotal:              0 kB
CmaFree:               0 kB
HugePages_Total:       0
HugePages_Free:        0
HugePages_Rsvd:        0
HugePages_Surp:        0
Hugepagesize:       2048 kB
DirectMap4k:      139324 kB
DirectMap2M:     3846144 kB


CPU:total 4 (initial active 4) (2 cores per cpu, 2 threads per core) family 6 model 37 stepping 5, cmov, cx8, fxsr, mmx, sse, sse2, sse3, ssse3, sse4.1, sse4.2, popcnt, aes, clmul, ht, tsc, tscinvbit

/proc/cpuinfo:
processor	: 0
vendor_id	: GenuineIntel
cpu family	: 6
model		: 37
model name	: Intel(R) Core(TM) i5 CPU       M 520  @ 2.40GHz
stepping	: 5
microcode	: 0x4
cpu MHz		: 2400.000
cache size	: 3072 KB
physical id	: 0
siblings	: 4
core id		: 0
cpu cores	: 2
apicid		: 0
initial apicid	: 0
fpu		: yes
fpu_exception	: yes
cpuid level	: 11
wp		: yes
flags		: fpu vme de pse tsc msr pae mce cx8 apic sep mtrr pge mca cmov pat pse36 clflush dts acpi mmx fxsr sse sse2 ss ht tm pbe syscall nx rdtscp lm constant_tsc arch_perfmon pebs bts rep_good nopl xtopology nonstop_tsc cpuid aperfmperf pni pclmulqdq dtes64 monitor ds_cpl vmx smx est tm2 ssse3 cx16 xtpr pdcm pcid sse4_1 sse4_2 popcnt aes lahf_lm tpr_shadow vnmi flexpriority ept vpid dtherm ida arat
bugs		:
bogomips	: 4788.27
clflush size	: 64
cache_alignment	: 64
address sizes	: 36 bits physical, 48 bits virtual
power management:

processor	: 1
vendor_id	: GenuineIntel
cpu family	: 6
model		: 37
model name	: Intel(R) Core(TM) i5 CPU       M 520  @ 2.40GHz
stepping	: 5
microcode	: 0x4
cpu MHz		: 2400.000
cache size	: 3072 KB
physical id	: 0
siblings	: 4
core id		: 0
cpu cores	: 2
apicid		: 1
initial apicid	: 1
fpu		: yes
fpu_exception	: yes
cpuid level	: 11
wp		: yes
flags		: fpu vme de pse tsc msr pae mce cx8 apic sep mtrr pge mca cmov pat pse36 clflush dts acpi mmx fxsr sse sse2 ss ht tm pbe syscall nx rdtscp lm constant_tsc arch_perfmon pebs bts rep_good nopl xtopology nonstop_tsc cpuid aperfmperf pni pclmulqdq dtes64 monitor ds_cpl vmx smx est tm2 ssse3 cx16 xtpr pdcm pcid sse4_1 sse4_2 popcnt aes lahf_lm tpr_shadow vnmi flexpriority ept vpid dtherm ida arat
bugs		:
bogomips	: 4788.27
clflush size	: 64
cache_alignment	: 64
address sizes	: 36 bits physical, 48 bits virtual
power management:

processor	: 2
vendor_id	: GenuineIntel
cpu family	: 6
model		: 37
model name	: Intel(R) Core(TM) i5 CPU       M 520  @ 2.40GHz
stepping	: 5
microcode	: 0x4
cpu MHz		: 2400.000
cache size	: 3072 KB
physical id	: 0
siblings	: 4
core id		: 2
cpu cores	: 2
apicid		: 4
initial apicid	: 4
fpu		: yes
fpu_exception	: yes
cpuid level	: 11
wp		: yes
flags		: fpu vme de pse tsc msr pae mce cx8 apic sep mtrr pge mca cmov pat pse36 clflush dts acpi mmx fxsr sse sse2 ss ht tm pbe syscall nx rdtscp lm constant_tsc arch_perfmon pebs bts rep_good nopl xtopology nonstop_tsc cpuid aperfmperf pni pclmulqdq dtes64 monitor ds_cpl vmx smx est tm2 ssse3 cx16 xtpr pdcm pcid sse4_1 sse4_2 popcnt aes lahf_lm tpr_shadow vnmi flexpriority ept vpid dtherm ida arat
bugs		:
bogomips	: 4788.27
clflush size	: 64
cache_alignment	: 64
address sizes	: 36 bits physical, 48 bits virtual
power management:

processor	: 3
vendor_id	: GenuineIntel
cpu family	: 6
model		: 37
model name	: Intel(R) Core(TM) i5 CPU       M 520  @ 2.40GHz
stepping	: 5
microcode	: 0x4
cpu MHz		: 2400.000
cache size	: 3072 KB
physical id	: 0
siblings	: 4
core id		: 2
cpu cores	: 2
apicid		: 5
initial apicid	: 5
fpu		: yes
fpu_exception	: yes
cpuid level	: 11
wp		: yes
flags		: fpu vme de pse tsc msr pae mce cx8 apic sep mtrr pge mca cmov pat pse36 clflush dts acpi mmx fxsr sse sse2 ss ht tm pbe syscall nx rdtscp lm constant_tsc arch_perfmon pebs bts rep_good nopl xtopology nonstop_tsc cpuid aperfmperf pni pclmulqdq dtes64 monitor ds_cpl vmx smx est tm2 ssse3 cx16 xtpr pdcm pcid sse4_1 sse4_2 popcnt aes lahf_lm tpr_shadow vnmi flexpriority ept vpid dtherm ida arat
bugs		:
bogomips	: 4788.27
clflush size	: 64
cache_alignment	: 64
address sizes	: 36 bits physical, 48 bits virtual
power management:



Memory: 4k page, physical 3836372k(105348k free), swap 2097148k(100k free)

vm_info: OpenJDK 64-Bit Server VM (25.152-b01) for linux-amd64 JRE (1.8.0_152-release-915-b01), built by "builder" with gcc 4.8.4

time: Sun Dec 31 12:01:48 2017
elapsed time: 29 seconds (0d 0h 0m 29s)

